making SPIN_py
cd SPIN_py && \
env > /tmp/fa1 && \
make \
	xVPATH1=/home/gps/2000/src/SPIN_py/SPIN_py \
	OPT_DEBUG='-g' OPT_OPTIM='' OPT_CSET='-DSP_MULTI_BYTE ' OPT_PIC='-fPIC' OPT_LIBNAME='osp' OPT_LIB_EXT='so' OPT_THREADS='-DSP_MUTEX_PTHREADS ' src_sp='' src_spin='/home/gps/2000/src/SPIN_py' dir_SP_lib='/home/gps/2000/src/SPIN_py/SP_lib' LINKDIRS='-L/home/gps/2000/src/SPIN_py/SP_lib' PYTHON_INCLUDE='-I/tools/2005/py/include/python2.4' \
	-f /home/gps/2000/src/SPIN_py/SPIN_py/Makefile.app \
	-f /home/gps/2000/src/SPIN_py/SPIN_Makefiles/MK_SPIN_site \
	-f /home/gps/2000/src/SPIN_py/SPIN_Makefiles/MK_SPIN_prog \
	-f /home/gps/2000/src/SPIN_py/SPIN_Makefiles/MK_SPIN_compile \
	all
make[1]: Entering directory '/home/gps/YEAR/src/GITS/YEAR_src_PLAY/SCRATCH_ZONE_20/in_Py2_OLD/SPIN_py/SPIN_build_16_so_/SPIN_py'
make[1]: /home/gps/2000/src/SPIN_py/SPIN_py/Makefile.app: No such file or directory
make[1]: /home/gps/2000/src/SPIN_py/SPIN_Makefiles/MK_SPIN_site: No such file or directory
make[1]: /home/gps/2000/src/SPIN_py/SPIN_Makefiles/MK_SPIN_prog: No such file or directory
make[1]: /home/gps/2000/src/SPIN_py/SPIN_Makefiles/MK_SPIN_compile: No such file or directory
make[1]: *** No rule to make target '/home/gps/2000/src/SPIN_py/SPIN_Makefiles/MK_SPIN_compile'. Stop.
make[1]: Leaving directory '/home/gps/YEAR/src/GITS/YEAR_src_PLAY/SCRATCH_ZONE_20/in_Py2_OLD/SPIN_py/SPIN_build_16_so_/SPIN_py'
make: *** [../SPIN_Makefiles/MK_SPIN_top_2:168: SPIN_py] Error 2
making libs
[ -d ../SP_lib/. ] || mkdir ../SP_lib
cd lib && \
make \
	VPATH=/home/gps/YEAR/src_build/SP/OpenSP-1.5.1_gps_build/lib \
	srcdir='/home/gps/YEAR/src_build/SP/OpenSP-1.5.1_gps_build/libs' \
	OPT_DEBUG='-g' OPT_OPTIM='' OPT_CSET='-DSP_MULTI_BYTE ' OPT_PIC='-fPIC' OPT_LIBNAME='osp' OPT_LIB_EXT='so' OPT_THREADS='-DSP_MUTEX_PTHREADS ' src_sp='/home/gps/YEAR/src_build/SP/OpenSP-1.5.1_gps_build' src_spin='/home/gps/YEAR/src/GITS/YEAR_src_PLAY/SCRATCH_ZONE_20/in_Py2_OLD/SPIN_py' dir_SP_lib='/home/gps/YEAR/src/GITS/YEAR_src_PLAY/SCRATCH_ZONE_20/in_Py2_OLD/SPIN_py/SP_lib' LINKDIRS='-L/home/gps/YEAR/src/GITS/YEAR_src_PLAY/SCRATCH_ZONE_20/in_Py2_OLD/SPIN_py/SP_lib' PYTHON_INCLUDE='-I/tools/2005/py/include/python2.4' \
	-f /home/gps/YEAR/src/GITS/YEAR_src_PLAY/SCRATCH_ZONE_20/in_Py2_OLD/SPIN_py/SPIN_Makefiles/MK_SPIN_site \
	-f /home/gps/YEAR/src/GITS/YEAR_src_PLAY/SCRATCH_ZONE_20/in_Py2_OLD/SPIN_py/SPIN_Makefiles/MK_SPIN_lib \
	-f /home/gps/YEAR/src/GITS/YEAR_src_PLAY/SCRATCH_ZONE_20/in_Py2_OLD/SPIN_py/SPIN_Makefiles/MK_SPIN_compile \
	/home/gps/YEAR/src/GITS/YEAR_src_PLAY/SCRATCH_ZONE_20/in_Py2_OLD/SPIN_py/SP_lib/libosp.so
make[1]: Entering directory '/home/gps/YEAR/src/GITS/YEAR_src_PLAY/SCRATCH_ZONE_20/in_Py2_OLD/SPIN_py/SPIN_build_16_so_/lib'
g++ -shared -o /home/gps/YEAR/src/GITS/YEAR_src_PLAY/SCRATCH_ZONE_20/in_Py2_OLD/SPIN_py/SP_lib/libosp.so 
g++: fatal error: no input files
compilation terminated.
make[1]: *** [/home/gps/YEAR/src/GITS/YEAR_src_PLAY/SCRATCH_ZONE_20/in_Py2_OLD/SPIN_py/SPIN_Makefiles/MK_SPIN_lib:22: /home/gps/YEAR/src/GITS/YEAR_src_PLAY/SCRATCH_ZONE_20/in_Py2_OLD/SPIN_py/SP_lib/libosp.so] Error 1
make[1]: Leaving directory '/home/gps/YEAR/src/GITS/YEAR_src_PLAY/SCRATCH_ZONE_20/in_Py2_OLD/SPIN_py/SPIN_build_16_so_/lib'
make: *** [../SPIN_Makefiles/MK_SPIN_top_2:130: libs] Error 2
making SPIN_py
cd SPIN_py && \
env > /tmp/fa1 && \
make \
	xVPATH1=/home/gps/YEAR/src/GITS/YEAR_src_PLAY/SCRATCH_ZONE_20/in_Py2_OLD/SPIN_py/SPIN_py \
	OPT_DEBUG='-g' OPT_OPTIM='' OPT_CSET='-DSP_MULTI_BYTE ' OPT_PIC='-fPIC' OPT_LIBNAME='osp' OPT_LIB_EXT='so' OPT_THREADS='-DSP_MUTEX_PTHREADS ' src_sp='/home/gps/YEAR/src_build/SP/OpenSP-1.5.1_gps_build' src_spin='/home/gps/YEAR/src/GITS/YEAR_src_PLAY/SCRATCH_ZONE_20/in_Py2_OLD/SPIN_py' dir_SP_lib='/home/gps/YEAR/src/GITS/YEAR_src_PLAY/SCRATCH_ZONE_20/in_Py2_OLD/SPIN_py/SP_lib' LINKDIRS='-L/home/gps/YEAR/src/GITS/YEAR_src_PLAY/SCRATCH_ZONE_20/in_Py2_OLD/SPIN_py/SP_lib' PYTHON_INCLUDE='-I/tools/2005/py/include/python2.4' \
	-f /home/gps/YEAR/src/GITS/YEAR_src_PLAY/SCRATCH_ZONE_20/in_Py2_OLD/SPIN_py/SPIN_py/Makefile.app \
	-f /home/gps/YEAR/src/GITS/YEAR_src_PLAY/SCRATCH_ZONE_20/in_Py2_OLD/SPIN_py/SPIN_Makefiles/MK_SPIN_site \
	-f /home/gps/YEAR/src/GITS/YEAR_src_PLAY/SCRATCH_ZONE_20/in_Py2_OLD/SPIN_py/SPIN_Makefiles/MK_SPIN_prog \
	-f /home/gps/YEAR/src/GITS/YEAR_src_PLAY/SCRATCH_ZONE_20/in_Py2_OLD/SPIN_py/SPIN_Makefiles/MK_SPIN_compile \
	all
make[1]: Entering directory '/home/gps/YEAR/src/GITS/YEAR_src_PLAY/SCRATCH_ZONE_20/in_Py2_OLD/SPIN_py/SPIN_build_16_so_/SPIN_py'
cd /home/gps/YEAR/src/GITS/YEAR_src_PLAY/SCRATCH_ZONE_20/in_Py2_OLD/SPIN_py/SPIN_py/SP_App && make -f Makefile_src
make[2]: Entering directory '/home/gps/YEAR/src/GITS/YEAR_src_PLAY/SCRATCH_ZONE_20/in_Py2_OLD/SPIN_py/SPIN_py/SP_App'
make[2]: 'SP_App.cxx' is up to date.
make[2]: Leaving directory '/home/gps/YEAR/src/GITS/YEAR_src_PLAY/SCRATCH_ZONE_20/in_Py2_OLD/SPIN_py/SPIN_py/SP_App'
c++ -fno-implicit-templates -ansi -g -fPIC  -DSP_MULTI_BYTE  -DSP_MUTEX_PTHREADS  -DSP_HAVE_BOOL  -DSP_ANSI_CLASS_INST  -I/tools/2005/py/include/python2.4 -I/home/gps/G/prefix/SP/include/OpenSP -I.   -c /home/gps/YEAR/src/GITS/YEAR_src_PLAY/SCRATCH_ZONE_20/in_Py2_OLD/SPIN_py/SPIN_py/spin_misc/spin_py_mod.cxx
In file included from /home/gps/YEAR/src/GITS/YEAR_src_PLAY/SCRATCH_ZONE_20/in_Py2_OLD/SPIN_py/SPIN_py/SP_App/SP_App.h:11,
                 from /home/gps/YEAR/src/GITS/YEAR_src_PLAY/SCRATCH_ZONE_20/in_Py2_OLD/SPIN_py/SPIN_py/spin_misc/spin_py_mod.cxx:7:
/home/gps/YEAR/src/GITS/YEAR_src_PLAY/SCRATCH_ZONE_20/in_Py2_OLD/SPIN_py/SPIN_py/app_types.h:4:10: fatal error: Python.h: No such file or directory
    4 | #include "Python.h"
      |          ^~~~~~~~~~
compilation terminated.
make[1]: *** [/home/gps/YEAR/src/GITS/YEAR_src_PLAY/SCRATCH_ZONE_20/in_Py2_OLD/SPIN_py/SPIN_Makefiles/MK_SPIN_compile:60: spin_py_mod.o] Error 1
make[1]: Leaving directory '/home/gps/YEAR/src/GITS/YEAR_src_PLAY/SCRATCH_ZONE_20/in_Py2_OLD/SPIN_py/SPIN_build_16_so_/SPIN_py'
make: *** [../SPIN_Makefiles/MK_SPIN_top_2:170: SPIN_py] Error 2
../SPIN_Makefiles/MK_SPIN_site:24: *** missing separator. Stop.
making SPIN_py
cd SPIN_py && \
env > /tmp/fa1 && \
make \
	xVPATH1=/home/gps/YEAR/src/GITS/YEAR_src_PLAY/SCRATCH_ZONE_20/in_Py2_OLD/SPIN_py/SPIN_py \
	OPT_DEBUG='-g' OPT_OPTIM='' OPT_CSET='-DSP_MULTI_BYTE ' OPT_PIC='-fPIC' OPT_LIBNAME='osp' OPT_LIB_EXT='so' OPT_THREADS='-DSP_MUTEX_PTHREADS ' src_sp='/home/gps/YEAR/src_build/SP/OpenSP-1.5.1_gps_build' src_spin='/home/gps/YEAR/src/GITS/YEAR_src_PLAY/SCRATCH_ZONE_20/in_Py2_OLD/SPIN_py' dir_SP_lib='/home/gps/YEAR/src/GITS/YEAR_src_PLAY/SCRATCH_ZONE_20/in_Py2_OLD/SPIN_py/SP_lib' LINKDIRS='-L/home/gps/YEAR/src/GITS/YEAR_src_PLAY/SCRATCH_ZONE_20/in_Py2_OLD/SPIN_py/SP_lib' PYTHON_INCLUDE='-I/tools/x86_64/py/include/python3.11' \
	-f /home/gps/YEAR/src/GITS/YEAR_src_PLAY/SCRATCH_ZONE_20/in_Py2_OLD/SPIN_py/SPIN_py/Makefile.app \
	-f /home/gps/YEAR/src/GITS/YEAR_src_PLAY/SCRATCH_ZONE_20/in_Py2_OLD/SPIN_py/SPIN_Makefiles/MK_SPIN_site \
	-f /home/gps/YEAR/src/GITS/YEAR_src_PLAY/SCRATCH_ZONE_20/in_Py2_OLD/SPIN_py/SPIN_Makefiles/MK_SPIN_prog \
	-f /home/gps/YEAR/src/GITS/YEAR_src_PLAY/SCRATCH_ZONE_20/in_Py2_OLD/SPIN_py/SPIN_Makefiles/MK_SPIN_compile \
	all
make[1]: Entering directory '/home/gps/YEAR/src/GITS/YEAR_src_PLAY/SCRATCH_ZONE_20/in_Py2_OLD/SPIN_py/SPIN_build_16_so_/SPIN_py'
cd /home/gps/YEAR/src/GITS/YEAR_src_PLAY/SCRATCH_ZONE_20/in_Py2_OLD/SPIN_py/SPIN_py/SP_App && make -f Makefile_src
make[2]: Entering directory '/home/gps/YEAR/src/GITS/YEAR_src_PLAY/SCRATCH_ZONE_20/in_Py2_OLD/SPIN_py/SPIN_py/SP_App'
make[2]: 'SP_App.cxx' is up to date.
make[2]: Leaving directory '/home/gps/YEAR/src/GITS/YEAR_src_PLAY/SCRATCH_ZONE_20/in_Py2_OLD/SPIN_py/SPIN_py/SP_App'
c++ -fno-implicit-templates -ansi -g -fPIC  -DSP_MULTI_BYTE  -DSP_MUTEX_PTHREADS  -DSP_HAVE_BOOL  -DSP_ANSI_CLASS_INST  -I/tools/x86_64/py/include/python3.11 -I/home/gps/G/prefix/SP/include/OpenSP -I.   -c /home/gps/YEAR/src/GITS/YEAR_src_PLAY/SCRATCH_ZONE_20/in_Py2_OLD/SPIN_py/SPIN_py/spin_misc/spin_py_mod.cxx
In file included from /home/gps/YEAR/src/GITS/YEAR_src_PLAY/SCRATCH_ZONE_20/in_Py2_OLD/SPIN_py/SPIN_py/Py_Wrap/PY_Object_base.h:4,
                 from /home/gps/YEAR/src/GITS/YEAR_src_PLAY/SCRATCH_ZONE_20/in_Py2_OLD/SPIN_py/SPIN_py/elem_info/elem_info.h:8,
                 from /home/gps/YEAR/src/GITS/YEAR_src_PLAY/SCRATCH_ZONE_20/in_Py2_OLD/SPIN_py/SPIN_py/app_link/app_link.h:7,
                 from /home/gps/YEAR/src/GITS/YEAR_src_PLAY/SCRATCH_ZONE_20/in_Py2_OLD/SPIN_py/SPIN_py/SP_App/SP_App.h:12,
                 from /home/gps/YEAR/src/GITS/YEAR_src_PLAY/SCRATCH_ZONE_20/in_Py2_OLD/SPIN_py/SPIN_py/spin_misc/spin_py_mod.cxx:7:
/home/gps/YEAR/src/GITS/YEAR_src_PLAY/SCRATCH_ZONE_20/in_Py2_OLD/SPIN_py/SPIN_py/Py_Wrap/PY_Object_plain.h: In member function ‘const char* PY_Object_plain::type_name() const’:
/home/gps/YEAR/src/GITS/YEAR_src_PLAY/SCRATCH_ZONE_20/in_Py2_OLD/SPIN_py/SPIN_py/Py_Wrap/PY_Object_plain.h:85:24: error: ‘ob_type’ was not declared in this scope
   85 |                 return ob_type->tp_name;
      |                        ^~~~~~~
/home/gps/YEAR/src/GITS/YEAR_src_PLAY/SCRATCH_ZONE_20/in_Py2_OLD/SPIN_py/SPIN_py/Py_Wrap/PY_Object_plain.h: In member function ‘bool PY_Object_plain::Is_Type(PyTypeObject*)’:
/home/gps/YEAR/src/GITS/YEAR_src_PLAY/SCRATCH_ZONE_20/in_Py2_OLD/SPIN_py/SPIN_py/Py_Wrap/PY_Object_plain.h:125:36: error: ‘ob_type’ was not declared in this scope
  125 |                 return expected == ob_type;
      |                                    ^~~~~~~
In file included from /home/gps/YEAR/src/GITS/YEAR_src_PLAY/SCRATCH_ZONE_20/in_Py2_OLD/SPIN_py/SPIN_py/Py_Wrap/P_util.h:4,
                 from /home/gps/YEAR/src/GITS/YEAR_src_PLAY/SCRATCH_ZONE_20/in_Py2_OLD/SPIN_py/SPIN_py/Py_Wrap/PY_Object_base.h:6,
                 from /home/gps/YEAR/src/GITS/YEAR_src_PLAY/SCRATCH_ZONE_20/in_Py2_OLD/SPIN_py/SPIN_py/elem_info/elem_info.h:8,
                 from /home/gps/YEAR/src/GITS/YEAR_src_PLAY/SCRATCH_ZONE_20/in_Py2_OLD/SPIN_py/SPIN_py/app_link/app_link.h:7,
                 from /home/gps/YEAR/src/GITS/YEAR_src_PLAY/SCRATCH_ZONE_20/in_Py2_OLD/SPIN_py/SPIN_py/SP_App/SP_App.h:12,
                 from /home/gps/YEAR/src/GITS/YEAR_src_PLAY/SCRATCH_ZONE_20/in_Py2_OLD/SPIN_py/SPIN_py/spin_misc/spin_py_mod.cxx:7:
/home/gps/YEAR/src/GITS/YEAR_src_PLAY/SCRATCH_ZONE_20/in_Py2_OLD/SPIN_py/SPIN_py/Py_Wrap/P_ref_base.h: In member function ‘int P_ref_base_no_ref::ref_count() const’:
/home/gps/YEAR/src/GITS/YEAR_src_PLAY/SCRATCH_ZONE_20/in_Py2_OLD/SPIN_py/SPIN_py/Py_Wrap/P_ref_base.h:66:29: error: ‘struct PY_Object_plain’ has no member named ‘ob_refcnt’
   66 |                 return ref->ob_refcnt;
      |                             ^~~~~~~~~
/home/gps/YEAR/src/GITS/YEAR_src_PLAY/SCRATCH_ZONE_20/in_Py2_OLD/SPIN_py/SPIN_py/Py_Wrap/P_ref_base.h: In member function ‘bool P_ref_base_no_ref::is_SUBTYPE(PyTypeObject*) const’:
/home/gps/YEAR/src/GITS/YEAR_src_PLAY/SCRATCH_ZONE_20/in_Py2_OLD/SPIN_py/SPIN_py/Py_Wrap/P_ref_base.h:89:27: error: ‘struct PY_Object_plain’ has no member named ‘ob_type’
   89 |                 if(  ref->ob_type == expected ) return true;
      |                           ^~~~~~~
/home/gps/YEAR/src/GITS/YEAR_src_PLAY/SCRATCH_ZONE_20/in_Py2_OLD/SPIN_py/SPIN_py/Py_Wrap/P_ref_base.h: In member function ‘bool P_ref_base_no_ref::is_SUBTYPE_fn(PyTypeObject*) const’:
/home/gps/YEAR/src/GITS/YEAR_src_PLAY/SCRATCH_ZONE_20/in_Py2_OLD/SPIN_py/SPIN_py/Py_Wrap/P_ref_base.h:97:27: error: ‘struct PY_Object_plain’ has no member named ‘ob_type’
   97 |                 if(  ref->ob_type == expected ) return true;
      |                           ^~~~~~~
/home/gps/YEAR/src/GITS/YEAR_src_PLAY/SCRATCH_ZONE_20/in_Py2_OLD/SPIN_py/SPIN_py/Py_Wrap/P_ref_base.h:98:47: error: ‘struct PY_Object_plain’ has no member named ‘ob_type’
   98 |                 return PyType_IsSubtype( ref->ob_type, expected );
      |                                               ^~~~~~~
/home/gps/YEAR/src/GITS/YEAR_src_PLAY/SCRATCH_ZONE_20/in_Py2_OLD/SPIN_py/SPIN_py/Py_Wrap/P_ref_base.h: In member function ‘bool P_ref_base_no_ref::is_TYPE(PyTypeObject*) const’:
/home/gps/YEAR/src/GITS/YEAR_src_PLAY/SCRATCH_ZONE_20/in_Py2_OLD/SPIN_py/SPIN_py/Py_Wrap/P_ref_base.h:105:29: error: ‘struct PY_Object_plain’ has no member named ‘ob_type’
  105 |                 return ref->ob_type == expected ;
      |                             ^~~~~~~
/home/gps/YEAR/src/GITS/YEAR_src_PLAY/SCRATCH_ZONE_20/in_Py2_OLD/SPIN_py/SPIN_py/Py_Wrap/P_ref_base.h: In member function ‘bool P_ref_base_no_ref::is_Buffer()’:
/home/gps/YEAR/src/GITS/YEAR_src_PLAY/SCRATCH_ZONE_20/in_Py2_OLD/SPIN_py/SPIN_py/Py_Wrap/P_ref_base.h:116:45: error: ‘PyBuffer_Type’ was not declared in this scope; did you mean ‘PySuper_Type’?
  116 |         bool is_Buffer()        { is_TYPE( &PyBuffer_Type       ); }
      |                                             ^~~~~~~~~~~~~
      |                                             PySuper_Type
/home/gps/YEAR/src/GITS/YEAR_src_PLAY/SCRATCH_ZONE_20/in_Py2_OLD/SPIN_py/SPIN_py/Py_Wrap/P_ref_base.h: In member function ‘bool P_ref_base_no_ref::is_CObject()’:
/home/gps/YEAR/src/GITS/YEAR_src_PLAY/SCRATCH_ZONE_20/in_Py2_OLD/SPIN_py/SPIN_py/Py_Wrap/P_ref_base.h:118:45: error: ‘PyCObject_Type’ was not declared in this scope; did you mean ‘PyObject_Type’?
  118 |         bool is_CObject()       { is_TYPE( &PyCObject_Type      ); }
      |                                             ^~~~~~~~~~~~~~
      |                                             PyObject_Type
/home/gps/YEAR/src/GITS/YEAR_src_PLAY/SCRATCH_ZONE_20/in_Py2_OLD/SPIN_py/SPIN_py/Py_Wrap/P_ref_base.h: In member function ‘bool P_ref_base_no_ref::is_Class()’:
/home/gps/YEAR/src/GITS/YEAR_src_PLAY/SCRATCH_ZONE_20/in_Py2_OLD/SPIN_py/SPIN_py/Py_Wrap/P_ref_base.h:121:45: error: ‘PyClass_Type’ was not declared in this scope; did you mean ‘PyList_Type’?
  121 |         bool is_Class()         { is_TYPE( &PyClass_Type        ); }
      |                                             ^~~~~~~~~~~~
      |                                             PyList_Type
/home/gps/YEAR/src/GITS/YEAR_src_PLAY/SCRATCH_ZONE_20/in_Py2_OLD/SPIN_py/SPIN_py/Py_Wrap/P_ref_base.h: In member function ‘bool P_ref_base_no_ref::is_File()’:
/home/gps/YEAR/src/GITS/YEAR_src_PLAY/SCRATCH_ZONE_20/in_Py2_OLD/SPIN_py/SPIN_py/Py_Wrap/P_ref_base.h:124:45: error: ‘PyFile_Type’ was not declared in this scope; did you mean ‘PyFilter_Type’?
  124 |         bool is_File()          { is_TYPE( &PyFile_Type         ); }
      |                                             ^~~~~~~~~~~
      |                                             PyFilter_Type
/home/gps/YEAR/src/GITS/YEAR_src_PLAY/SCRATCH_ZONE_20/in_Py2_OLD/SPIN_py/SPIN_py/Py_Wrap/P_ref_base.h: In member function ‘bool P_ref_base_no_ref::is_Int()’:
/home/gps/YEAR/src/GITS/YEAR_src_PLAY/SCRATCH_ZONE_20/in_Py2_OLD/SPIN_py/SPIN_py/Py_Wrap/P_ref_base.h:127:45: error: ‘PyInt_Type’ was not declared in this scope; did you mean ‘PySet_Type’?
  127 |         bool is_Int()           { is_TYPE( &PyInt_Type          ); }
      |                                             ^~~~~~~~~~
      |                                             PySet_Type
/home/gps/YEAR/src/GITS/YEAR_src_PLAY/SCRATCH_ZONE_20/in_Py2_OLD/SPIN_py/SPIN_py/Py_Wrap/P_ref_base.h: In member function ‘bool P_ref_base_no_ref::is_String()’:
/home/gps/YEAR/src/GITS/YEAR_src_PLAY/SCRATCH_ZONE_20/in_Py2_OLD/SPIN_py/SPIN_py/Py_Wrap/P_ref_base.h:134:45: error: ‘PyString_Type’ was not declared in this scope; did you mean ‘PySlice_Type’?
  134 |         bool is_String()        { is_TYPE( &PyString_Type       ); }
      |                                             ^~~~~~~~~~~~~
      |                                             PySlice_Type
In file included from /home/gps/YEAR/src/GITS/YEAR_src_PLAY/SCRATCH_ZONE_20/in_Py2_OLD/SPIN_py/SPIN_py/Py_Wrap/P_util.h:6,
                 from /home/gps/YEAR/src/GITS/YEAR_src_PLAY/SCRATCH_ZONE_20/in_Py2_OLD/SPIN_py/SPIN_py/Py_Wrap/PY_Object_base.h:6,
                 from /home/gps/YEAR/src/GITS/YEAR_src_PLAY/SCRATCH_ZONE_20/in_Py2_OLD/SPIN_py/SPIN_py/elem_info/elem_info.h:8,
                 from /home/gps/YEAR/src/GITS/YEAR_src_PLAY/SCRATCH_ZONE_20/in_Py2_OLD/SPIN_py/SPIN_py/app_link/app_link.h:7,
                 from /home/gps/YEAR/src/GITS/YEAR_src_PLAY/SCRATCH_ZONE_20/in_Py2_OLD/SPIN_py/SPIN_py/SP_App/SP_App.h:12,
                 from /home/gps/YEAR/src/GITS/YEAR_src_PLAY/SCRATCH_ZONE_20/in_Py2_OLD/SPIN_py/SPIN_py/spin_misc/spin_py_mod.cxx:7:
/home/gps/YEAR/src/GITS/YEAR_src_PLAY/SCRATCH_ZONE_20/in_Py2_OLD/SPIN_py/SPIN_py/Py_Wrap/PY_Static.h: In static member function ‘static bool PY_Static::IS_String(PyObject*)’:
/home/gps/YEAR/src/GITS/YEAR_src_PLAY/SCRATCH_ZONE_20/in_Py2_OLD/SPIN_py/SPIN_py/Py_Wrap/PY_Static.h:37:31: error: ‘PyString_Check’ was not declared in this scope; did you mean ‘PyMapping_Check’?
   37 |                 return obj && PyString_Check( obj );
      |                               ^~~~~~~~~~~~~~
      |                               PyMapping_Check
/home/gps/YEAR/src/GITS/YEAR_src_PLAY/SCRATCH_ZONE_20/in_Py2_OLD/SPIN_py/SPIN_py/Py_Wrap/PY_Static.h: In static member function ‘static bool PY_Static::IS_Int(PyObject*)’:
/home/gps/YEAR/src/GITS/YEAR_src_PLAY/SCRATCH_ZONE_20/in_Py2_OLD/SPIN_py/SPIN_py/Py_Wrap/PY_Static.h:42:31: error: ‘PyInt_Check’ was not declared in this scope; did you mean ‘PySet_Check’?
   42 |                 return obj && PyInt_Check( obj );
      |                               ^~~~~~~~~~~
      |                               PySet_Check
/home/gps/YEAR/src/GITS/YEAR_src_PLAY/SCRATCH_ZONE_20/in_Py2_OLD/SPIN_py/SPIN_py/Py_Wrap/PY_Static.h: In static member function ‘static bool PY_Static::IS_Instance(PyObject*)’:
/home/gps/YEAR/src/GITS/YEAR_src_PLAY/SCRATCH_ZONE_20/in_Py2_OLD/SPIN_py/SPIN_py/Py_Wrap/PY_Static.h:62:31: error: ‘PyInstance_Check’ was not declared in this scope; did you mean ‘PyGILState_Check’?
   62 |                 return obj && PyInstance_Check( obj );
      |                               ^~~~~~~~~~~~~~~~
      |                               PyGILState_Check
/home/gps/YEAR/src/GITS/YEAR_src_PLAY/SCRATCH_ZONE_20/in_Py2_OLD/SPIN_py/SPIN_py/Py_Wrap/PY_Static.h: In static member function ‘static bool PY_Static::Expect_String(PyObject*)’:
/home/gps/YEAR/src/GITS/YEAR_src_PLAY/SCRATCH_ZONE_20/in_Py2_OLD/SPIN_py/SPIN_py/Py_Wrap/PY_Static.h:83:44: error: ‘PyString_Type’ was not declared in this scope; did you mean ‘PySlice_Type’?
   83 |                 return Expect_Type( obj, & PyString_Type );
      |                                            ^~~~~~~~~~~~~
      |                                            PySlice_Type
/home/gps/YEAR/src/GITS/YEAR_src_PLAY/SCRATCH_ZONE_20/in_Py2_OLD/SPIN_py/SPIN_py/Py_Wrap/PY_Static.h: In static member function ‘static bool PY_Static::Expect_Instance(PyObject*)’:
/home/gps/YEAR/src/GITS/YEAR_src_PLAY/SCRATCH_ZONE_20/in_Py2_OLD/SPIN_py/SPIN_py/Py_Wrap/PY_Static.h:103:44: error: ‘PyInstance_Type’ was not declared in this scope; did you mean ‘PyRange_Type’?
  103 |                 return Expect_Type( obj, & PyInstance_Type );
      |                                            ^~~~~~~~~~~~~~~
      |                                            PyRange_Type
In file included from /home/gps/YEAR/src/GITS/YEAR_src_PLAY/SCRATCH_ZONE_20/in_Py2_OLD/SPIN_py/SPIN_py/Py_Wrap/PY_Object_base.h:7,
                 from /home/gps/YEAR/src/GITS/YEAR_src_PLAY/SCRATCH_ZONE_20/in_Py2_OLD/SPIN_py/SPIN_py/elem_info/elem_info.h:8,
                 from /home/gps/YEAR/src/GITS/YEAR_src_PLAY/SCRATCH_ZONE_20/in_Py2_OLD/SPIN_py/SPIN_py/app_link/app_link.h:7,
                 from /home/gps/YEAR/src/GITS/YEAR_src_PLAY/SCRATCH_ZONE_20/in_Py2_OLD/SPIN_py/SPIN_py/SP_App/SP_App.h:12,
                 from /home/gps/YEAR/src/GITS/YEAR_src_PLAY/SCRATCH_ZONE_20/in_Py2_OLD/SPIN_py/SPIN_py/spin_misc/spin_py_mod.cxx:7:
/home/gps/YEAR/src/GITS/YEAR_src_PLAY/SCRATCH_ZONE_20/in_Py2_OLD/SPIN_py/SPIN_py/Py_Wrap/P_ref.h: At global scope:
/home/gps/YEAR/src/GITS/YEAR_src_PLAY/SCRATCH_ZONE_20/in_Py2_OLD/SPIN_py/SPIN_py/Py_Wrap/P_ref.h:9:28: error: ‘PyIntObject’ was not declared in this scope; did you mean ‘PySetObject’?
    9 | class P_Int : public P_ref<PyIntObject>
      |                            ^~~~~~~~~~~
      |                            PySetObject
/home/gps/YEAR/src/GITS/YEAR_src_PLAY/SCRATCH_ZONE_20/in_Py2_OLD/SPIN_py/SPIN_py/Py_Wrap/P_ref.h:9:39: error: template argument 1 is invalid
    9 | class P_Int : public P_ref<PyIntObject>
      |                                       ^
/home/gps/YEAR/src/GITS/YEAR_src_PLAY/SCRATCH_ZONE_20/in_Py2_OLD/SPIN_py/SPIN_py/Py_Wrap/P_ref.h:16:27: error: expected ‘)’ before ‘*’ token
   16 |         P_Int( PyIntObject * p )
      |              ~            ^~
      |                           )
/home/gps/YEAR/src/GITS/YEAR_src_PLAY/SCRATCH_ZONE_20/in_Py2_OLD/SPIN_py/SPIN_py/Py_Wrap/P_ref.h: In constructor ‘P_Int::P_Int(PyObject*)’:
/home/gps/YEAR/src/GITS/YEAR_src_PLAY/SCRATCH_ZONE_20/in_Py2_OLD/SPIN_py/SPIN_py/Py_Wrap/P_ref.h:22:21: error: ‘PyInt_Check’ was not declared in this scope; did you mean ‘PySet_Check’?
   22 |                 if( PyInt_Check( p ))
      |                     ^~~~~~~~~~~
      |                     PySet_Check
/home/gps/YEAR/src/GITS/YEAR_src_PLAY/SCRATCH_ZONE_20/in_Py2_OLD/SPIN_py/SPIN_py/Py_Wrap/P_ref.h:23:25: error: ‘set_ptr_ok_claim’ was not declared in this scope
   23 |                         set_ptr_ok_claim(p);
      |                         ^~~~~~~~~~~~~~~~
/home/gps/YEAR/src/GITS/YEAR_src_PLAY/SCRATCH_ZONE_20/in_Py2_OLD/SPIN_py/SPIN_py/Py_Wrap/P_ref.h: In member function ‘int P_Int::get_int() const’:
/home/gps/YEAR/src/GITS/YEAR_src_PLAY/SCRATCH_ZONE_20/in_Py2_OLD/SPIN_py/SPIN_py/Py_Wrap/P_ref.h:31:20: error: ‘is_null_error’ was not declared in this scope
   31 |                 if(is_null_error()) return 0;
      |                    ^~~~~~~~~~~~~
/home/gps/YEAR/src/GITS/YEAR_src_PLAY/SCRATCH_ZONE_20/in_Py2_OLD/SPIN_py/SPIN_py/Py_Wrap/P_ref.h:32:24: error: ‘ptr’ was not declared in this scope
   32 |                 return ptr()->ob_ival;
      |                        ^~~
/home/gps/YEAR/src/GITS/YEAR_src_PLAY/SCRATCH_ZONE_20/in_Py2_OLD/SPIN_py/SPIN_py/Py_Wrap/P_ref.h: In member function ‘void P_Int::set_int(int)’:
/home/gps/YEAR/src/GITS/YEAR_src_PLAY/SCRATCH_ZONE_20/in_Py2_OLD/SPIN_py/SPIN_py/Py_Wrap/P_ref.h:36:20: error: ‘is_null’ was not declared in this scope
   36 |                 if(is_null() || is_shared())
      |                    ^~~~~~~
/home/gps/YEAR/src/GITS/YEAR_src_PLAY/SCRATCH_ZONE_20/in_Py2_OLD/SPIN_py/SPIN_py/Py_Wrap/P_ref.h:36:33: error: ‘is_shared’ was not declared in this scope
   36 |                 if(is_null() || is_shared())
      |                                 ^~~~~~~~~
/home/gps/YEAR/src/GITS/YEAR_src_PLAY/SCRATCH_ZONE_20/in_Py2_OLD/SPIN_py/SPIN_py/Py_Wrap/P_ref.h:37:42: error: ‘PyIntObject’ was not declared in this scope; did you mean ‘PySetObject’?
   37 |                         set_ptr_snatch( (PyIntObject *) PyInt_FromLong( ival ));
      |                                          ^~~~~~~~~~~
      |                                          PySetObject
/home/gps/YEAR/src/GITS/YEAR_src_PLAY/SCRATCH_ZONE_20/in_Py2_OLD/SPIN_py/SPIN_py/Py_Wrap/P_ref.h:37:55: error: expected primary-expression before ‘)’ token
   37 |                         set_ptr_snatch( (PyIntObject *) PyInt_FromLong( ival ));
      |                                                       ^
/home/gps/YEAR/src/GITS/YEAR_src_PLAY/SCRATCH_ZONE_20/in_Py2_OLD/SPIN_py/SPIN_py/Py_Wrap/P_ref.h:37:25: error: ‘set_ptr_snatch’ was not declared in this scope
   37 |                         set_ptr_snatch( (PyIntObject *) PyInt_FromLong( ival ));
      |                         ^~~~~~~~~~~~~~
/home/gps/YEAR/src/GITS/YEAR_src_PLAY/SCRATCH_ZONE_20/in_Py2_OLD/SPIN_py/SPIN_py/Py_Wrap/P_ref.h:39:25: error: ‘ptr’ was not declared in this scope
   39 |                         ptr()->ob_ival = ival;
      |                         ^~~
/home/gps/YEAR/src/GITS/YEAR_src_PLAY/SCRATCH_ZONE_20/in_Py2_OLD/SPIN_py/SPIN_py/Py_Wrap/P_ref.h: At global scope:
/home/gps/YEAR/src/GITS/YEAR_src_PLAY/SCRATCH_ZONE_20/in_Py2_OLD/SPIN_py/SPIN_py/Py_Wrap/P_ref.h:283:31: error: ‘PyStringObject’ was not declared in this scope; did you mean ‘PySliceObject’?
  283 | class P_String : public P_ref<PyStringObject>
      |                               ^~~~~~~~~~~~~~
      |                               PySliceObject
/home/gps/YEAR/src/GITS/YEAR_src_PLAY/SCRATCH_ZONE_20/in_Py2_OLD/SPIN_py/SPIN_py/Py_Wrap/P_ref.h:283:45: error: template argument 1 is invalid
  283 | class P_String : public P_ref<PyStringObject>
      |                                             ^
/home/gps/YEAR/src/GITS/YEAR_src_PLAY/SCRATCH_ZONE_20/in_Py2_OLD/SPIN_py/SPIN_py/Py_Wrap/P_ref.h: In constructor ‘P_String::P_String()’:
/home/gps/YEAR/src/GITS/YEAR_src_PLAY/SCRATCH_ZONE_20/in_Py2_OLD/SPIN_py/SPIN_py/Py_Wrap/P_ref.h:288:17: error: ‘ref’ was not declared in this scope; did you mean ‘erf’?
  288 |                 ref = NULL;
      |                 ^~~
      |                 erf
/home/gps/YEAR/src/GITS/YEAR_src_PLAY/SCRATCH_ZONE_20/in_Py2_OLD/SPIN_py/SPIN_py/Py_Wrap/P_ref.h: In constructor ‘P_String::P_String(const char*)’:
/home/gps/YEAR/src/GITS/YEAR_src_PLAY/SCRATCH_ZONE_20/in_Py2_OLD/SPIN_py/SPIN_py/Py_Wrap/P_ref.h:292:17: error: ‘ref’ was not declared in this scope; did you mean ‘erf’?
  292 |                 ref = NULL;
      |                 ^~~
      |                 erf
/home/gps/YEAR/src/GITS/YEAR_src_PLAY/SCRATCH_ZONE_20/in_Py2_OLD/SPIN_py/SPIN_py/Py_Wrap/P_ref.h: In constructor ‘P_String::P_String(const PyObject*)’:
/home/gps/YEAR/src/GITS/YEAR_src_PLAY/SCRATCH_ZONE_20/in_Py2_OLD/SPIN_py/SPIN_py/Py_Wrap/P_ref.h:297:17: error: ‘ref’ was not declared in this scope; did you mean ‘erf’?
  297 |                 ref = NULL;
      |                 ^~~
      |                 erf
/home/gps/YEAR/src/GITS/YEAR_src_PLAY/SCRATCH_ZONE_20/in_Py2_OLD/SPIN_py/SPIN_py/Py_Wrap/P_ref.h: In member function ‘const char* P_String::get_str() const’:
/home/gps/YEAR/src/GITS/YEAR_src_PLAY/SCRATCH_ZONE_20/in_Py2_OLD/SPIN_py/SPIN_py/Py_Wrap/P_ref.h:309:21: error: ‘is_null’ was not declared in this scope
  309 |                 if( is_null() ) return "";
      |                     ^~~~~~~
/home/gps/YEAR/src/GITS/YEAR_src_PLAY/SCRATCH_ZONE_20/in_Py2_OLD/SPIN_py/SPIN_py/Py_Wrap/P_ref.h:310:43: error: ‘py_ptr’ was not declared in this scope
  310 |                 return PyString_AsString( py_ptr() );
      |                                           ^~~~~~
/home/gps/YEAR/src/GITS/YEAR_src_PLAY/SCRATCH_ZONE_20/in_Py2_OLD/SPIN_py/SPIN_py/Py_Wrap/P_ref.h:310:24: error: ‘PyString_AsString’ was not declared in this scope
  310 |                 return PyString_AsString( py_ptr() );
      |                        ^~~~~~~~~~~~~~~~~
/home/gps/YEAR/src/GITS/YEAR_src_PLAY/SCRATCH_ZONE_20/in_Py2_OLD/SPIN_py/SPIN_py/Py_Wrap/P_ref.h: In member function ‘bool P_String::set_str(const PyObject*)’:
/home/gps/YEAR/src/GITS/YEAR_src_PLAY/SCRATCH_ZONE_20/in_Py2_OLD/SPIN_py/SPIN_py/Py_Wrap/P_ref.h:316:25: error: ‘claim_this’ was not declared in this scope
  316 |                         claim_this( (PyObject *)str ); // COPY ??
      |                         ^~~~~~~~~~
/home/gps/YEAR/src/GITS/YEAR_src_PLAY/SCRATCH_ZONE_20/in_Py2_OLD/SPIN_py/SPIN_py/Py_Wrap/P_ref.h:319:21: error: ‘PyString_Check’ was not declared in this scope; did you mean ‘PyMapping_Check’?
  319 |                 if(!PyString_Check( str ))
      |                     ^~~~~~~~~~~~~~
      |                     PyMapping_Check
/home/gps/YEAR/src/GITS/YEAR_src_PLAY/SCRATCH_ZONE_20/in_Py2_OLD/SPIN_py/SPIN_py/Py_Wrap/P_ref.h:326:17: error: ‘claim_this’ was not declared in this scope
  326 |                 claim_this( (PyObject *)str ); // COPY ??
      |                 ^~~~~~~~~~
/home/gps/YEAR/src/GITS/YEAR_src_PLAY/SCRATCH_ZONE_20/in_Py2_OLD/SPIN_py/SPIN_py/Py_Wrap/P_ref.h:327:24: error: ‘ref’ was not declared in this scope; did you mean ‘erf’?
  327 |                 return ref;
      |                        ^~~
      |                        erf
/home/gps/YEAR/src/GITS/YEAR_src_PLAY/SCRATCH_ZONE_20/in_Py2_OLD/SPIN_py/SPIN_py/Py_Wrap/P_ref.h: In member function ‘bool P_String::set_str(const char*)’:
/home/gps/YEAR/src/GITS/YEAR_src_PLAY/SCRATCH_ZONE_20/in_Py2_OLD/SPIN_py/SPIN_py/Py_Wrap/P_ref.h:331:30: error: ‘PyString_FromString’ was not declared in this scope; did you mean ‘PyLong_FromString’?
  331 |                 snatch_this( PyString_FromString( str ) );
      |                              ^~~~~~~~~~~~~~~~~~~
      |                              PyLong_FromString
/home/gps/YEAR/src/GITS/YEAR_src_PLAY/SCRATCH_ZONE_20/in_Py2_OLD/SPIN_py/SPIN_py/Py_Wrap/P_ref.h:331:17: error: ‘snatch_this’ was not declared in this scope
  331 |                 snatch_this( PyString_FromString( str ) );
      |                 ^~~~~~~~~~~
/home/gps/YEAR/src/GITS/YEAR_src_PLAY/SCRATCH_ZONE_20/in_Py2_OLD/SPIN_py/SPIN_py/Py_Wrap/P_ref.h:332:24: error: ‘ref’ was not declared in this scope; did you mean ‘erf’?
  332 |                 return ref;
      |                        ^~~
      |                        erf
/home/gps/YEAR/src/GITS/YEAR_src_PLAY/SCRATCH_ZONE_20/in_Py2_OLD/SPIN_py/SPIN_py/Py_Wrap/P_ref.h: In member function ‘void P_String::set_null()’:
/home/gps/YEAR/src/GITS/YEAR_src_PLAY/SCRATCH_ZONE_20/in_Py2_OLD/SPIN_py/SPIN_py/Py_Wrap/P_ref.h:336:17: error: ‘set_ptr_ok_snatch’ was not declared in this scope
  336 |                 set_ptr_ok_snatch(NULL);
      |                 ^~~~~~~~~~~~~~~~~
In file included from /tools/x86_64/py/include/python3.11/Python.h:38,
                 from /home/gps/YEAR/src/GITS/YEAR_src_PLAY/SCRATCH_ZONE_20/in_Py2_OLD/SPIN_py/SPIN_py/app_types.h:4,
                 from /home/gps/YEAR/src/GITS/YEAR_src_PLAY/SCRATCH_ZONE_20/in_Py2_OLD/SPIN_py/SPIN_py/SP_App/SP_App.h:11,
                 from /home/gps/YEAR/src/GITS/YEAR_src_PLAY/SCRATCH_ZONE_20/in_Py2_OLD/SPIN_py/SPIN_py/spin_misc/spin_py_mod.cxx:7:
/home/gps/YEAR/src/GITS/YEAR_src_PLAY/SCRATCH_ZONE_20/in_Py2_OLD/SPIN_py/SPIN_py/spin_misc/spin_py_mod.cxx: In function ‘PyObject* SPIN_string_type(PyObject*, PyObject*)’:
/home/gps/YEAR/src/GITS/YEAR_src_PLAY/SCRATCH_ZONE_20/in_Py2_OLD/SPIN_py/SPIN_py/spin_misc/spin_py_mod.cxx:92:22: error: ‘PyString_Type’ was not declared in this scope; did you mean ‘PySlice_Type’?
   92 |         Py_INCREF( & PyString_Type) ;
      |                      ^~~~~~~~~~~~~
/home/gps/YEAR/src/GITS/YEAR_src_PLAY/SCRATCH_ZONE_20/in_Py2_OLD/SPIN_py/SPIN_py/spin_misc/spin_py_mod.cxx: In function ‘void initspin_py()’:
/home/gps/YEAR/src/GITS/YEAR_src_PLAY/SCRATCH_ZONE_20/in_Py2_OLD/SPIN_py/SPIN_py/spin_misc/spin_py_mod.cxx:183:24: error: ‘Py_InitModule’ was not declared in this scope
  183 |                 (void) Py_InitModule((char *) "spin_py", SpinMethods);
      |                        ^~~~~~~~~~~~~
make[1]: *** [/home/gps/YEAR/src/GITS/YEAR_src_PLAY/SCRATCH_ZONE_20/in_Py2_OLD/SPIN_py/SPIN_Makefiles/MK_SPIN_compile:60: spin_py_mod.o] Error 1
make[1]: Leaving directory '/home/gps/YEAR/src/GITS/YEAR_src_PLAY/SCRATCH_ZONE_20/in_Py2_OLD/SPIN_py/SPIN_build_16_so_/SPIN_py'
make: *** [../SPIN_Makefiles/MK_SPIN_top_2:170: SPIN_py] Error 2
making SPIN_py
cd SPIN_py && \
env > /tmp/fa1 && \
make \
	xVPATH1=/home/gps/YEAR/src/GITS/YEAR_src_PLAY/SCRATCH_ZONE_20/in_Py2_OLD/SPIN_py/SPIN_py \
	OPT_DEBUG='-g' OPT_OPTIM='' OPT_CSET='-DSP_MULTI_BYTE ' OPT_PIC='-fPIC' OPT_LIBNAME='osp' OPT_LIB_EXT='so' OPT_THREADS='-DSP_MUTEX_PTHREADS ' src_sp='/home/gps/YEAR/src_build/SP/OpenSP-1.5.1_gps_build' src_spin='/home/gps/YEAR/src/GITS/YEAR_src_PLAY/SCRATCH_ZONE_20/in_Py2_OLD/SPIN_py' dir_SP_lib='/home/gps/YEAR/src/GITS/YEAR_src_PLAY/SCRATCH_ZONE_20/in_Py2_OLD/SPIN_py/SP_lib' LINKDIRS='-L/home/gps/YEAR/src/GITS/YEAR_src_PLAY/SCRATCH_ZONE_20/in_Py2_OLD/SPIN_py/SP_lib' PYTHON_INCLUDE='-I/tools/x86_64/py/include/python3.11' \
	-f /home/gps/YEAR/src/GITS/YEAR_src_PLAY/SCRATCH_ZONE_20/in_Py2_OLD/SPIN_py/SPIN_py/Makefile.app \
	-f /home/gps/YEAR/src/GITS/YEAR_src_PLAY/SCRATCH_ZONE_20/in_Py2_OLD/SPIN_py/SPIN_Makefiles/MK_SPIN_site \
	-f /home/gps/YEAR/src/GITS/YEAR_src_PLAY/SCRATCH_ZONE_20/in_Py2_OLD/SPIN_py/SPIN_Makefiles/MK_SPIN_prog \
	-f /home/gps/YEAR/src/GITS/YEAR_src_PLAY/SCRATCH_ZONE_20/in_Py2_OLD/SPIN_py/SPIN_Makefiles/MK_SPIN_compile \
	all
make[1]: Entering directory '/home/gps/YEAR/src/GITS/YEAR_src_PLAY/SCRATCH_ZONE_20/in_Py2_OLD/SPIN_py/SPIN_build_16_so_/SPIN_py'
cd /home/gps/YEAR/src/GITS/YEAR_src_PLAY/SCRATCH_ZONE_20/in_Py2_OLD/SPIN_py/SPIN_py/SP_App && make -f Makefile_src
make[2]: Entering directory '/home/gps/YEAR/src/GITS/YEAR_src_PLAY/SCRATCH_ZONE_20/in_Py2_OLD/SPIN_py/SPIN_py/SP_App'
make[2]: 'SP_App.cxx' is up to date.
make[2]: Leaving directory '/home/gps/YEAR/src/GITS/YEAR_src_PLAY/SCRATCH_ZONE_20/in_Py2_OLD/SPIN_py/SPIN_py/SP_App'
c++ -fno-implicit-templates -ansi -g -fPIC  -DSP_MULTI_BYTE  -DSP_MUTEX_PTHREADS  -DSP_HAVE_BOOL  -DSP_ANSI_CLASS_INST  -I/tools/x86_64/py/include/python3.11 -I/home/gps/G/prefix/SP/include/OpenSP -I.   -c /home/gps/YEAR/src/GITS/YEAR_src_PLAY/SCRATCH_ZONE_20/in_Py2_OLD/SPIN_py/SPIN_py/spin_misc/spin_py_mod.cxx
In file included from /home/gps/YEAR/src/GITS/YEAR_src_PLAY/SCRATCH_ZONE_20/in_Py2_OLD/SPIN_py/SPIN_py/Py_Wrap/PY_Object_base.h:4,
                 from /home/gps/YEAR/src/GITS/YEAR_src_PLAY/SCRATCH_ZONE_20/in_Py2_OLD/SPIN_py/SPIN_py/elem_info/elem_info.h:8,
                 from /home/gps/YEAR/src/GITS/YEAR_src_PLAY/SCRATCH_ZONE_20/in_Py2_OLD/SPIN_py/SPIN_py/app_link/app_link.h:7,
                 from /home/gps/YEAR/src/GITS/YEAR_src_PLAY/SCRATCH_ZONE_20/in_Py2_OLD/SPIN_py/SPIN_py/SP_App/SP_App.h:12,
                 from /home/gps/YEAR/src/GITS/YEAR_src_PLAY/SCRATCH_ZONE_20/in_Py2_OLD/SPIN_py/SPIN_py/spin_misc/spin_py_mod.cxx:7:
/home/gps/YEAR/src/GITS/YEAR_src_PLAY/SCRATCH_ZONE_20/in_Py2_OLD/SPIN_py/SPIN_py/Py_Wrap/PY_Object_plain.h:9:10: fatal error: object.h.h: No such file or directory
    9 | #include "object.h.h"
      |          ^~~~~~~~~~~~
compilation terminated.
make[1]: *** [/home/gps/YEAR/src/GITS/YEAR_src_PLAY/SCRATCH_ZONE_20/in_Py2_OLD/SPIN_py/SPIN_Makefiles/MK_SPIN_compile:60: spin_py_mod.o] Error 1
make[1]: Leaving directory '/home/gps/YEAR/src/GITS/YEAR_src_PLAY/SCRATCH_ZONE_20/in_Py2_OLD/SPIN_py/SPIN_build_16_so_/SPIN_py'
make: *** [../SPIN_Makefiles/MK_SPIN_top_2:170: SPIN_py] Error 2
making SPIN_py
cd SPIN_py && \
env > /tmp/fa1 && \
make \
	xVPATH1=/home/gps/YEAR/src/GITS/YEAR_src_PLAY/SCRATCH_ZONE_20/in_Py2_OLD/SPIN_py/SPIN_py \
	OPT_DEBUG='-g' OPT_OPTIM='' OPT_CSET='-DSP_MULTI_BYTE ' OPT_PIC='-fPIC' OPT_LIBNAME='osp' OPT_LIB_EXT='so' OPT_THREADS='-DSP_MUTEX_PTHREADS ' src_sp='/home/gps/YEAR/src_build/SP/OpenSP-1.5.1_gps_build' src_spin='/home/gps/YEAR/src/GITS/YEAR_src_PLAY/SCRATCH_ZONE_20/in_Py2_OLD/SPIN_py' dir_SP_lib='/home/gps/YEAR/src/GITS/YEAR_src_PLAY/SCRATCH_ZONE_20/in_Py2_OLD/SPIN_py/SP_lib' LINKDIRS='-L/home/gps/YEAR/src/GITS/YEAR_src_PLAY/SCRATCH_ZONE_20/in_Py2_OLD/SPIN_py/SP_lib' PYTHON_INCLUDE='-I/tools/x86_64/py/include/python3.11' \
	-f /home/gps/YEAR/src/GITS/YEAR_src_PLAY/SCRATCH_ZONE_20/in_Py2_OLD/SPIN_py/SPIN_py/Makefile.app \
	-f /home/gps/YEAR/src/GITS/YEAR_src_PLAY/SCRATCH_ZONE_20/in_Py2_OLD/SPIN_py/SPIN_Makefiles/MK_SPIN_site \
	-f /home/gps/YEAR/src/GITS/YEAR_src_PLAY/SCRATCH_ZONE_20/in_Py2_OLD/SPIN_py/SPIN_Makefiles/MK_SPIN_prog \
	-f /home/gps/YEAR/src/GITS/YEAR_src_PLAY/SCRATCH_ZONE_20/in_Py2_OLD/SPIN_py/SPIN_Makefiles/MK_SPIN_compile \
	all
make[1]: Entering directory '/home/gps/YEAR/src/GITS/YEAR_src_PLAY/SCRATCH_ZONE_20/in_Py2_OLD/SPIN_py/SPIN_build_16_so_/SPIN_py'
cd /home/gps/YEAR/src/GITS/YEAR_src_PLAY/SCRATCH_ZONE_20/in_Py2_OLD/SPIN_py/SPIN_py/SP_App && make -f Makefile_src
make[2]: Entering directory '/home/gps/YEAR/src/GITS/YEAR_src_PLAY/SCRATCH_ZONE_20/in_Py2_OLD/SPIN_py/SPIN_py/SP_App'
make[2]: 'SP_App.cxx' is up to date.
make[2]: Leaving directory '/home/gps/YEAR/src/GITS/YEAR_src_PLAY/SCRATCH_ZONE_20/in_Py2_OLD/SPIN_py/SPIN_py/SP_App'
c++ -fno-implicit-templates -ansi -g -fPIC  -DSP_MULTI_BYTE  -DSP_MUTEX_PTHREADS  -DSP_HAVE_BOOL  -DSP_ANSI_CLASS_INST  -I/tools/x86_64/py/include/python3.11 -I/home/gps/G/prefix/SP/include/OpenSP -I.   -c /home/gps/YEAR/src/GITS/YEAR_src_PLAY/SCRATCH_ZONE_20/in_Py2_OLD/SPIN_py/SPIN_py/spin_misc/spin_py_mod.cxx
In file included from /home/gps/YEAR/src/GITS/YEAR_src_PLAY/SCRATCH_ZONE_20/in_Py2_OLD/SPIN_py/SPIN_py/Py_Wrap/PY_Object_base.h:4,
                 from /home/gps/YEAR/src/GITS/YEAR_src_PLAY/SCRATCH_ZONE_20/in_Py2_OLD/SPIN_py/SPIN_py/elem_info/elem_info.h:8,
                 from /home/gps/YEAR/src/GITS/YEAR_src_PLAY/SCRATCH_ZONE_20/in_Py2_OLD/SPIN_py/SPIN_py/app_link/app_link.h:7,
                 from /home/gps/YEAR/src/GITS/YEAR_src_PLAY/SCRATCH_ZONE_20/in_Py2_OLD/SPIN_py/SPIN_py/SP_App/SP_App.h:12,
                 from /home/gps/YEAR/src/GITS/YEAR_src_PLAY/SCRATCH_ZONE_20/in_Py2_OLD/SPIN_py/SPIN_py/spin_misc/spin_py_mod.cxx:7:
/home/gps/YEAR/src/GITS/YEAR_src_PLAY/SCRATCH_ZONE_20/in_Py2_OLD/SPIN_py/SPIN_py/Py_Wrap/PY_Object_plain.h: In member function ‘const char* PY_Object_plain::type_name() const’:
/home/gps/YEAR/src/GITS/YEAR_src_PLAY/SCRATCH_ZONE_20/in_Py2_OLD/SPIN_py/SPIN_py/Py_Wrap/PY_Object_plain.h:87:24: error: ‘ob_type’ was not declared in this scope
   87 |                 return ob_type->tp_name;
      |                        ^~~~~~~
/home/gps/YEAR/src/GITS/YEAR_src_PLAY/SCRATCH_ZONE_20/in_Py2_OLD/SPIN_py/SPIN_py/Py_Wrap/PY_Object_plain.h: In member function ‘bool PY_Object_plain::Is_Type(PyTypeObject*)’:
/home/gps/YEAR/src/GITS/YEAR_src_PLAY/SCRATCH_ZONE_20/in_Py2_OLD/SPIN_py/SPIN_py/Py_Wrap/PY_Object_plain.h:127:36: error: ‘ob_type’ was not declared in this scope
  127 |                 return expected == ob_type;
      |                                    ^~~~~~~
In file included from /home/gps/YEAR/src/GITS/YEAR_src_PLAY/SCRATCH_ZONE_20/in_Py2_OLD/SPIN_py/SPIN_py/Py_Wrap/P_util.h:4,
                 from /home/gps/YEAR/src/GITS/YEAR_src_PLAY/SCRATCH_ZONE_20/in_Py2_OLD/SPIN_py/SPIN_py/Py_Wrap/PY_Object_base.h:6,
                 from /home/gps/YEAR/src/GITS/YEAR_src_PLAY/SCRATCH_ZONE_20/in_Py2_OLD/SPIN_py/SPIN_py/elem_info/elem_info.h:8,
                 from /home/gps/YEAR/src/GITS/YEAR_src_PLAY/SCRATCH_ZONE_20/in_Py2_OLD/SPIN_py/SPIN_py/app_link/app_link.h:7,
                 from /home/gps/YEAR/src/GITS/YEAR_src_PLAY/SCRATCH_ZONE_20/in_Py2_OLD/SPIN_py/SPIN_py/SP_App/SP_App.h:12,
                 from /home/gps/YEAR/src/GITS/YEAR_src_PLAY/SCRATCH_ZONE_20/in_Py2_OLD/SPIN_py/SPIN_py/spin_misc/spin_py_mod.cxx:7:
/home/gps/YEAR/src/GITS/YEAR_src_PLAY/SCRATCH_ZONE_20/in_Py2_OLD/SPIN_py/SPIN_py/Py_Wrap/P_ref_base.h: In member function ‘int P_ref_base_no_ref::ref_count() const’:
/home/gps/YEAR/src/GITS/YEAR_src_PLAY/SCRATCH_ZONE_20/in_Py2_OLD/SPIN_py/SPIN_py/Py_Wrap/P_ref_base.h:66:29: error: ‘struct PY_Object_plain’ has no member named ‘ob_refcnt’
   66 |                 return ref->ob_refcnt;
      |                             ^~~~~~~~~
/home/gps/YEAR/src/GITS/YEAR_src_PLAY/SCRATCH_ZONE_20/in_Py2_OLD/SPIN_py/SPIN_py/Py_Wrap/P_ref_base.h: In member function ‘bool P_ref_base_no_ref::is_SUBTYPE(PyTypeObject*) const’:
/home/gps/YEAR/src/GITS/YEAR_src_PLAY/SCRATCH_ZONE_20/in_Py2_OLD/SPIN_py/SPIN_py/Py_Wrap/P_ref_base.h:89:27: error: ‘struct PY_Object_plain’ has no member named ‘ob_type’
   89 |                 if(  ref->ob_type == expected ) return true;
      |                           ^~~~~~~
/home/gps/YEAR/src/GITS/YEAR_src_PLAY/SCRATCH_ZONE_20/in_Py2_OLD/SPIN_py/SPIN_py/Py_Wrap/P_ref_base.h: In member function ‘bool P_ref_base_no_ref::is_SUBTYPE_fn(PyTypeObject*) const’:
/home/gps/YEAR/src/GITS/YEAR_src_PLAY/SCRATCH_ZONE_20/in_Py2_OLD/SPIN_py/SPIN_py/Py_Wrap/P_ref_base.h:97:27: error: ‘struct PY_Object_plain’ has no member named ‘ob_type’
   97 |                 if(  ref->ob_type == expected ) return true;
      |                           ^~~~~~~
/home/gps/YEAR/src/GITS/YEAR_src_PLAY/SCRATCH_ZONE_20/in_Py2_OLD/SPIN_py/SPIN_py/Py_Wrap/P_ref_base.h:98:47: error: ‘struct PY_Object_plain’ has no member named ‘ob_type’
   98 |                 return PyType_IsSubtype( ref->ob_type, expected );
      |                                               ^~~~~~~
/home/gps/YEAR/src/GITS/YEAR_src_PLAY/SCRATCH_ZONE_20/in_Py2_OLD/SPIN_py/SPIN_py/Py_Wrap/P_ref_base.h: In member function ‘bool P_ref_base_no_ref::is_TYPE(PyTypeObject*) const’:
/home/gps/YEAR/src/GITS/YEAR_src_PLAY/SCRATCH_ZONE_20/in_Py2_OLD/SPIN_py/SPIN_py/Py_Wrap/P_ref_base.h:105:29: error: ‘struct PY_Object_plain’ has no member named ‘ob_type’
  105 |                 return ref->ob_type == expected ;
      |                             ^~~~~~~
/home/gps/YEAR/src/GITS/YEAR_src_PLAY/SCRATCH_ZONE_20/in_Py2_OLD/SPIN_py/SPIN_py/Py_Wrap/P_ref_base.h: In member function ‘bool P_ref_base_no_ref::is_Buffer()’:
/home/gps/YEAR/src/GITS/YEAR_src_PLAY/SCRATCH_ZONE_20/in_Py2_OLD/SPIN_py/SPIN_py/Py_Wrap/P_ref_base.h:116:45: error: ‘PyBuffer_Type’ was not declared in this scope; did you mean ‘PySuper_Type’?
  116 |         bool is_Buffer()        { is_TYPE( &PyBuffer_Type       ); }
      |                                             ^~~~~~~~~~~~~
      |                                             PySuper_Type
/home/gps/YEAR/src/GITS/YEAR_src_PLAY/SCRATCH_ZONE_20/in_Py2_OLD/SPIN_py/SPIN_py/Py_Wrap/P_ref_base.h: In member function ‘bool P_ref_base_no_ref::is_CObject()’:
/home/gps/YEAR/src/GITS/YEAR_src_PLAY/SCRATCH_ZONE_20/in_Py2_OLD/SPIN_py/SPIN_py/Py_Wrap/P_ref_base.h:118:45: error: ‘PyCObject_Type’ was not declared in this scope; did you mean ‘PyObject_Type’?
  118 |         bool is_CObject()       { is_TYPE( &PyCObject_Type      ); }
      |                                             ^~~~~~~~~~~~~~
      |                                             PyObject_Type
/home/gps/YEAR/src/GITS/YEAR_src_PLAY/SCRATCH_ZONE_20/in_Py2_OLD/SPIN_py/SPIN_py/Py_Wrap/P_ref_base.h: In member function ‘bool P_ref_base_no_ref::is_Class()’:
/home/gps/YEAR/src/GITS/YEAR_src_PLAY/SCRATCH_ZONE_20/in_Py2_OLD/SPIN_py/SPIN_py/Py_Wrap/P_ref_base.h:121:45: error: ‘PyClass_Type’ was not declared in this scope; did you mean ‘PyList_Type’?
  121 |         bool is_Class()         { is_TYPE( &PyClass_Type        ); }
      |                                             ^~~~~~~~~~~~
      |                                             PyList_Type
/home/gps/YEAR/src/GITS/YEAR_src_PLAY/SCRATCH_ZONE_20/in_Py2_OLD/SPIN_py/SPIN_py/Py_Wrap/P_ref_base.h: In member function ‘bool P_ref_base_no_ref::is_File()’:
/home/gps/YEAR/src/GITS/YEAR_src_PLAY/SCRATCH_ZONE_20/in_Py2_OLD/SPIN_py/SPIN_py/Py_Wrap/P_ref_base.h:124:45: error: ‘PyFile_Type’ was not declared in this scope; did you mean ‘PyFilter_Type’?
  124 |         bool is_File()          { is_TYPE( &PyFile_Type         ); }
      |                                             ^~~~~~~~~~~
      |                                             PyFilter_Type
/home/gps/YEAR/src/GITS/YEAR_src_PLAY/SCRATCH_ZONE_20/in_Py2_OLD/SPIN_py/SPIN_py/Py_Wrap/P_ref_base.h: In member function ‘bool P_ref_base_no_ref::is_Int()’:
/home/gps/YEAR/src/GITS/YEAR_src_PLAY/SCRATCH_ZONE_20/in_Py2_OLD/SPIN_py/SPIN_py/Py_Wrap/P_ref_base.h:127:45: error: ‘PyInt_Type’ was not declared in this scope; did you mean ‘PySet_Type’?
  127 |         bool is_Int()           { is_TYPE( &PyInt_Type          ); }
      |                                             ^~~~~~~~~~
      |                                             PySet_Type
/home/gps/YEAR/src/GITS/YEAR_src_PLAY/SCRATCH_ZONE_20/in_Py2_OLD/SPIN_py/SPIN_py/Py_Wrap/P_ref_base.h: In member function ‘bool P_ref_base_no_ref::is_String()’:
/home/gps/YEAR/src/GITS/YEAR_src_PLAY/SCRATCH_ZONE_20/in_Py2_OLD/SPIN_py/SPIN_py/Py_Wrap/P_ref_base.h:134:45: error: ‘PyString_Type’ was not declared in this scope; did you mean ‘PySlice_Type’?
  134 |         bool is_String()        { is_TYPE( &PyString_Type       ); }
      |                                             ^~~~~~~~~~~~~
      |                                             PySlice_Type
In file included from /home/gps/YEAR/src/GITS/YEAR_src_PLAY/SCRATCH_ZONE_20/in_Py2_OLD/SPIN_py/SPIN_py/Py_Wrap/P_util.h:6,
                 from /home/gps/YEAR/src/GITS/YEAR_src_PLAY/SCRATCH_ZONE_20/in_Py2_OLD/SPIN_py/SPIN_py/Py_Wrap/PY_Object_base.h:6,
                 from /home/gps/YEAR/src/GITS/YEAR_src_PLAY/SCRATCH_ZONE_20/in_Py2_OLD/SPIN_py/SPIN_py/elem_info/elem_info.h:8,
                 from /home/gps/YEAR/src/GITS/YEAR_src_PLAY/SCRATCH_ZONE_20/in_Py2_OLD/SPIN_py/SPIN_py/app_link/app_link.h:7,
                 from /home/gps/YEAR/src/GITS/YEAR_src_PLAY/SCRATCH_ZONE_20/in_Py2_OLD/SPIN_py/SPIN_py/SP_App/SP_App.h:12,
                 from /home/gps/YEAR/src/GITS/YEAR_src_PLAY/SCRATCH_ZONE_20/in_Py2_OLD/SPIN_py/SPIN_py/spin_misc/spin_py_mod.cxx:7:
/home/gps/YEAR/src/GITS/YEAR_src_PLAY/SCRATCH_ZONE_20/in_Py2_OLD/SPIN_py/SPIN_py/Py_Wrap/PY_Static.h: In static member function ‘static bool PY_Static::IS_String(PyObject*)’:
/home/gps/YEAR/src/GITS/YEAR_src_PLAY/SCRATCH_ZONE_20/in_Py2_OLD/SPIN_py/SPIN_py/Py_Wrap/PY_Static.h:37:31: error: ‘PyString_Check’ was not declared in this scope; did you mean ‘PyMapping_Check’?
   37 |                 return obj && PyString_Check( obj );
      |                               ^~~~~~~~~~~~~~
      |                               PyMapping_Check
/home/gps/YEAR/src/GITS/YEAR_src_PLAY/SCRATCH_ZONE_20/in_Py2_OLD/SPIN_py/SPIN_py/Py_Wrap/PY_Static.h: In static member function ‘static bool PY_Static::IS_Int(PyObject*)’:
/home/gps/YEAR/src/GITS/YEAR_src_PLAY/SCRATCH_ZONE_20/in_Py2_OLD/SPIN_py/SPIN_py/Py_Wrap/PY_Static.h:42:31: error: ‘PyInt_Check’ was not declared in this scope; did you mean ‘PySet_Check’?
   42 |                 return obj && PyInt_Check( obj );
      |                               ^~~~~~~~~~~
      |                               PySet_Check
/home/gps/YEAR/src/GITS/YEAR_src_PLAY/SCRATCH_ZONE_20/in_Py2_OLD/SPIN_py/SPIN_py/Py_Wrap/PY_Static.h: In static member function ‘static bool PY_Static::IS_Instance(PyObject*)’:
/home/gps/YEAR/src/GITS/YEAR_src_PLAY/SCRATCH_ZONE_20/in_Py2_OLD/SPIN_py/SPIN_py/Py_Wrap/PY_Static.h:62:31: error: ‘PyInstance_Check’ was not declared in this scope; did you mean ‘PyGILState_Check’?
   62 |                 return obj && PyInstance_Check( obj );
      |                               ^~~~~~~~~~~~~~~~
      |                               PyGILState_Check
/home/gps/YEAR/src/GITS/YEAR_src_PLAY/SCRATCH_ZONE_20/in_Py2_OLD/SPIN_py/SPIN_py/Py_Wrap/PY_Static.h: In static member function ‘static bool PY_Static::Expect_String(PyObject*)’:
/home/gps/YEAR/src/GITS/YEAR_src_PLAY/SCRATCH_ZONE_20/in_Py2_OLD/SPIN_py/SPIN_py/Py_Wrap/PY_Static.h:83:44: error: ‘PyString_Type’ was not declared in this scope; did you mean ‘PySlice_Type’?
   83 |                 return Expect_Type( obj, & PyString_Type );
      |                                            ^~~~~~~~~~~~~
      |                                            PySlice_Type
/home/gps/YEAR/src/GITS/YEAR_src_PLAY/SCRATCH_ZONE_20/in_Py2_OLD/SPIN_py/SPIN_py/Py_Wrap/PY_Static.h: In static member function ‘static bool PY_Static::Expect_Instance(PyObject*)’:
/home/gps/YEAR/src/GITS/YEAR_src_PLAY/SCRATCH_ZONE_20/in_Py2_OLD/SPIN_py/SPIN_py/Py_Wrap/PY_Static.h:103:44: error: ‘PyInstance_Type’ was not declared in this scope; did you mean ‘PyRange_Type’?
  103 |                 return Expect_Type( obj, & PyInstance_Type );
      |                                            ^~~~~~~~~~~~~~~
      |                                            PyRange_Type
In file included from /home/gps/YEAR/src/GITS/YEAR_src_PLAY/SCRATCH_ZONE_20/in_Py2_OLD/SPIN_py/SPIN_py/Py_Wrap/PY_Object_base.h:7,
                 from /home/gps/YEAR/src/GITS/YEAR_src_PLAY/SCRATCH_ZONE_20/in_Py2_OLD/SPIN_py/SPIN_py/elem_info/elem_info.h:8,
                 from /home/gps/YEAR/src/GITS/YEAR_src_PLAY/SCRATCH_ZONE_20/in_Py2_OLD/SPIN_py/SPIN_py/app_link/app_link.h:7,
                 from /home/gps/YEAR/src/GITS/YEAR_src_PLAY/SCRATCH_ZONE_20/in_Py2_OLD/SPIN_py/SPIN_py/SP_App/SP_App.h:12,
                 from /home/gps/YEAR/src/GITS/YEAR_src_PLAY/SCRATCH_ZONE_20/in_Py2_OLD/SPIN_py/SPIN_py/spin_misc/spin_py_mod.cxx:7:
/home/gps/YEAR/src/GITS/YEAR_src_PLAY/SCRATCH_ZONE_20/in_Py2_OLD/SPIN_py/SPIN_py/Py_Wrap/P_ref.h: At global scope:
/home/gps/YEAR/src/GITS/YEAR_src_PLAY/SCRATCH_ZONE_20/in_Py2_OLD/SPIN_py/SPIN_py/Py_Wrap/P_ref.h:9:28: error: ‘PyIntObject’ was not declared in this scope; did you mean ‘PySetObject’?
    9 | class P_Int : public P_ref<PyIntObject>
      |                            ^~~~~~~~~~~
      |                            PySetObject
/home/gps/YEAR/src/GITS/YEAR_src_PLAY/SCRATCH_ZONE_20/in_Py2_OLD/SPIN_py/SPIN_py/Py_Wrap/P_ref.h:9:39: error: template argument 1 is invalid
    9 | class P_Int : public P_ref<PyIntObject>
      |                                       ^
/home/gps/YEAR/src/GITS/YEAR_src_PLAY/SCRATCH_ZONE_20/in_Py2_OLD/SPIN_py/SPIN_py/Py_Wrap/P_ref.h:16:27: error: expected ‘)’ before ‘*’ token
   16 |         P_Int( PyIntObject * p )
      |              ~            ^~
      |                           )
/home/gps/YEAR/src/GITS/YEAR_src_PLAY/SCRATCH_ZONE_20/in_Py2_OLD/SPIN_py/SPIN_py/Py_Wrap/P_ref.h: In constructor ‘P_Int::P_Int(PyObject*)’:
/home/gps/YEAR/src/GITS/YEAR_src_PLAY/SCRATCH_ZONE_20/in_Py2_OLD/SPIN_py/SPIN_py/Py_Wrap/P_ref.h:22:21: error: ‘PyInt_Check’ was not declared in this scope; did you mean ‘PySet_Check’?
   22 |                 if( PyInt_Check( p ))
      |                     ^~~~~~~~~~~
      |                     PySet_Check
/home/gps/YEAR/src/GITS/YEAR_src_PLAY/SCRATCH_ZONE_20/in_Py2_OLD/SPIN_py/SPIN_py/Py_Wrap/P_ref.h:23:25: error: ‘set_ptr_ok_claim’ was not declared in this scope
   23 |                         set_ptr_ok_claim(p);
      |                         ^~~~~~~~~~~~~~~~
/home/gps/YEAR/src/GITS/YEAR_src_PLAY/SCRATCH_ZONE_20/in_Py2_OLD/SPIN_py/SPIN_py/Py_Wrap/P_ref.h: In member function ‘int P_Int::get_int() const’:
/home/gps/YEAR/src/GITS/YEAR_src_PLAY/SCRATCH_ZONE_20/in_Py2_OLD/SPIN_py/SPIN_py/Py_Wrap/P_ref.h:31:20: error: ‘is_null_error’ was not declared in this scope
   31 |                 if(is_null_error()) return 0;
      |                    ^~~~~~~~~~~~~
/home/gps/YEAR/src/GITS/YEAR_src_PLAY/SCRATCH_ZONE_20/in_Py2_OLD/SPIN_py/SPIN_py/Py_Wrap/P_ref.h:32:24: error: ‘ptr’ was not declared in this scope
   32 |                 return ptr()->ob_ival;
      |                        ^~~
/home/gps/YEAR/src/GITS/YEAR_src_PLAY/SCRATCH_ZONE_20/in_Py2_OLD/SPIN_py/SPIN_py/Py_Wrap/P_ref.h: In member function ‘void P_Int::set_int(int)’:
/home/gps/YEAR/src/GITS/YEAR_src_PLAY/SCRATCH_ZONE_20/in_Py2_OLD/SPIN_py/SPIN_py/Py_Wrap/P_ref.h:36:20: error: ‘is_null’ was not declared in this scope
   36 |                 if(is_null() || is_shared())
      |                    ^~~~~~~
/home/gps/YEAR/src/GITS/YEAR_src_PLAY/SCRATCH_ZONE_20/in_Py2_OLD/SPIN_py/SPIN_py/Py_Wrap/P_ref.h:36:33: error: ‘is_shared’ was not declared in this scope
   36 |                 if(is_null() || is_shared())
      |                                 ^~~~~~~~~
/home/gps/YEAR/src/GITS/YEAR_src_PLAY/SCRATCH_ZONE_20/in_Py2_OLD/SPIN_py/SPIN_py/Py_Wrap/P_ref.h:37:42: error: ‘PyIntObject’ was not declared in this scope; did you mean ‘PySetObject’?
   37 |                         set_ptr_snatch( (PyIntObject *) PyInt_FromLong( ival ));
      |                                          ^~~~~~~~~~~
      |                                          PySetObject
/home/gps/YEAR/src/GITS/YEAR_src_PLAY/SCRATCH_ZONE_20/in_Py2_OLD/SPIN_py/SPIN_py/Py_Wrap/P_ref.h:37:55: error: expected primary-expression before ‘)’ token
   37 |                         set_ptr_snatch( (PyIntObject *) PyInt_FromLong( ival ));
      |                                                       ^
/home/gps/YEAR/src/GITS/YEAR_src_PLAY/SCRATCH_ZONE_20/in_Py2_OLD/SPIN_py/SPIN_py/Py_Wrap/P_ref.h:37:25: error: ‘set_ptr_snatch’ was not declared in this scope
   37 |                         set_ptr_snatch( (PyIntObject *) PyInt_FromLong( ival ));
      |                         ^~~~~~~~~~~~~~
/home/gps/YEAR/src/GITS/YEAR_src_PLAY/SCRATCH_ZONE_20/in_Py2_OLD/SPIN_py/SPIN_py/Py_Wrap/P_ref.h:39:25: error: ‘ptr’ was not declared in this scope
   39 |                         ptr()->ob_ival = ival;
      |                         ^~~
/home/gps/YEAR/src/GITS/YEAR_src_PLAY/SCRATCH_ZONE_20/in_Py2_OLD/SPIN_py/SPIN_py/Py_Wrap/P_ref.h: At global scope:
/home/gps/YEAR/src/GITS/YEAR_src_PLAY/SCRATCH_ZONE_20/in_Py2_OLD/SPIN_py/SPIN_py/Py_Wrap/P_ref.h:283:31: error: ‘PyStringObject’ was not declared in this scope; did you mean ‘PySliceObject’?
  283 | class P_String : public P_ref<PyStringObject>
      |                               ^~~~~~~~~~~~~~
      |                               PySliceObject
/home/gps/YEAR/src/GITS/YEAR_src_PLAY/SCRATCH_ZONE_20/in_Py2_OLD/SPIN_py/SPIN_py/Py_Wrap/P_ref.h:283:45: error: template argument 1 is invalid
  283 | class P_String : public P_ref<PyStringObject>
      |                                             ^
/home/gps/YEAR/src/GITS/YEAR_src_PLAY/SCRATCH_ZONE_20/in_Py2_OLD/SPIN_py/SPIN_py/Py_Wrap/P_ref.h: In constructor ‘P_String::P_String()’:
/home/gps/YEAR/src/GITS/YEAR_src_PLAY/SCRATCH_ZONE_20/in_Py2_OLD/SPIN_py/SPIN_py/Py_Wrap/P_ref.h:288:17: error: ‘ref’ was not declared in this scope; did you mean ‘erf’?
  288 |                 ref = NULL;
      |                 ^~~
      |                 erf
/home/gps/YEAR/src/GITS/YEAR_src_PLAY/SCRATCH_ZONE_20/in_Py2_OLD/SPIN_py/SPIN_py/Py_Wrap/P_ref.h: In constructor ‘P_String::P_String(const char*)’:
/home/gps/YEAR/src/GITS/YEAR_src_PLAY/SCRATCH_ZONE_20/in_Py2_OLD/SPIN_py/SPIN_py/Py_Wrap/P_ref.h:292:17: error: ‘ref’ was not declared in this scope; did you mean ‘erf’?
  292 |                 ref = NULL;
      |                 ^~~
      |                 erf
/home/gps/YEAR/src/GITS/YEAR_src_PLAY/SCRATCH_ZONE_20/in_Py2_OLD/SPIN_py/SPIN_py/Py_Wrap/P_ref.h: In constructor ‘P_String::P_String(const PyObject*)’:
/home/gps/YEAR/src/GITS/YEAR_src_PLAY/SCRATCH_ZONE_20/in_Py2_OLD/SPIN_py/SPIN_py/Py_Wrap/P_ref.h:297:17: error: ‘ref’ was not declared in this scope; did you mean ‘erf’?
  297 |                 ref = NULL;
      |                 ^~~
      |                 erf
/home/gps/YEAR/src/GITS/YEAR_src_PLAY/SCRATCH_ZONE_20/in_Py2_OLD/SPIN_py/SPIN_py/Py_Wrap/P_ref.h: In member function ‘const char* P_String::get_str() const’:
/home/gps/YEAR/src/GITS/YEAR_src_PLAY/SCRATCH_ZONE_20/in_Py2_OLD/SPIN_py/SPIN_py/Py_Wrap/P_ref.h:309:21: error: ‘is_null’ was not declared in this scope
  309 |                 if( is_null() ) return "";
      |                     ^~~~~~~
/home/gps/YEAR/src/GITS/YEAR_src_PLAY/SCRATCH_ZONE_20/in_Py2_OLD/SPIN_py/SPIN_py/Py_Wrap/P_ref.h:310:43: error: ‘py_ptr’ was not declared in this scope
  310 |                 return PyString_AsString( py_ptr() );
      |                                           ^~~~~~
/home/gps/YEAR/src/GITS/YEAR_src_PLAY/SCRATCH_ZONE_20/in_Py2_OLD/SPIN_py/SPIN_py/Py_Wrap/P_ref.h:310:24: error: ‘PyString_AsString’ was not declared in this scope
  310 |                 return PyString_AsString( py_ptr() );
      |                        ^~~~~~~~~~~~~~~~~
/home/gps/YEAR/src/GITS/YEAR_src_PLAY/SCRATCH_ZONE_20/in_Py2_OLD/SPIN_py/SPIN_py/Py_Wrap/P_ref.h: In member function ‘bool P_String::set_str(const PyObject*)’:
/home/gps/YEAR/src/GITS/YEAR_src_PLAY/SCRATCH_ZONE_20/in_Py2_OLD/SPIN_py/SPIN_py/Py_Wrap/P_ref.h:316:25: error: ‘claim_this’ was not declared in this scope
  316 |                         claim_this( (PyObject *)str ); // COPY ??
      |                         ^~~~~~~~~~
/home/gps/YEAR/src/GITS/YEAR_src_PLAY/SCRATCH_ZONE_20/in_Py2_OLD/SPIN_py/SPIN_py/Py_Wrap/P_ref.h:319:21: error: ‘PyString_Check’ was not declared in this scope; did you mean ‘PyMapping_Check’?
  319 |                 if(!PyString_Check( str ))
      |                     ^~~~~~~~~~~~~~
      |                     PyMapping_Check
/home/gps/YEAR/src/GITS/YEAR_src_PLAY/SCRATCH_ZONE_20/in_Py2_OLD/SPIN_py/SPIN_py/Py_Wrap/P_ref.h:326:17: error: ‘claim_this’ was not declared in this scope
  326 |                 claim_this( (PyObject *)str ); // COPY ??
      |                 ^~~~~~~~~~
/home/gps/YEAR/src/GITS/YEAR_src_PLAY/SCRATCH_ZONE_20/in_Py2_OLD/SPIN_py/SPIN_py/Py_Wrap/P_ref.h:327:24: error: ‘ref’ was not declared in this scope; did you mean ‘erf’?
  327 |                 return ref;
      |                        ^~~
      |                        erf
/home/gps/YEAR/src/GITS/YEAR_src_PLAY/SCRATCH_ZONE_20/in_Py2_OLD/SPIN_py/SPIN_py/Py_Wrap/P_ref.h: In member function ‘bool P_String::set_str(const char*)’:
/home/gps/YEAR/src/GITS/YEAR_src_PLAY/SCRATCH_ZONE_20/in_Py2_OLD/SPIN_py/SPIN_py/Py_Wrap/P_ref.h:331:30: error: ‘PyString_FromString’ was not declared in this scope; did you mean ‘PyLong_FromString’?
  331 |                 snatch_this( PyString_FromString( str ) );
      |                              ^~~~~~~~~~~~~~~~~~~
      |                              PyLong_FromString
/home/gps/YEAR/src/GITS/YEAR_src_PLAY/SCRATCH_ZONE_20/in_Py2_OLD/SPIN_py/SPIN_py/Py_Wrap/P_ref.h:331:17: error: ‘snatch_this’ was not declared in this scope
  331 |                 snatch_this( PyString_FromString( str ) );
      |                 ^~~~~~~~~~~
/home/gps/YEAR/src/GITS/YEAR_src_PLAY/SCRATCH_ZONE_20/in_Py2_OLD/SPIN_py/SPIN_py/Py_Wrap/P_ref.h:332:24: error: ‘ref’ was not declared in this scope; did you mean ‘erf’?
  332 |                 return ref;
      |                        ^~~
      |                        erf
/home/gps/YEAR/src/GITS/YEAR_src_PLAY/SCRATCH_ZONE_20/in_Py2_OLD/SPIN_py/SPIN_py/Py_Wrap/P_ref.h: In member function ‘void P_String::set_null()’:
/home/gps/YEAR/src/GITS/YEAR_src_PLAY/SCRATCH_ZONE_20/in_Py2_OLD/SPIN_py/SPIN_py/Py_Wrap/P_ref.h:336:17: error: ‘set_ptr_ok_snatch’ was not declared in this scope
  336 |                 set_ptr_ok_snatch(NULL);
      |                 ^~~~~~~~~~~~~~~~~
In file included from /tools/x86_64/py/include/python3.11/Python.h:38,
                 from /home/gps/YEAR/src/GITS/YEAR_src_PLAY/SCRATCH_ZONE_20/in_Py2_OLD/SPIN_py/SPIN_py/app_types.h:4,
                 from /home/gps/YEAR/src/GITS/YEAR_src_PLAY/SCRATCH_ZONE_20/in_Py2_OLD/SPIN_py/SPIN_py/SP_App/SP_App.h:11,
                 from /home/gps/YEAR/src/GITS/YEAR_src_PLAY/SCRATCH_ZONE_20/in_Py2_OLD/SPIN_py/SPIN_py/spin_misc/spin_py_mod.cxx:7:
/home/gps/YEAR/src/GITS/YEAR_src_PLAY/SCRATCH_ZONE_20/in_Py2_OLD/SPIN_py/SPIN_py/spin_misc/spin_py_mod.cxx: In function ‘PyObject* SPIN_string_type(PyObject*, PyObject*)’:
/home/gps/YEAR/src/GITS/YEAR_src_PLAY/SCRATCH_ZONE_20/in_Py2_OLD/SPIN_py/SPIN_py/spin_misc/spin_py_mod.cxx:92:22: error: ‘PyString_Type’ was not declared in this scope; did you mean ‘PySlice_Type’?
   92 |         Py_INCREF( & PyString_Type) ;
      |                      ^~~~~~~~~~~~~
/home/gps/YEAR/src/GITS/YEAR_src_PLAY/SCRATCH_ZONE_20/in_Py2_OLD/SPIN_py/SPIN_py/spin_misc/spin_py_mod.cxx: In function ‘void initspin_py()’:
/home/gps/YEAR/src/GITS/YEAR_src_PLAY/SCRATCH_ZONE_20/in_Py2_OLD/SPIN_py/SPIN_py/spin_misc/spin_py_mod.cxx:183:24: error: ‘Py_InitModule’ was not declared in this scope
  183 |                 (void) Py_InitModule((char *) "spin_py", SpinMethods);
      |                        ^~~~~~~~~~~~~
make[1]: *** [/home/gps/YEAR/src/GITS/YEAR_src_PLAY/SCRATCH_ZONE_20/in_Py2_OLD/SPIN_py/SPIN_Makefiles/MK_SPIN_compile:60: spin_py_mod.o] Error 1
make[1]: Leaving directory '/home/gps/YEAR/src/GITS/YEAR_src_PLAY/SCRATCH_ZONE_20/in_Py2_OLD/SPIN_py/SPIN_build_16_so_/SPIN_py'
make: *** [../SPIN_Makefiles/MK_SPIN_top_2:170: SPIN_py] Error 2
making SPIN_py
cd SPIN_py && \
env > /tmp/fa1 && \
make \
	xVPATH1=/home/gps/YEAR/src/GITS/YEAR_src_PLAY/SCRATCH_ZONE_20/in_Py2_OLD/SPIN_py/SPIN_py \
	OPT_DEBUG='-g' OPT_OPTIM='' OPT_CSET='-DSP_MULTI_BYTE ' OPT_PIC='-fPIC' OPT_LIBNAME='osp' OPT_LIB_EXT='so' OPT_THREADS='-DSP_MUTEX_PTHREADS ' src_sp='/home/gps/YEAR/src_build/SP/OpenSP-1.5.1_gps_build' src_spin='/home/gps/YEAR/src/GITS/YEAR_src_PLAY/SCRATCH_ZONE_20/in_Py2_OLD/SPIN_py' dir_SP_lib='/home/gps/YEAR/src/GITS/YEAR_src_PLAY/SCRATCH_ZONE_20/in_Py2_OLD/SPIN_py/SP_lib' LINKDIRS='-L/home/gps/YEAR/src/GITS/YEAR_src_PLAY/SCRATCH_ZONE_20/in_Py2_OLD/SPIN_py/SP_lib' PYTHON_INCLUDE='-I/tools/x86_64/py/include/python3.11' \
	-f /home/gps/YEAR/src/GITS/YEAR_src_PLAY/SCRATCH_ZONE_20/in_Py2_OLD/SPIN_py/SPIN_py/Makefile.app \
	-f /home/gps/YEAR/src/GITS/YEAR_src_PLAY/SCRATCH_ZONE_20/in_Py2_OLD/SPIN_py/SPIN_Makefiles/MK_SPIN_site \
	-f /home/gps/YEAR/src/GITS/YEAR_src_PLAY/SCRATCH_ZONE_20/in_Py2_OLD/SPIN_py/SPIN_Makefiles/MK_SPIN_prog \
	-f /home/gps/YEAR/src/GITS/YEAR_src_PLAY/SCRATCH_ZONE_20/in_Py2_OLD/SPIN_py/SPIN_Makefiles/MK_SPIN_compile \
	all
make[1]: Entering directory '/home/gps/YEAR/src/GITS/YEAR_src_PLAY/SCRATCH_ZONE_20/in_Py2_OLD/SPIN_py/SPIN_build_16_so_/SPIN_py'
cd /home/gps/YEAR/src/GITS/YEAR_src_PLAY/SCRATCH_ZONE_20/in_Py2_OLD/SPIN_py/SPIN_py/SP_App && make -f Makefile_src
make[2]: Entering directory '/home/gps/YEAR/src/GITS/YEAR_src_PLAY/SCRATCH_ZONE_20/in_Py2_OLD/SPIN_py/SPIN_py/SP_App'
make[2]: 'SP_App.cxx' is up to date.
make[2]: Leaving directory '/home/gps/YEAR/src/GITS/YEAR_src_PLAY/SCRATCH_ZONE_20/in_Py2_OLD/SPIN_py/SPIN_py/SP_App'
c++ -fno-implicit-templates -ansi -g -fPIC  -DSP_MULTI_BYTE  -DSP_MUTEX_PTHREADS  -DSP_HAVE_BOOL  -DSP_ANSI_CLASS_INST  -I/tools/x86_64/py/include/python3.11 -I/home/gps/G/prefix/SP/include/OpenSP -I.   -c /home/gps/YEAR/src/GITS/YEAR_src_PLAY/SCRATCH_ZONE_20/in_Py2_OLD/SPIN_py/SPIN_py/spin_misc/spin_py_mod.cxx
In file included from /home/gps/YEAR/src/GITS/YEAR_src_PLAY/SCRATCH_ZONE_20/in_Py2_OLD/SPIN_py/SPIN_py/Py_Wrap/PY_Object_base.h:4,
                 from /home/gps/YEAR/src/GITS/YEAR_src_PLAY/SCRATCH_ZONE_20/in_Py2_OLD/SPIN_py/SPIN_py/elem_info/elem_info.h:8,
                 from /home/gps/YEAR/src/GITS/YEAR_src_PLAY/SCRATCH_ZONE_20/in_Py2_OLD/SPIN_py/SPIN_py/app_link/app_link.h:7,
                 from /home/gps/YEAR/src/GITS/YEAR_src_PLAY/SCRATCH_ZONE_20/in_Py2_OLD/SPIN_py/SPIN_py/SP_App/SP_App.h:12,
                 from /home/gps/YEAR/src/GITS/YEAR_src_PLAY/SCRATCH_ZONE_20/in_Py2_OLD/SPIN_py/SPIN_py/spin_misc/spin_py_mod.cxx:7:
/home/gps/YEAR/src/GITS/YEAR_src_PLAY/SCRATCH_ZONE_20/in_Py2_OLD/SPIN_py/SPIN_py/Py_Wrap/PY_Object_plain.h: In member function ‘const char* PY_Object_plain::type_name() const’:
/home/gps/YEAR/src/GITS/YEAR_src_PLAY/SCRATCH_ZONE_20/in_Py2_OLD/SPIN_py/SPIN_py/Py_Wrap/PY_Object_plain.h:87:24: error: ‘ob_type’ was not declared in this scope
   87 |                 return ob_type->tp_name;
      |                        ^~~~~~~
/home/gps/YEAR/src/GITS/YEAR_src_PLAY/SCRATCH_ZONE_20/in_Py2_OLD/SPIN_py/SPIN_py/Py_Wrap/PY_Object_plain.h: In member function ‘bool PY_Object_plain::Is_Type(PyTypeObject*)’:
/home/gps/YEAR/src/GITS/YEAR_src_PLAY/SCRATCH_ZONE_20/in_Py2_OLD/SPIN_py/SPIN_py/Py_Wrap/PY_Object_plain.h:127:36: error: ‘ob_type’ was not declared in this scope
  127 |                 return expected == ob_type;
      |                                    ^~~~~~~
In file included from /home/gps/YEAR/src/GITS/YEAR_src_PLAY/SCRATCH_ZONE_20/in_Py2_OLD/SPIN_py/SPIN_py/Py_Wrap/P_util.h:4,
                 from /home/gps/YEAR/src/GITS/YEAR_src_PLAY/SCRATCH_ZONE_20/in_Py2_OLD/SPIN_py/SPIN_py/Py_Wrap/PY_Object_base.h:6,
                 from /home/gps/YEAR/src/GITS/YEAR_src_PLAY/SCRATCH_ZONE_20/in_Py2_OLD/SPIN_py/SPIN_py/elem_info/elem_info.h:8,
                 from /home/gps/YEAR/src/GITS/YEAR_src_PLAY/SCRATCH_ZONE_20/in_Py2_OLD/SPIN_py/SPIN_py/app_link/app_link.h:7,
                 from /home/gps/YEAR/src/GITS/YEAR_src_PLAY/SCRATCH_ZONE_20/in_Py2_OLD/SPIN_py/SPIN_py/SP_App/SP_App.h:12,
                 from /home/gps/YEAR/src/GITS/YEAR_src_PLAY/SCRATCH_ZONE_20/in_Py2_OLD/SPIN_py/SPIN_py/spin_misc/spin_py_mod.cxx:7:
/home/gps/YEAR/src/GITS/YEAR_src_PLAY/SCRATCH_ZONE_20/in_Py2_OLD/SPIN_py/SPIN_py/Py_Wrap/P_ref_base.h: In member function ‘int P_ref_base_no_ref::ref_count() const’:
/home/gps/YEAR/src/GITS/YEAR_src_PLAY/SCRATCH_ZONE_20/in_Py2_OLD/SPIN_py/SPIN_py/Py_Wrap/P_ref_base.h:66:29: error: ‘struct PY_Object_plain’ has no member named ‘ob_refcnt’
   66 |                 return ref->ob_refcnt;
      |                             ^~~~~~~~~
/home/gps/YEAR/src/GITS/YEAR_src_PLAY/SCRATCH_ZONE_20/in_Py2_OLD/SPIN_py/SPIN_py/Py_Wrap/P_ref_base.h: In member function ‘bool P_ref_base_no_ref::is_SUBTYPE(PyTypeObject*) const’:
/home/gps/YEAR/src/GITS/YEAR_src_PLAY/SCRATCH_ZONE_20/in_Py2_OLD/SPIN_py/SPIN_py/Py_Wrap/P_ref_base.h:89:27: error: ‘struct PY_Object_plain’ has no member named ‘ob_type’
   89 |                 if(  ref->ob_type == expected ) return true;
      |                           ^~~~~~~
/home/gps/YEAR/src/GITS/YEAR_src_PLAY/SCRATCH_ZONE_20/in_Py2_OLD/SPIN_py/SPIN_py/Py_Wrap/P_ref_base.h: In member function ‘bool P_ref_base_no_ref::is_SUBTYPE_fn(PyTypeObject*) const’:
/home/gps/YEAR/src/GITS/YEAR_src_PLAY/SCRATCH_ZONE_20/in_Py2_OLD/SPIN_py/SPIN_py/Py_Wrap/P_ref_base.h:97:27: error: ‘struct PY_Object_plain’ has no member named ‘ob_type’
   97 |                 if(  ref->ob_type == expected ) return true;
      |                           ^~~~~~~
/home/gps/YEAR/src/GITS/YEAR_src_PLAY/SCRATCH_ZONE_20/in_Py2_OLD/SPIN_py/SPIN_py/Py_Wrap/P_ref_base.h:98:47: error: ‘struct PY_Object_plain’ has no member named ‘ob_type’
   98 |                 return PyType_IsSubtype( ref->ob_type, expected );
      |                                               ^~~~~~~
/home/gps/YEAR/src/GITS/YEAR_src_PLAY/SCRATCH_ZONE_20/in_Py2_OLD/SPIN_py/SPIN_py/Py_Wrap/P_ref_base.h: In member function ‘bool P_ref_base_no_ref::is_TYPE(PyTypeObject*) const’:
/home/gps/YEAR/src/GITS/YEAR_src_PLAY/SCRATCH_ZONE_20/in_Py2_OLD/SPIN_py/SPIN_py/Py_Wrap/P_ref_base.h:105:29: error: ‘struct PY_Object_plain’ has no member named ‘ob_type’
  105 |                 return ref->ob_type == expected ;
      |                             ^~~~~~~
/home/gps/YEAR/src/GITS/YEAR_src_PLAY/SCRATCH_ZONE_20/in_Py2_OLD/SPIN_py/SPIN_py/Py_Wrap/P_ref_base.h: In member function ‘bool P_ref_base_no_ref::is_Buffer()’:
/home/gps/YEAR/src/GITS/YEAR_src_PLAY/SCRATCH_ZONE_20/in_Py2_OLD/SPIN_py/SPIN_py/Py_Wrap/P_ref_base.h:116:45: error: ‘PyBuffer_Type’ was not declared in this scope; did you mean ‘PySuper_Type’?
  116 |         bool is_Buffer()        { is_TYPE( &PyBuffer_Type       ); }
      |                                             ^~~~~~~~~~~~~
      |                                             PySuper_Type
/home/gps/YEAR/src/GITS/YEAR_src_PLAY/SCRATCH_ZONE_20/in_Py2_OLD/SPIN_py/SPIN_py/Py_Wrap/P_ref_base.h: In member function ‘bool P_ref_base_no_ref::is_CObject()’:
/home/gps/YEAR/src/GITS/YEAR_src_PLAY/SCRATCH_ZONE_20/in_Py2_OLD/SPIN_py/SPIN_py/Py_Wrap/P_ref_base.h:118:45: error: ‘PyCObject_Type’ was not declared in this scope; did you mean ‘PyObject_Type’?
  118 |         bool is_CObject()       { is_TYPE( &PyCObject_Type      ); }
      |                                             ^~~~~~~~~~~~~~
      |                                             PyObject_Type
/home/gps/YEAR/src/GITS/YEAR_src_PLAY/SCRATCH_ZONE_20/in_Py2_OLD/SPIN_py/SPIN_py/Py_Wrap/P_ref_base.h: In member function ‘bool P_ref_base_no_ref::is_Class()’:
/home/gps/YEAR/src/GITS/YEAR_src_PLAY/SCRATCH_ZONE_20/in_Py2_OLD/SPIN_py/SPIN_py/Py_Wrap/P_ref_base.h:121:45: error: ‘PyClass_Type’ was not declared in this scope; did you mean ‘PyList_Type’?
  121 |         bool is_Class()         { is_TYPE( &PyClass_Type        ); }
      |                                             ^~~~~~~~~~~~
      |                                             PyList_Type
/home/gps/YEAR/src/GITS/YEAR_src_PLAY/SCRATCH_ZONE_20/in_Py2_OLD/SPIN_py/SPIN_py/Py_Wrap/P_ref_base.h: In member function ‘bool P_ref_base_no_ref::is_File()’:
/home/gps/YEAR/src/GITS/YEAR_src_PLAY/SCRATCH_ZONE_20/in_Py2_OLD/SPIN_py/SPIN_py/Py_Wrap/P_ref_base.h:124:45: error: ‘PyFile_Type’ was not declared in this scope; did you mean ‘PyFilter_Type’?
  124 |         bool is_File()          { is_TYPE( &PyFile_Type         ); }
      |                                             ^~~~~~~~~~~
      |                                             PyFilter_Type
/home/gps/YEAR/src/GITS/YEAR_src_PLAY/SCRATCH_ZONE_20/in_Py2_OLD/SPIN_py/SPIN_py/Py_Wrap/P_ref_base.h: In member function ‘bool P_ref_base_no_ref::is_Int()’:
/home/gps/YEAR/src/GITS/YEAR_src_PLAY/SCRATCH_ZONE_20/in_Py2_OLD/SPIN_py/SPIN_py/Py_Wrap/P_ref_base.h:127:45: error: ‘PyInt_Type’ was not declared in this scope; did you mean ‘PySet_Type’?
  127 |         bool is_Int()           { is_TYPE( &PyInt_Type          ); }
      |                                             ^~~~~~~~~~
      |                                             PySet_Type
/home/gps/YEAR/src/GITS/YEAR_src_PLAY/SCRATCH_ZONE_20/in_Py2_OLD/SPIN_py/SPIN_py/Py_Wrap/P_ref_base.h: In member function ‘bool P_ref_base_no_ref::is_String()’:
/home/gps/YEAR/src/GITS/YEAR_src_PLAY/SCRATCH_ZONE_20/in_Py2_OLD/SPIN_py/SPIN_py/Py_Wrap/P_ref_base.h:134:45: error: ‘PyString_Type’ was not declared in this scope; did you mean ‘PySlice_Type’?
  134 |         bool is_String()        { is_TYPE( &PyString_Type       ); }
      |                                             ^~~~~~~~~~~~~
      |                                             PySlice_Type
In file included from /home/gps/YEAR/src/GITS/YEAR_src_PLAY/SCRATCH_ZONE_20/in_Py2_OLD/SPIN_py/SPIN_py/Py_Wrap/P_util.h:6,
                 from /home/gps/YEAR/src/GITS/YEAR_src_PLAY/SCRATCH_ZONE_20/in_Py2_OLD/SPIN_py/SPIN_py/Py_Wrap/PY_Object_base.h:6,
                 from /home/gps/YEAR/src/GITS/YEAR_src_PLAY/SCRATCH_ZONE_20/in_Py2_OLD/SPIN_py/SPIN_py/elem_info/elem_info.h:8,
                 from /home/gps/YEAR/src/GITS/YEAR_src_PLAY/SCRATCH_ZONE_20/in_Py2_OLD/SPIN_py/SPIN_py/app_link/app_link.h:7,
                 from /home/gps/YEAR/src/GITS/YEAR_src_PLAY/SCRATCH_ZONE_20/in_Py2_OLD/SPIN_py/SPIN_py/SP_App/SP_App.h:12,
                 from /home/gps/YEAR/src/GITS/YEAR_src_PLAY/SCRATCH_ZONE_20/in_Py2_OLD/SPIN_py/SPIN_py/spin_misc/spin_py_mod.cxx:7:
/home/gps/YEAR/src/GITS/YEAR_src_PLAY/SCRATCH_ZONE_20/in_Py2_OLD/SPIN_py/SPIN_py/Py_Wrap/PY_Static.h: In static member function ‘static bool PY_Static::IS_String(PyObject*)’:
/home/gps/YEAR/src/GITS/YEAR_src_PLAY/SCRATCH_ZONE_20/in_Py2_OLD/SPIN_py/SPIN_py/Py_Wrap/PY_Static.h:37:31: error: ‘PyString_Check’ was not declared in this scope; did you mean ‘PyMapping_Check’?
   37 |                 return obj && PyString_Check( obj );
      |                               ^~~~~~~~~~~~~~
      |                               PyMapping_Check
/home/gps/YEAR/src/GITS/YEAR_src_PLAY/SCRATCH_ZONE_20/in_Py2_OLD/SPIN_py/SPIN_py/Py_Wrap/PY_Static.h: In static member function ‘static bool PY_Static::IS_Int(PyObject*)’:
/home/gps/YEAR/src/GITS/YEAR_src_PLAY/SCRATCH_ZONE_20/in_Py2_OLD/SPIN_py/SPIN_py/Py_Wrap/PY_Static.h:42:31: error: ‘PyInt_Check’ was not declared in this scope; did you mean ‘PySet_Check’?
   42 |                 return obj && PyInt_Check( obj );
      |                               ^~~~~~~~~~~
      |                               PySet_Check
/home/gps/YEAR/src/GITS/YEAR_src_PLAY/SCRATCH_ZONE_20/in_Py2_OLD/SPIN_py/SPIN_py/Py_Wrap/PY_Static.h: In static member function ‘static bool PY_Static::IS_Instance(PyObject*)’:
/home/gps/YEAR/src/GITS/YEAR_src_PLAY/SCRATCH_ZONE_20/in_Py2_OLD/SPIN_py/SPIN_py/Py_Wrap/PY_Static.h:62:31: error: ‘PyInstance_Check’ was not declared in this scope; did you mean ‘PyGILState_Check’?
   62 |                 return obj && PyInstance_Check( obj );
      |                               ^~~~~~~~~~~~~~~~
      |                               PyGILState_Check
/home/gps/YEAR/src/GITS/YEAR_src_PLAY/SCRATCH_ZONE_20/in_Py2_OLD/SPIN_py/SPIN_py/Py_Wrap/PY_Static.h: In static member function ‘static bool PY_Static::Expect_String(PyObject*)’:
/home/gps/YEAR/src/GITS/YEAR_src_PLAY/SCRATCH_ZONE_20/in_Py2_OLD/SPIN_py/SPIN_py/Py_Wrap/PY_Static.h:83:44: error: ‘PyString_Type’ was not declared in this scope; did you mean ‘PySlice_Type’?
   83 |                 return Expect_Type( obj, & PyString_Type );
      |                                            ^~~~~~~~~~~~~
      |                                            PySlice_Type
/home/gps/YEAR/src/GITS/YEAR_src_PLAY/SCRATCH_ZONE_20/in_Py2_OLD/SPIN_py/SPIN_py/Py_Wrap/PY_Static.h: In static member function ‘static bool PY_Static::Expect_Instance(PyObject*)’:
/home/gps/YEAR/src/GITS/YEAR_src_PLAY/SCRATCH_ZONE_20/in_Py2_OLD/SPIN_py/SPIN_py/Py_Wrap/PY_Static.h:103:44: error: ‘PyInstance_Type’ was not declared in this scope; did you mean ‘PyRange_Type’?
  103 |                 return Expect_Type( obj, & PyInstance_Type );
      |                                            ^~~~~~~~~~~~~~~
      |                                            PyRange_Type
In file included from /home/gps/YEAR/src/GITS/YEAR_src_PLAY/SCRATCH_ZONE_20/in_Py2_OLD/SPIN_py/SPIN_py/Py_Wrap/PY_Object_base.h:7,
                 from /home/gps/YEAR/src/GITS/YEAR_src_PLAY/SCRATCH_ZONE_20/in_Py2_OLD/SPIN_py/SPIN_py/elem_info/elem_info.h:8,
                 from /home/gps/YEAR/src/GITS/YEAR_src_PLAY/SCRATCH_ZONE_20/in_Py2_OLD/SPIN_py/SPIN_py/app_link/app_link.h:7,
                 from /home/gps/YEAR/src/GITS/YEAR_src_PLAY/SCRATCH_ZONE_20/in_Py2_OLD/SPIN_py/SPIN_py/SP_App/SP_App.h:12,
                 from /home/gps/YEAR/src/GITS/YEAR_src_PLAY/SCRATCH_ZONE_20/in_Py2_OLD/SPIN_py/SPIN_py/spin_misc/spin_py_mod.cxx:7:
/home/gps/YEAR/src/GITS/YEAR_src_PLAY/SCRATCH_ZONE_20/in_Py2_OLD/SPIN_py/SPIN_py/Py_Wrap/P_ref.h: At global scope:
/home/gps/YEAR/src/GITS/YEAR_src_PLAY/SCRATCH_ZONE_20/in_Py2_OLD/SPIN_py/SPIN_py/Py_Wrap/P_ref.h:9:28: error: ‘PyIntObject’ was not declared in this scope; did you mean ‘PySetObject’?
    9 | class P_Int : public P_ref<PyIntObject>
      |                            ^~~~~~~~~~~
      |                            PySetObject
/home/gps/YEAR/src/GITS/YEAR_src_PLAY/SCRATCH_ZONE_20/in_Py2_OLD/SPIN_py/SPIN_py/Py_Wrap/P_ref.h:9:39: error: template argument 1 is invalid
    9 | class P_Int : public P_ref<PyIntObject>
      |                                       ^
/home/gps/YEAR/src/GITS/YEAR_src_PLAY/SCRATCH_ZONE_20/in_Py2_OLD/SPIN_py/SPIN_py/Py_Wrap/P_ref.h:16:27: error: expected ‘)’ before ‘*’ token
   16 |         P_Int( PyIntObject * p )
      |              ~            ^~
      |                           )
/home/gps/YEAR/src/GITS/YEAR_src_PLAY/SCRATCH_ZONE_20/in_Py2_OLD/SPIN_py/SPIN_py/Py_Wrap/P_ref.h: In constructor ‘P_Int::P_Int(PyObject*)’:
/home/gps/YEAR/src/GITS/YEAR_src_PLAY/SCRATCH_ZONE_20/in_Py2_OLD/SPIN_py/SPIN_py/Py_Wrap/P_ref.h:22:21: error: ‘PyInt_Check’ was not declared in this scope; did you mean ‘PySet_Check’?
   22 |                 if( PyInt_Check( p ))
      |                     ^~~~~~~~~~~
      |                     PySet_Check
/home/gps/YEAR/src/GITS/YEAR_src_PLAY/SCRATCH_ZONE_20/in_Py2_OLD/SPIN_py/SPIN_py/Py_Wrap/P_ref.h:23:25: error: ‘set_ptr_ok_claim’ was not declared in this scope
   23 |                         set_ptr_ok_claim(p);
      |                         ^~~~~~~~~~~~~~~~
/home/gps/YEAR/src/GITS/YEAR_src_PLAY/SCRATCH_ZONE_20/in_Py2_OLD/SPIN_py/SPIN_py/Py_Wrap/P_ref.h: In member function ‘int P_Int::get_int() const’:
/home/gps/YEAR/src/GITS/YEAR_src_PLAY/SCRATCH_ZONE_20/in_Py2_OLD/SPIN_py/SPIN_py/Py_Wrap/P_ref.h:31:20: error: ‘is_null_error’ was not declared in this scope
   31 |                 if(is_null_error()) return 0;
      |                    ^~~~~~~~~~~~~
/home/gps/YEAR/src/GITS/YEAR_src_PLAY/SCRATCH_ZONE_20/in_Py2_OLD/SPIN_py/SPIN_py/Py_Wrap/P_ref.h:32:24: error: ‘ptr’ was not declared in this scope
   32 |                 return ptr()->ob_ival;
      |                        ^~~
/home/gps/YEAR/src/GITS/YEAR_src_PLAY/SCRATCH_ZONE_20/in_Py2_OLD/SPIN_py/SPIN_py/Py_Wrap/P_ref.h: In member function ‘void P_Int::set_int(int)’:
/home/gps/YEAR/src/GITS/YEAR_src_PLAY/SCRATCH_ZONE_20/in_Py2_OLD/SPIN_py/SPIN_py/Py_Wrap/P_ref.h:36:20: error: ‘is_null’ was not declared in this scope
   36 |                 if(is_null() || is_shared())
      |                    ^~~~~~~
/home/gps/YEAR/src/GITS/YEAR_src_PLAY/SCRATCH_ZONE_20/in_Py2_OLD/SPIN_py/SPIN_py/Py_Wrap/P_ref.h:36:33: error: ‘is_shared’ was not declared in this scope
   36 |                 if(is_null() || is_shared())
      |                                 ^~~~~~~~~
/home/gps/YEAR/src/GITS/YEAR_src_PLAY/SCRATCH_ZONE_20/in_Py2_OLD/SPIN_py/SPIN_py/Py_Wrap/P_ref.h:37:42: error: ‘PyIntObject’ was not declared in this scope; did you mean ‘PySetObject’?
   37 |                         set_ptr_snatch( (PyIntObject *) PyInt_FromLong( ival ));
      |                                          ^~~~~~~~~~~
      |                                          PySetObject
/home/gps/YEAR/src/GITS/YEAR_src_PLAY/SCRATCH_ZONE_20/in_Py2_OLD/SPIN_py/SPIN_py/Py_Wrap/P_ref.h:37:55: error: expected primary-expression before ‘)’ token
   37 |                         set_ptr_snatch( (PyIntObject *) PyInt_FromLong( ival ));
      |                                                       ^
/home/gps/YEAR/src/GITS/YEAR_src_PLAY/SCRATCH_ZONE_20/in_Py2_OLD/SPIN_py/SPIN_py/Py_Wrap/P_ref.h:37:25: error: ‘set_ptr_snatch’ was not declared in this scope
   37 |                         set_ptr_snatch( (PyIntObject *) PyInt_FromLong( ival ));
      |                         ^~~~~~~~~~~~~~
/home/gps/YEAR/src/GITS/YEAR_src_PLAY/SCRATCH_ZONE_20/in_Py2_OLD/SPIN_py/SPIN_py/Py_Wrap/P_ref.h:39:25: error: ‘ptr’ was not declared in this scope
   39 |                         ptr()->ob_ival = ival;
      |                         ^~~
/home/gps/YEAR/src/GITS/YEAR_src_PLAY/SCRATCH_ZONE_20/in_Py2_OLD/SPIN_py/SPIN_py/Py_Wrap/P_ref.h: At global scope:
/home/gps/YEAR/src/GITS/YEAR_src_PLAY/SCRATCH_ZONE_20/in_Py2_OLD/SPIN_py/SPIN_py/Py_Wrap/P_ref.h:283:31: error: ‘PyStringObject’ was not declared in this scope; did you mean ‘PySliceObject’?
  283 | class P_String : public P_ref<PyStringObject>
      |                               ^~~~~~~~~~~~~~
      |                               PySliceObject
/home/gps/YEAR/src/GITS/YEAR_src_PLAY/SCRATCH_ZONE_20/in_Py2_OLD/SPIN_py/SPIN_py/Py_Wrap/P_ref.h:283:45: error: template argument 1 is invalid
  283 | class P_String : public P_ref<PyStringObject>
      |                                             ^
/home/gps/YEAR/src/GITS/YEAR_src_PLAY/SCRATCH_ZONE_20/in_Py2_OLD/SPIN_py/SPIN_py/Py_Wrap/P_ref.h: In constructor ‘P_String::P_String()’:
/home/gps/YEAR/src/GITS/YEAR_src_PLAY/SCRATCH_ZONE_20/in_Py2_OLD/SPIN_py/SPIN_py/Py_Wrap/P_ref.h:288:17: error: ‘ref’ was not declared in this scope; did you mean ‘erf’?
  288 |                 ref = NULL;
      |                 ^~~
      |                 erf
/home/gps/YEAR/src/GITS/YEAR_src_PLAY/SCRATCH_ZONE_20/in_Py2_OLD/SPIN_py/SPIN_py/Py_Wrap/P_ref.h: In constructor ‘P_String::P_String(const char*)’:
/home/gps/YEAR/src/GITS/YEAR_src_PLAY/SCRATCH_ZONE_20/in_Py2_OLD/SPIN_py/SPIN_py/Py_Wrap/P_ref.h:292:17: error: ‘ref’ was not declared in this scope; did you mean ‘erf’?
  292 |                 ref = NULL;
      |                 ^~~
      |                 erf
/home/gps/YEAR/src/GITS/YEAR_src_PLAY/SCRATCH_ZONE_20/in_Py2_OLD/SPIN_py/SPIN_py/Py_Wrap/P_ref.h: In constructor ‘P_String::P_String(const PyObject*)’:
/home/gps/YEAR/src/GITS/YEAR_src_PLAY/SCRATCH_ZONE_20/in_Py2_OLD/SPIN_py/SPIN_py/Py_Wrap/P_ref.h:297:17: error: ‘ref’ was not declared in this scope; did you mean ‘erf’?
  297 |                 ref = NULL;
      |                 ^~~
      |                 erf
/home/gps/YEAR/src/GITS/YEAR_src_PLAY/SCRATCH_ZONE_20/in_Py2_OLD/SPIN_py/SPIN_py/Py_Wrap/P_ref.h: In member function ‘const char* P_String::get_str() const’:
/home/gps/YEAR/src/GITS/YEAR_src_PLAY/SCRATCH_ZONE_20/in_Py2_OLD/SPIN_py/SPIN_py/Py_Wrap/P_ref.h:309:21: error: ‘is_null’ was not declared in this scope
  309 |                 if( is_null() ) return "";
      |                     ^~~~~~~
/home/gps/YEAR/src/GITS/YEAR_src_PLAY/SCRATCH_ZONE_20/in_Py2_OLD/SPIN_py/SPIN_py/Py_Wrap/P_ref.h:310:43: error: ‘py_ptr’ was not declared in this scope
  310 |                 return PyString_AsString( py_ptr() );
      |                                           ^~~~~~
/home/gps/YEAR/src/GITS/YEAR_src_PLAY/SCRATCH_ZONE_20/in_Py2_OLD/SPIN_py/SPIN_py/Py_Wrap/P_ref.h:310:24: error: ‘PyString_AsString’ was not declared in this scope
  310 |                 return PyString_AsString( py_ptr() );
      |                        ^~~~~~~~~~~~~~~~~
/home/gps/YEAR/src/GITS/YEAR_src_PLAY/SCRATCH_ZONE_20/in_Py2_OLD/SPIN_py/SPIN_py/Py_Wrap/P_ref.h: In member function ‘bool P_String::set_str(const PyObject*)’:
/home/gps/YEAR/src/GITS/YEAR_src_PLAY/SCRATCH_ZONE_20/in_Py2_OLD/SPIN_py/SPIN_py/Py_Wrap/P_ref.h:316:25: error: ‘claim_this’ was not declared in this scope
  316 |                         claim_this( (PyObject *)str ); // COPY ??
      |                         ^~~~~~~~~~
/home/gps/YEAR/src/GITS/YEAR_src_PLAY/SCRATCH_ZONE_20/in_Py2_OLD/SPIN_py/SPIN_py/Py_Wrap/P_ref.h:319:21: error: ‘PyString_Check’ was not declared in this scope; did you mean ‘PyMapping_Check’?
  319 |                 if(!PyString_Check( str ))
      |                     ^~~~~~~~~~~~~~
      |                     PyMapping_Check
/home/gps/YEAR/src/GITS/YEAR_src_PLAY/SCRATCH_ZONE_20/in_Py2_OLD/SPIN_py/SPIN_py/Py_Wrap/P_ref.h:326:17: error: ‘claim_this’ was not declared in this scope
  326 |                 claim_this( (PyObject *)str ); // COPY ??
      |                 ^~~~~~~~~~
/home/gps/YEAR/src/GITS/YEAR_src_PLAY/SCRATCH_ZONE_20/in_Py2_OLD/SPIN_py/SPIN_py/Py_Wrap/P_ref.h:327:24: error: ‘ref’ was not declared in this scope; did you mean ‘erf’?
  327 |                 return ref;
      |                        ^~~
      |                        erf
/home/gps/YEAR/src/GITS/YEAR_src_PLAY/SCRATCH_ZONE_20/in_Py2_OLD/SPIN_py/SPIN_py/Py_Wrap/P_ref.h: In member function ‘bool P_String::set_str(const char*)’:
/home/gps/YEAR/src/GITS/YEAR_src_PLAY/SCRATCH_ZONE_20/in_Py2_OLD/SPIN_py/SPIN_py/Py_Wrap/P_ref.h:331:30: error: ‘PyString_FromString’ was not declared in this scope; did you mean ‘PyLong_FromString’?
  331 |                 snatch_this( PyString_FromString( str ) );
      |                              ^~~~~~~~~~~~~~~~~~~
      |                              PyLong_FromString
/home/gps/YEAR/src/GITS/YEAR_src_PLAY/SCRATCH_ZONE_20/in_Py2_OLD/SPIN_py/SPIN_py/Py_Wrap/P_ref.h:331:17: error: ‘snatch_this’ was not declared in this scope
  331 |                 snatch_this( PyString_FromString( str ) );
      |                 ^~~~~~~~~~~
/home/gps/YEAR/src/GITS/YEAR_src_PLAY/SCRATCH_ZONE_20/in_Py2_OLD/SPIN_py/SPIN_py/Py_Wrap/P_ref.h:332:24: error: ‘ref’ was not declared in this scope; did you mean ‘erf’?
  332 |                 return ref;
      |                        ^~~
      |                        erf
/home/gps/YEAR/src/GITS/YEAR_src_PLAY/SCRATCH_ZONE_20/in_Py2_OLD/SPIN_py/SPIN_py/Py_Wrap/P_ref.h: In member function ‘void P_String::set_null()’:
/home/gps/YEAR/src/GITS/YEAR_src_PLAY/SCRATCH_ZONE_20/in_Py2_OLD/SPIN_py/SPIN_py/Py_Wrap/P_ref.h:336:17: error: ‘set_ptr_ok_snatch’ was not declared in this scope
  336 |                 set_ptr_ok_snatch(NULL);
      |                 ^~~~~~~~~~~~~~~~~
In file included from /tools/x86_64/py/include/python3.11/Python.h:38,
                 from /home/gps/YEAR/src/GITS/YEAR_src_PLAY/SCRATCH_ZONE_20/in_Py2_OLD/SPIN_py/SPIN_py/app_types.h:4,
                 from /home/gps/YEAR/src/GITS/YEAR_src_PLAY/SCRATCH_ZONE_20/in_Py2_OLD/SPIN_py/SPIN_py/SP_App/SP_App.h:11,
                 from /home/gps/YEAR/src/GITS/YEAR_src_PLAY/SCRATCH_ZONE_20/in_Py2_OLD/SPIN_py/SPIN_py/spin_misc/spin_py_mod.cxx:7:
/home/gps/YEAR/src/GITS/YEAR_src_PLAY/SCRATCH_ZONE_20/in_Py2_OLD/SPIN_py/SPIN_py/spin_misc/spin_py_mod.cxx: In function ‘PyObject* SPIN_string_type(PyObject*, PyObject*)’:
/home/gps/YEAR/src/GITS/YEAR_src_PLAY/SCRATCH_ZONE_20/in_Py2_OLD/SPIN_py/SPIN_py/spin_misc/spin_py_mod.cxx:92:22: error: ‘PyString_Type’ was not declared in this scope; did you mean ‘PySlice_Type’?
   92 |         Py_INCREF( & PyString_Type) ;
      |                      ^~~~~~~~~~~~~
/home/gps/YEAR/src/GITS/YEAR_src_PLAY/SCRATCH_ZONE_20/in_Py2_OLD/SPIN_py/SPIN_py/spin_misc/spin_py_mod.cxx: In function ‘void initspin_py()’:
/home/gps/YEAR/src/GITS/YEAR_src_PLAY/SCRATCH_ZONE_20/in_Py2_OLD/SPIN_py/SPIN_py/spin_misc/spin_py_mod.cxx:183:24: error: ‘Py_InitModule’ was not declared in this scope
  183 |                 (void) Py_InitModule((char *) "spin_py", SpinMethods);
      |                        ^~~~~~~~~~~~~
make[1]: *** [/home/gps/YEAR/src/GITS/YEAR_src_PLAY/SCRATCH_ZONE_20/in_Py2_OLD/SPIN_py/SPIN_Makefiles/MK_SPIN_compile:60: spin_py_mod.o] Error 1
make[1]: Leaving directory '/home/gps/YEAR/src/GITS/YEAR_src_PLAY/SCRATCH_ZONE_20/in_Py2_OLD/SPIN_py/SPIN_build_16_so_/SPIN_py'
make: *** [../SPIN_Makefiles/MK_SPIN_top_2:170: SPIN_py] Error 2
making SPIN_py
cd SPIN_py && \
env > /tmp/fa1 && \
make \
	xVPATH1=/home/gps/YEAR/src/GITS/YEAR_src_PLAY/SCRATCH_ZONE_20/in_Py2_OLD/SPIN_py/SPIN_py \
	OPT_DEBUG='-g' OPT_OPTIM='' OPT_CSET='-DSP_MULTI_BYTE ' OPT_PIC='-fPIC' OPT_LIBNAME='osp' OPT_LIB_EXT='so' OPT_THREADS='-DSP_MUTEX_PTHREADS ' src_sp='/home/gps/YEAR/src_build/SP/OpenSP-1.5.1_gps_build' src_spin='/home/gps/YEAR/src/GITS/YEAR_src_PLAY/SCRATCH_ZONE_20/in_Py2_OLD/SPIN_py' dir_SP_lib='/home/gps/YEAR/src/GITS/YEAR_src_PLAY/SCRATCH_ZONE_20/in_Py2_OLD/SPIN_py/SP_lib' LINKDIRS='-L/home/gps/YEAR/src/GITS/YEAR_src_PLAY/SCRATCH_ZONE_20/in_Py2_OLD/SPIN_py/SP_lib' PYTHON_INCLUDE='-I/tools/x86_64/py/include/python3.11' \
	-f /home/gps/YEAR/src/GITS/YEAR_src_PLAY/SCRATCH_ZONE_20/in_Py2_OLD/SPIN_py/SPIN_py/Makefile.app \
	-f /home/gps/YEAR/src/GITS/YEAR_src_PLAY/SCRATCH_ZONE_20/in_Py2_OLD/SPIN_py/SPIN_Makefiles/MK_SPIN_site \
	-f /home/gps/YEAR/src/GITS/YEAR_src_PLAY/SCRATCH_ZONE_20/in_Py2_OLD/SPIN_py/SPIN_Makefiles/MK_SPIN_prog \
	-f /home/gps/YEAR/src/GITS/YEAR_src_PLAY/SCRATCH_ZONE_20/in_Py2_OLD/SPIN_py/SPIN_Makefiles/MK_SPIN_compile \
	all
make[1]: Entering directory '/home/gps/YEAR/src/GITS/YEAR_src_PLAY/SCRATCH_ZONE_20/in_Py2_OLD/SPIN_py/SPIN_build_16_so_/SPIN_py'
cd /home/gps/YEAR/src/GITS/YEAR_src_PLAY/SCRATCH_ZONE_20/in_Py2_OLD/SPIN_py/SPIN_py/SP_App && make -f Makefile_src
make[2]: Entering directory '/home/gps/YEAR/src/GITS/YEAR_src_PLAY/SCRATCH_ZONE_20/in_Py2_OLD/SPIN_py/SPIN_py/SP_App'
make[2]: 'SP_App.cxx' is up to date.
make[2]: Leaving directory '/home/gps/YEAR/src/GITS/YEAR_src_PLAY/SCRATCH_ZONE_20/in_Py2_OLD/SPIN_py/SPIN_py/SP_App'
c++ -fno-implicit-templates -ansi -g -fPIC  -DSP_MULTI_BYTE  -DSP_MUTEX_PTHREADS  -DSP_HAVE_BOOL  -DSP_ANSI_CLASS_INST  -I/tools/x86_64/py/include/python3.11 -I/home/gps/G/prefix/SP/include/OpenSP -I.   -c /home/gps/YEAR/src/GITS/YEAR_src_PLAY/SCRATCH_ZONE_20/in_Py2_OLD/SPIN_py/SPIN_py/spin_misc/spin_py_mod.cxx
In file included from /home/gps/YEAR/src/GITS/YEAR_src_PLAY/SCRATCH_ZONE_20/in_Py2_OLD/SPIN_py/SPIN_py/Py_Wrap/PY_Object_base.h:4,
                 from /home/gps/YEAR/src/GITS/YEAR_src_PLAY/SCRATCH_ZONE_20/in_Py2_OLD/SPIN_py/SPIN_py/elem_info/elem_info.h:8,
                 from /home/gps/YEAR/src/GITS/YEAR_src_PLAY/SCRATCH_ZONE_20/in_Py2_OLD/SPIN_py/SPIN_py/app_link/app_link.h:7,
                 from /home/gps/YEAR/src/GITS/YEAR_src_PLAY/SCRATCH_ZONE_20/in_Py2_OLD/SPIN_py/SPIN_py/SP_App/SP_App.h:12,
                 from /home/gps/YEAR/src/GITS/YEAR_src_PLAY/SCRATCH_ZONE_20/in_Py2_OLD/SPIN_py/SPIN_py/spin_misc/spin_py_mod.cxx:7:
/home/gps/YEAR/src/GITS/YEAR_src_PLAY/SCRATCH_ZONE_20/in_Py2_OLD/SPIN_py/SPIN_py/Py_Wrap/PY_Object_plain.h: In member function ‘const char* PY_Object_plain::type_name() const’:
/home/gps/YEAR/src/GITS/YEAR_src_PLAY/SCRATCH_ZONE_20/in_Py2_OLD/SPIN_py/SPIN_py/Py_Wrap/PY_Object_plain.h:86:24: error: ‘ob_type’ was not declared in this scope
   86 |                 return ob_type->tp_name;
      |                        ^~~~~~~
/home/gps/YEAR/src/GITS/YEAR_src_PLAY/SCRATCH_ZONE_20/in_Py2_OLD/SPIN_py/SPIN_py/Py_Wrap/PY_Object_plain.h: In member function ‘bool PY_Object_plain::Is_Type(PyTypeObject*)’:
/home/gps/YEAR/src/GITS/YEAR_src_PLAY/SCRATCH_ZONE_20/in_Py2_OLD/SPIN_py/SPIN_py/Py_Wrap/PY_Object_plain.h:126:36: error: ‘ob_type’ was not declared in this scope
  126 |                 return expected == ob_type;
      |                                    ^~~~~~~
In file included from /home/gps/YEAR/src/GITS/YEAR_src_PLAY/SCRATCH_ZONE_20/in_Py2_OLD/SPIN_py/SPIN_py/Py_Wrap/P_util.h:4,
                 from /home/gps/YEAR/src/GITS/YEAR_src_PLAY/SCRATCH_ZONE_20/in_Py2_OLD/SPIN_py/SPIN_py/Py_Wrap/PY_Object_base.h:6,
                 from /home/gps/YEAR/src/GITS/YEAR_src_PLAY/SCRATCH_ZONE_20/in_Py2_OLD/SPIN_py/SPIN_py/elem_info/elem_info.h:8,
                 from /home/gps/YEAR/src/GITS/YEAR_src_PLAY/SCRATCH_ZONE_20/in_Py2_OLD/SPIN_py/SPIN_py/app_link/app_link.h:7,
                 from /home/gps/YEAR/src/GITS/YEAR_src_PLAY/SCRATCH_ZONE_20/in_Py2_OLD/SPIN_py/SPIN_py/SP_App/SP_App.h:12,
                 from /home/gps/YEAR/src/GITS/YEAR_src_PLAY/SCRATCH_ZONE_20/in_Py2_OLD/SPIN_py/SPIN_py/spin_misc/spin_py_mod.cxx:7:
/home/gps/YEAR/src/GITS/YEAR_src_PLAY/SCRATCH_ZONE_20/in_Py2_OLD/SPIN_py/SPIN_py/Py_Wrap/P_ref_base.h: In member function ‘int P_ref_base_no_ref::ref_count() const’:
/home/gps/YEAR/src/GITS/YEAR_src_PLAY/SCRATCH_ZONE_20/in_Py2_OLD/SPIN_py/SPIN_py/Py_Wrap/P_ref_base.h:66:29: error: ‘struct PY_Object_plain’ has no member named ‘ob_refcnt’
   66 |                 return ref->ob_refcnt;
      |                             ^~~~~~~~~
/home/gps/YEAR/src/GITS/YEAR_src_PLAY/SCRATCH_ZONE_20/in_Py2_OLD/SPIN_py/SPIN_py/Py_Wrap/P_ref_base.h: In member function ‘bool P_ref_base_no_ref::is_SUBTYPE(PyTypeObject*) const’:
/home/gps/YEAR/src/GITS/YEAR_src_PLAY/SCRATCH_ZONE_20/in_Py2_OLD/SPIN_py/SPIN_py/Py_Wrap/P_ref_base.h:89:27: error: ‘struct PY_Object_plain’ has no member named ‘ob_type’
   89 |                 if(  ref->ob_type == expected ) return true;
      |                           ^~~~~~~
/home/gps/YEAR/src/GITS/YEAR_src_PLAY/SCRATCH_ZONE_20/in_Py2_OLD/SPIN_py/SPIN_py/Py_Wrap/P_ref_base.h: In member function ‘bool P_ref_base_no_ref::is_SUBTYPE_fn(PyTypeObject*) const’:
/home/gps/YEAR/src/GITS/YEAR_src_PLAY/SCRATCH_ZONE_20/in_Py2_OLD/SPIN_py/SPIN_py/Py_Wrap/P_ref_base.h:97:27: error: ‘struct PY_Object_plain’ has no member named ‘ob_type’
   97 |                 if(  ref->ob_type == expected ) return true;
      |                           ^~~~~~~
/home/gps/YEAR/src/GITS/YEAR_src_PLAY/SCRATCH_ZONE_20/in_Py2_OLD/SPIN_py/SPIN_py/Py_Wrap/P_ref_base.h:98:47: error: ‘struct PY_Object_plain’ has no member named ‘ob_type’
   98 |                 return PyType_IsSubtype( ref->ob_type, expected );
      |                                               ^~~~~~~
/home/gps/YEAR/src/GITS/YEAR_src_PLAY/SCRATCH_ZONE_20/in_Py2_OLD/SPIN_py/SPIN_py/Py_Wrap/P_ref_base.h: In member function ‘bool P_ref_base_no_ref::is_TYPE(PyTypeObject*) const’:
/home/gps/YEAR/src/GITS/YEAR_src_PLAY/SCRATCH_ZONE_20/in_Py2_OLD/SPIN_py/SPIN_py/Py_Wrap/P_ref_base.h:105:29: error: ‘struct PY_Object_plain’ has no member named ‘ob_type’
  105 |                 return ref->ob_type == expected ;
      |                             ^~~~~~~
/home/gps/YEAR/src/GITS/YEAR_src_PLAY/SCRATCH_ZONE_20/in_Py2_OLD/SPIN_py/SPIN_py/Py_Wrap/P_ref_base.h: In member function ‘bool P_ref_base_no_ref::is_Buffer()’:
/home/gps/YEAR/src/GITS/YEAR_src_PLAY/SCRATCH_ZONE_20/in_Py2_OLD/SPIN_py/SPIN_py/Py_Wrap/P_ref_base.h:116:45: error: ‘PyBuffer_Type’ was not declared in this scope; did you mean ‘PySuper_Type’?
  116 |         bool is_Buffer()        { is_TYPE( &PyBuffer_Type       ); }
      |                                             ^~~~~~~~~~~~~
      |                                             PySuper_Type
/home/gps/YEAR/src/GITS/YEAR_src_PLAY/SCRATCH_ZONE_20/in_Py2_OLD/SPIN_py/SPIN_py/Py_Wrap/P_ref_base.h: In member function ‘bool P_ref_base_no_ref::is_CObject()’:
/home/gps/YEAR/src/GITS/YEAR_src_PLAY/SCRATCH_ZONE_20/in_Py2_OLD/SPIN_py/SPIN_py/Py_Wrap/P_ref_base.h:118:45: error: ‘PyCObject_Type’ was not declared in this scope; did you mean ‘PyObject_Type’?
  118 |         bool is_CObject()       { is_TYPE( &PyCObject_Type      ); }
      |                                             ^~~~~~~~~~~~~~
      |                                             PyObject_Type
/home/gps/YEAR/src/GITS/YEAR_src_PLAY/SCRATCH_ZONE_20/in_Py2_OLD/SPIN_py/SPIN_py/Py_Wrap/P_ref_base.h: In member function ‘bool P_ref_base_no_ref::is_Class()’:
/home/gps/YEAR/src/GITS/YEAR_src_PLAY/SCRATCH_ZONE_20/in_Py2_OLD/SPIN_py/SPIN_py/Py_Wrap/P_ref_base.h:121:45: error: ‘PyClass_Type’ was not declared in this scope; did you mean ‘PyList_Type’?
  121 |         bool is_Class()         { is_TYPE( &PyClass_Type        ); }
      |                                             ^~~~~~~~~~~~
      |                                             PyList_Type
/home/gps/YEAR/src/GITS/YEAR_src_PLAY/SCRATCH_ZONE_20/in_Py2_OLD/SPIN_py/SPIN_py/Py_Wrap/P_ref_base.h: In member function ‘bool P_ref_base_no_ref::is_File()’:
/home/gps/YEAR/src/GITS/YEAR_src_PLAY/SCRATCH_ZONE_20/in_Py2_OLD/SPIN_py/SPIN_py/Py_Wrap/P_ref_base.h:124:45: error: ‘PyFile_Type’ was not declared in this scope; did you mean ‘PyFilter_Type’?
  124 |         bool is_File()          { is_TYPE( &PyFile_Type         ); }
      |                                             ^~~~~~~~~~~
      |                                             PyFilter_Type
/home/gps/YEAR/src/GITS/YEAR_src_PLAY/SCRATCH_ZONE_20/in_Py2_OLD/SPIN_py/SPIN_py/Py_Wrap/P_ref_base.h: In member function ‘bool P_ref_base_no_ref::is_Int()’:
/home/gps/YEAR/src/GITS/YEAR_src_PLAY/SCRATCH_ZONE_20/in_Py2_OLD/SPIN_py/SPIN_py/Py_Wrap/P_ref_base.h:127:45: error: ‘PyInt_Type’ was not declared in this scope; did you mean ‘PySet_Type’?
  127 |         bool is_Int()           { is_TYPE( &PyInt_Type          ); }
      |                                             ^~~~~~~~~~
      |                                             PySet_Type
/home/gps/YEAR/src/GITS/YEAR_src_PLAY/SCRATCH_ZONE_20/in_Py2_OLD/SPIN_py/SPIN_py/Py_Wrap/P_ref_base.h: In member function ‘bool P_ref_base_no_ref::is_String()’:
/home/gps/YEAR/src/GITS/YEAR_src_PLAY/SCRATCH_ZONE_20/in_Py2_OLD/SPIN_py/SPIN_py/Py_Wrap/P_ref_base.h:134:45: error: ‘PyString_Type’ was not declared in this scope; did you mean ‘PySlice_Type’?
  134 |         bool is_String()        { is_TYPE( &PyString_Type       ); }
      |                                             ^~~~~~~~~~~~~
      |                                             PySlice_Type
In file included from /home/gps/YEAR/src/GITS/YEAR_src_PLAY/SCRATCH_ZONE_20/in_Py2_OLD/SPIN_py/SPIN_py/Py_Wrap/P_util.h:6,
                 from /home/gps/YEAR/src/GITS/YEAR_src_PLAY/SCRATCH_ZONE_20/in_Py2_OLD/SPIN_py/SPIN_py/Py_Wrap/PY_Object_base.h:6,
                 from /home/gps/YEAR/src/GITS/YEAR_src_PLAY/SCRATCH_ZONE_20/in_Py2_OLD/SPIN_py/SPIN_py/elem_info/elem_info.h:8,
                 from /home/gps/YEAR/src/GITS/YEAR_src_PLAY/SCRATCH_ZONE_20/in_Py2_OLD/SPIN_py/SPIN_py/app_link/app_link.h:7,
                 from /home/gps/YEAR/src/GITS/YEAR_src_PLAY/SCRATCH_ZONE_20/in_Py2_OLD/SPIN_py/SPIN_py/SP_App/SP_App.h:12,
                 from /home/gps/YEAR/src/GITS/YEAR_src_PLAY/SCRATCH_ZONE_20/in_Py2_OLD/SPIN_py/SPIN_py/spin_misc/spin_py_mod.cxx:7:
/home/gps/YEAR/src/GITS/YEAR_src_PLAY/SCRATCH_ZONE_20/in_Py2_OLD/SPIN_py/SPIN_py/Py_Wrap/PY_Static.h: In static member function ‘static bool PY_Static::IS_String(PyObject*)’:
/home/gps/YEAR/src/GITS/YEAR_src_PLAY/SCRATCH_ZONE_20/in_Py2_OLD/SPIN_py/SPIN_py/Py_Wrap/PY_Static.h:37:31: error: ‘PyString_Check’ was not declared in this scope; did you mean ‘PyMapping_Check’?
   37 |                 return obj && PyString_Check( obj );
      |                               ^~~~~~~~~~~~~~
      |                               PyMapping_Check
/home/gps/YEAR/src/GITS/YEAR_src_PLAY/SCRATCH_ZONE_20/in_Py2_OLD/SPIN_py/SPIN_py/Py_Wrap/PY_Static.h: In static member function ‘static bool PY_Static::IS_Int(PyObject*)’:
/home/gps/YEAR/src/GITS/YEAR_src_PLAY/SCRATCH_ZONE_20/in_Py2_OLD/SPIN_py/SPIN_py/Py_Wrap/PY_Static.h:42:31: error: ‘PyInt_Check’ was not declared in this scope; did you mean ‘PySet_Check’?
   42 |                 return obj && PyInt_Check( obj );
      |                               ^~~~~~~~~~~
      |                               PySet_Check
/home/gps/YEAR/src/GITS/YEAR_src_PLAY/SCRATCH_ZONE_20/in_Py2_OLD/SPIN_py/SPIN_py/Py_Wrap/PY_Static.h: In static member function ‘static bool PY_Static::IS_Instance(PyObject*)’:
/home/gps/YEAR/src/GITS/YEAR_src_PLAY/SCRATCH_ZONE_20/in_Py2_OLD/SPIN_py/SPIN_py/Py_Wrap/PY_Static.h:62:31: error: ‘PyInstance_Check’ was not declared in this scope; did you mean ‘PyGILState_Check’?
   62 |                 return obj && PyInstance_Check( obj );
      |                               ^~~~~~~~~~~~~~~~
      |                               PyGILState_Check
/home/gps/YEAR/src/GITS/YEAR_src_PLAY/SCRATCH_ZONE_20/in_Py2_OLD/SPIN_py/SPIN_py/Py_Wrap/PY_Static.h: In static member function ‘static bool PY_Static::Expect_String(PyObject*)’:
/home/gps/YEAR/src/GITS/YEAR_src_PLAY/SCRATCH_ZONE_20/in_Py2_OLD/SPIN_py/SPIN_py/Py_Wrap/PY_Static.h:83:44: error: ‘PyString_Type’ was not declared in this scope; did you mean ‘PySlice_Type’?
   83 |                 return Expect_Type( obj, & PyString_Type );
      |                                            ^~~~~~~~~~~~~
      |                                            PySlice_Type
/home/gps/YEAR/src/GITS/YEAR_src_PLAY/SCRATCH_ZONE_20/in_Py2_OLD/SPIN_py/SPIN_py/Py_Wrap/PY_Static.h: In static member function ‘static bool PY_Static::Expect_Instance(PyObject*)’:
/home/gps/YEAR/src/GITS/YEAR_src_PLAY/SCRATCH_ZONE_20/in_Py2_OLD/SPIN_py/SPIN_py/Py_Wrap/PY_Static.h:103:44: error: ‘PyInstance_Type’ was not declared in this scope; did you mean ‘PyRange_Type’?
  103 |                 return Expect_Type( obj, & PyInstance_Type );
      |                                            ^~~~~~~~~~~~~~~
      |                                            PyRange_Type
In file included from /home/gps/YEAR/src/GITS/YEAR_src_PLAY/SCRATCH_ZONE_20/in_Py2_OLD/SPIN_py/SPIN_py/Py_Wrap/PY_Object_base.h:7,
                 from /home/gps/YEAR/src/GITS/YEAR_src_PLAY/SCRATCH_ZONE_20/in_Py2_OLD/SPIN_py/SPIN_py/elem_info/elem_info.h:8,
                 from /home/gps/YEAR/src/GITS/YEAR_src_PLAY/SCRATCH_ZONE_20/in_Py2_OLD/SPIN_py/SPIN_py/app_link/app_link.h:7,
                 from /home/gps/YEAR/src/GITS/YEAR_src_PLAY/SCRATCH_ZONE_20/in_Py2_OLD/SPIN_py/SPIN_py/SP_App/SP_App.h:12,
                 from /home/gps/YEAR/src/GITS/YEAR_src_PLAY/SCRATCH_ZONE_20/in_Py2_OLD/SPIN_py/SPIN_py/spin_misc/spin_py_mod.cxx:7:
/home/gps/YEAR/src/GITS/YEAR_src_PLAY/SCRATCH_ZONE_20/in_Py2_OLD/SPIN_py/SPIN_py/Py_Wrap/P_ref.h: At global scope:
/home/gps/YEAR/src/GITS/YEAR_src_PLAY/SCRATCH_ZONE_20/in_Py2_OLD/SPIN_py/SPIN_py/Py_Wrap/P_ref.h:9:28: error: ‘PyIntObject’ was not declared in this scope; did you mean ‘PySetObject’?
    9 | class P_Int : public P_ref<PyIntObject>
      |                            ^~~~~~~~~~~
      |                            PySetObject
/home/gps/YEAR/src/GITS/YEAR_src_PLAY/SCRATCH_ZONE_20/in_Py2_OLD/SPIN_py/SPIN_py/Py_Wrap/P_ref.h:9:39: error: template argument 1 is invalid
    9 | class P_Int : public P_ref<PyIntObject>
      |                                       ^
/home/gps/YEAR/src/GITS/YEAR_src_PLAY/SCRATCH_ZONE_20/in_Py2_OLD/SPIN_py/SPIN_py/Py_Wrap/P_ref.h:16:27: error: expected ‘)’ before ‘*’ token
   16 |         P_Int( PyIntObject * p )
      |              ~            ^~
      |                           )
/home/gps/YEAR/src/GITS/YEAR_src_PLAY/SCRATCH_ZONE_20/in_Py2_OLD/SPIN_py/SPIN_py/Py_Wrap/P_ref.h: In constructor ‘P_Int::P_Int(PyObject*)’:
/home/gps/YEAR/src/GITS/YEAR_src_PLAY/SCRATCH_ZONE_20/in_Py2_OLD/SPIN_py/SPIN_py/Py_Wrap/P_ref.h:22:21: error: ‘PyInt_Check’ was not declared in this scope; did you mean ‘PySet_Check’?
   22 |                 if( PyInt_Check( p ))
      |                     ^~~~~~~~~~~
      |                     PySet_Check
/home/gps/YEAR/src/GITS/YEAR_src_PLAY/SCRATCH_ZONE_20/in_Py2_OLD/SPIN_py/SPIN_py/Py_Wrap/P_ref.h:23:25: error: ‘set_ptr_ok_claim’ was not declared in this scope
   23 |                         set_ptr_ok_claim(p);
      |                         ^~~~~~~~~~~~~~~~
/home/gps/YEAR/src/GITS/YEAR_src_PLAY/SCRATCH_ZONE_20/in_Py2_OLD/SPIN_py/SPIN_py/Py_Wrap/P_ref.h: In member function ‘int P_Int::get_int() const’:
/home/gps/YEAR/src/GITS/YEAR_src_PLAY/SCRATCH_ZONE_20/in_Py2_OLD/SPIN_py/SPIN_py/Py_Wrap/P_ref.h:31:20: error: ‘is_null_error’ was not declared in this scope
   31 |                 if(is_null_error()) return 0;
      |                    ^~~~~~~~~~~~~
/home/gps/YEAR/src/GITS/YEAR_src_PLAY/SCRATCH_ZONE_20/in_Py2_OLD/SPIN_py/SPIN_py/Py_Wrap/P_ref.h:32:24: error: ‘ptr’ was not declared in this scope
   32 |                 return ptr()->ob_ival;
      |                        ^~~
/home/gps/YEAR/src/GITS/YEAR_src_PLAY/SCRATCH_ZONE_20/in_Py2_OLD/SPIN_py/SPIN_py/Py_Wrap/P_ref.h: In member function ‘void P_Int::set_int(int)’:
/home/gps/YEAR/src/GITS/YEAR_src_PLAY/SCRATCH_ZONE_20/in_Py2_OLD/SPIN_py/SPIN_py/Py_Wrap/P_ref.h:36:20: error: ‘is_null’ was not declared in this scope
   36 |                 if(is_null() || is_shared())
      |                    ^~~~~~~
/home/gps/YEAR/src/GITS/YEAR_src_PLAY/SCRATCH_ZONE_20/in_Py2_OLD/SPIN_py/SPIN_py/Py_Wrap/P_ref.h:36:33: error: ‘is_shared’ was not declared in this scope
   36 |                 if(is_null() || is_shared())
      |                                 ^~~~~~~~~
/home/gps/YEAR/src/GITS/YEAR_src_PLAY/SCRATCH_ZONE_20/in_Py2_OLD/SPIN_py/SPIN_py/Py_Wrap/P_ref.h:37:42: error: ‘PyIntObject’ was not declared in this scope; did you mean ‘PySetObject’?
   37 |                         set_ptr_snatch( (PyIntObject *) PyInt_FromLong( ival ));
      |                                          ^~~~~~~~~~~
      |                                          PySetObject
/home/gps/YEAR/src/GITS/YEAR_src_PLAY/SCRATCH_ZONE_20/in_Py2_OLD/SPIN_py/SPIN_py/Py_Wrap/P_ref.h:37:55: error: expected primary-expression before ‘)’ token
   37 |                         set_ptr_snatch( (PyIntObject *) PyInt_FromLong( ival ));
      |                                                       ^
/home/gps/YEAR/src/GITS/YEAR_src_PLAY/SCRATCH_ZONE_20/in_Py2_OLD/SPIN_py/SPIN_py/Py_Wrap/P_ref.h:37:25: error: ‘set_ptr_snatch’ was not declared in this scope
   37 |                         set_ptr_snatch( (PyIntObject *) PyInt_FromLong( ival ));
      |                         ^~~~~~~~~~~~~~
/home/gps/YEAR/src/GITS/YEAR_src_PLAY/SCRATCH_ZONE_20/in_Py2_OLD/SPIN_py/SPIN_py/Py_Wrap/P_ref.h:39:25: error: ‘ptr’ was not declared in this scope
   39 |                         ptr()->ob_ival = ival;
      |                         ^~~
/home/gps/YEAR/src/GITS/YEAR_src_PLAY/SCRATCH_ZONE_20/in_Py2_OLD/SPIN_py/SPIN_py/Py_Wrap/P_ref.h: At global scope:
/home/gps/YEAR/src/GITS/YEAR_src_PLAY/SCRATCH_ZONE_20/in_Py2_OLD/SPIN_py/SPIN_py/Py_Wrap/P_ref.h:283:31: error: ‘PyStringObject’ was not declared in this scope; did you mean ‘PySliceObject’?
  283 | class P_String : public P_ref<PyStringObject>
      |                               ^~~~~~~~~~~~~~
      |                               PySliceObject
/home/gps/YEAR/src/GITS/YEAR_src_PLAY/SCRATCH_ZONE_20/in_Py2_OLD/SPIN_py/SPIN_py/Py_Wrap/P_ref.h:283:45: error: template argument 1 is invalid
  283 | class P_String : public P_ref<PyStringObject>
      |                                             ^
/home/gps/YEAR/src/GITS/YEAR_src_PLAY/SCRATCH_ZONE_20/in_Py2_OLD/SPIN_py/SPIN_py/Py_Wrap/P_ref.h: In constructor ‘P_String::P_String()’:
/home/gps/YEAR/src/GITS/YEAR_src_PLAY/SCRATCH_ZONE_20/in_Py2_OLD/SPIN_py/SPIN_py/Py_Wrap/P_ref.h:288:17: error: ‘ref’ was not declared in this scope; did you mean ‘erf’?
  288 |                 ref = NULL;
      |                 ^~~
      |                 erf
/home/gps/YEAR/src/GITS/YEAR_src_PLAY/SCRATCH_ZONE_20/in_Py2_OLD/SPIN_py/SPIN_py/Py_Wrap/P_ref.h: In constructor ‘P_String::P_String(const char*)’:
/home/gps/YEAR/src/GITS/YEAR_src_PLAY/SCRATCH_ZONE_20/in_Py2_OLD/SPIN_py/SPIN_py/Py_Wrap/P_ref.h:292:17: error: ‘ref’ was not declared in this scope; did you mean ‘erf’?
  292 |                 ref = NULL;
      |                 ^~~
      |                 erf
/home/gps/YEAR/src/GITS/YEAR_src_PLAY/SCRATCH_ZONE_20/in_Py2_OLD/SPIN_py/SPIN_py/Py_Wrap/P_ref.h: In constructor ‘P_String::P_String(const PyObject*)’:
/home/gps/YEAR/src/GITS/YEAR_src_PLAY/SCRATCH_ZONE_20/in_Py2_OLD/SPIN_py/SPIN_py/Py_Wrap/P_ref.h:297:17: error: ‘ref’ was not declared in this scope; did you mean ‘erf’?
  297 |                 ref = NULL;
      |                 ^~~
      |                 erf
/home/gps/YEAR/src/GITS/YEAR_src_PLAY/SCRATCH_ZONE_20/in_Py2_OLD/SPIN_py/SPIN_py/Py_Wrap/P_ref.h: In member function ‘const char* P_String::get_str() const’:
/home/gps/YEAR/src/GITS/YEAR_src_PLAY/SCRATCH_ZONE_20/in_Py2_OLD/SPIN_py/SPIN_py/Py_Wrap/P_ref.h:309:21: error: ‘is_null’ was not declared in this scope
  309 |                 if( is_null() ) return "";
      |                     ^~~~~~~
/home/gps/YEAR/src/GITS/YEAR_src_PLAY/SCRATCH_ZONE_20/in_Py2_OLD/SPIN_py/SPIN_py/Py_Wrap/P_ref.h:310:43: error: ‘py_ptr’ was not declared in this scope
  310 |                 return PyString_AsString( py_ptr() );
      |                                           ^~~~~~
/home/gps/YEAR/src/GITS/YEAR_src_PLAY/SCRATCH_ZONE_20/in_Py2_OLD/SPIN_py/SPIN_py/Py_Wrap/P_ref.h:310:24: error: ‘PyString_AsString’ was not declared in this scope
  310 |                 return PyString_AsString( py_ptr() );
      |                        ^~~~~~~~~~~~~~~~~
/home/gps/YEAR/src/GITS/YEAR_src_PLAY/SCRATCH_ZONE_20/in_Py2_OLD/SPIN_py/SPIN_py/Py_Wrap/P_ref.h: In member function ‘bool P_String::set_str(const PyObject*)’:
/home/gps/YEAR/src/GITS/YEAR_src_PLAY/SCRATCH_ZONE_20/in_Py2_OLD/SPIN_py/SPIN_py/Py_Wrap/P_ref.h:316:25: error: ‘claim_this’ was not declared in this scope
  316 |                         claim_this( (PyObject *)str ); // COPY ??
      |                         ^~~~~~~~~~
/home/gps/YEAR/src/GITS/YEAR_src_PLAY/SCRATCH_ZONE_20/in_Py2_OLD/SPIN_py/SPIN_py/Py_Wrap/P_ref.h:319:21: error: ‘PyString_Check’ was not declared in this scope; did you mean ‘PyMapping_Check’?
  319 |                 if(!PyString_Check( str ))
      |                     ^~~~~~~~~~~~~~
      |                     PyMapping_Check
/home/gps/YEAR/src/GITS/YEAR_src_PLAY/SCRATCH_ZONE_20/in_Py2_OLD/SPIN_py/SPIN_py/Py_Wrap/P_ref.h:326:17: error: ‘claim_this’ was not declared in this scope
  326 |                 claim_this( (PyObject *)str ); // COPY ??
      |                 ^~~~~~~~~~
/home/gps/YEAR/src/GITS/YEAR_src_PLAY/SCRATCH_ZONE_20/in_Py2_OLD/SPIN_py/SPIN_py/Py_Wrap/P_ref.h:327:24: error: ‘ref’ was not declared in this scope; did you mean ‘erf’?
  327 |                 return ref;
      |                        ^~~
      |                        erf
/home/gps/YEAR/src/GITS/YEAR_src_PLAY/SCRATCH_ZONE_20/in_Py2_OLD/SPIN_py/SPIN_py/Py_Wrap/P_ref.h: In member function ‘bool P_String::set_str(const char*)’:
/home/gps/YEAR/src/GITS/YEAR_src_PLAY/SCRATCH_ZONE_20/in_Py2_OLD/SPIN_py/SPIN_py/Py_Wrap/P_ref.h:331:30: error: ‘PyString_FromString’ was not declared in this scope; did you mean ‘PyLong_FromString’?
  331 |                 snatch_this( PyString_FromString( str ) );
      |                              ^~~~~~~~~~~~~~~~~~~
      |                              PyLong_FromString
/home/gps/YEAR/src/GITS/YEAR_src_PLAY/SCRATCH_ZONE_20/in_Py2_OLD/SPIN_py/SPIN_py/Py_Wrap/P_ref.h:331:17: error: ‘snatch_this’ was not declared in this scope
  331 |                 snatch_this( PyString_FromString( str ) );
      |                 ^~~~~~~~~~~
/home/gps/YEAR/src/GITS/YEAR_src_PLAY/SCRATCH_ZONE_20/in_Py2_OLD/SPIN_py/SPIN_py/Py_Wrap/P_ref.h:332:24: error: ‘ref’ was not declared in this scope; did you mean ‘erf’?
  332 |                 return ref;
      |                        ^~~
      |                        erf
/home/gps/YEAR/src/GITS/YEAR_src_PLAY/SCRATCH_ZONE_20/in_Py2_OLD/SPIN_py/SPIN_py/Py_Wrap/P_ref.h: In member function ‘void P_String::set_null()’:
/home/gps/YEAR/src/GITS/YEAR_src_PLAY/SCRATCH_ZONE_20/in_Py2_OLD/SPIN_py/SPIN_py/Py_Wrap/P_ref.h:336:17: error: ‘set_ptr_ok_snatch’ was not declared in this scope
  336 |                 set_ptr_ok_snatch(NULL);
      |                 ^~~~~~~~~~~~~~~~~
In file included from /tools/x86_64/py/include/python3.11/Python.h:38,
                 from /home/gps/YEAR/src/GITS/YEAR_src_PLAY/SCRATCH_ZONE_20/in_Py2_OLD/SPIN_py/SPIN_py/app_types.h:4,
                 from /home/gps/YEAR/src/GITS/YEAR_src_PLAY/SCRATCH_ZONE_20/in_Py2_OLD/SPIN_py/SPIN_py/SP_App/SP_App.h:11,
                 from /home/gps/YEAR/src/GITS/YEAR_src_PLAY/SCRATCH_ZONE_20/in_Py2_OLD/SPIN_py/SPIN_py/spin_misc/spin_py_mod.cxx:7:
/home/gps/YEAR/src/GITS/YEAR_src_PLAY/SCRATCH_ZONE_20/in_Py2_OLD/SPIN_py/SPIN_py/spin_misc/spin_py_mod.cxx: In function ‘PyObject* SPIN_string_type(PyObject*, PyObject*)’:
/home/gps/YEAR/src/GITS/YEAR_src_PLAY/SCRATCH_ZONE_20/in_Py2_OLD/SPIN_py/SPIN_py/spin_misc/spin_py_mod.cxx:92:22: error: ‘PyString_Type’ was not declared in this scope; did you mean ‘PySlice_Type’?
   92 |         Py_INCREF( & PyString_Type) ;
      |                      ^~~~~~~~~~~~~
/home/gps/YEAR/src/GITS/YEAR_src_PLAY/SCRATCH_ZONE_20/in_Py2_OLD/SPIN_py/SPIN_py/spin_misc/spin_py_mod.cxx: In function ‘void initspin_py()’:
/home/gps/YEAR/src/GITS/YEAR_src_PLAY/SCRATCH_ZONE_20/in_Py2_OLD/SPIN_py/SPIN_py/spin_misc/spin_py_mod.cxx:183:24: error: ‘Py_InitModule’ was not declared in this scope
  183 |                 (void) Py_InitModule((char *) "spin_py", SpinMethods);
      |                        ^~~~~~~~~~~~~
make[1]: *** [/home/gps/YEAR/src/GITS/YEAR_src_PLAY/SCRATCH_ZONE_20/in_Py2_OLD/SPIN_py/SPIN_Makefiles/MK_SPIN_compile:60: spin_py_mod.o] Error 1
make[1]: Leaving directory '/home/gps/YEAR/src/GITS/YEAR_src_PLAY/SCRATCH_ZONE_20/in_Py2_OLD/SPIN_py/SPIN_build_16_so_/SPIN_py'
make: *** [../SPIN_Makefiles/MK_SPIN_top_2:170: SPIN_py] Error 2
making SPIN_py
cd SPIN_py && \
env > /tmp/fa1 && \
make \
	xVPATH1=/home/gps/YEAR/src/GITS/YEAR_src_PLAY/SCRATCH_ZONE_20/in_Py2_OLD/SPIN_py/SPIN_py \
	OPT_DEBUG='-g' OPT_OPTIM='' OPT_CSET='-DSP_MULTI_BYTE ' OPT_PIC='-fPIC' OPT_LIBNAME='osp' OPT_LIB_EXT='so' OPT_THREADS='-DSP_MUTEX_PTHREADS ' src_sp='/home/gps/YEAR/src_build/SP/OpenSP-1.5.1_gps_build' src_spin='/home/gps/YEAR/src/GITS/YEAR_src_PLAY/SCRATCH_ZONE_20/in_Py2_OLD/SPIN_py' dir_SP_lib='/home/gps/YEAR/src/GITS/YEAR_src_PLAY/SCRATCH_ZONE_20/in_Py2_OLD/SPIN_py/SP_lib' LINKDIRS='-L/home/gps/YEAR/src/GITS/YEAR_src_PLAY/SCRATCH_ZONE_20/in_Py2_OLD/SPIN_py/SP_lib' PYTHON_INCLUDE='-I/tools/x86_64/py/include/python3.11' \
	-f /home/gps/YEAR/src/GITS/YEAR_src_PLAY/SCRATCH_ZONE_20/in_Py2_OLD/SPIN_py/SPIN_py/Makefile.app \
	-f /home/gps/YEAR/src/GITS/YEAR_src_PLAY/SCRATCH_ZONE_20/in_Py2_OLD/SPIN_py/SPIN_Makefiles/MK_SPIN_site \
	-f /home/gps/YEAR/src/GITS/YEAR_src_PLAY/SCRATCH_ZONE_20/in_Py2_OLD/SPIN_py/SPIN_Makefiles/MK_SPIN_prog \
	-f /home/gps/YEAR/src/GITS/YEAR_src_PLAY/SCRATCH_ZONE_20/in_Py2_OLD/SPIN_py/SPIN_Makefiles/MK_SPIN_compile \
	all
make[1]: Entering directory '/home/gps/YEAR/src/GITS/YEAR_src_PLAY/SCRATCH_ZONE_20/in_Py2_OLD/SPIN_py/SPIN_build_16_so_/SPIN_py'
cd /home/gps/YEAR/src/GITS/YEAR_src_PLAY/SCRATCH_ZONE_20/in_Py2_OLD/SPIN_py/SPIN_py/SP_App && make -f Makefile_src
make[2]: Entering directory '/home/gps/YEAR/src/GITS/YEAR_src_PLAY/SCRATCH_ZONE_20/in_Py2_OLD/SPIN_py/SPIN_py/SP_App'
make[2]: 'SP_App.cxx' is up to date.
make[2]: Leaving directory '/home/gps/YEAR/src/GITS/YEAR_src_PLAY/SCRATCH_ZONE_20/in_Py2_OLD/SPIN_py/SPIN_py/SP_App'
c++ -fno-implicit-templates -ansi -g -fPIC  -DSP_MULTI_BYTE  -DSP_MUTEX_PTHREADS  -DSP_HAVE_BOOL  -DSP_ANSI_CLASS_INST  -I/tools/x86_64/py/include/python3.11 -I/home/gps/G/prefix/SP/include/OpenSP -I.   -c /home/gps/YEAR/src/GITS/YEAR_src_PLAY/SCRATCH_ZONE_20/in_Py2_OLD/SPIN_py/SPIN_py/spin_misc/spin_py_mod.cxx
In file included from /home/gps/YEAR/src/GITS/YEAR_src_PLAY/SCRATCH_ZONE_20/in_Py2_OLD/SPIN_py/SPIN_py/Py_Wrap/P_util.h:4,
                 from /home/gps/YEAR/src/GITS/YEAR_src_PLAY/SCRATCH_ZONE_20/in_Py2_OLD/SPIN_py/SPIN_py/Py_Wrap/PY_Object_base.h:6,
                 from /home/gps/YEAR/src/GITS/YEAR_src_PLAY/SCRATCH_ZONE_20/in_Py2_OLD/SPIN_py/SPIN_py/elem_info/elem_info.h:8,
                 from /home/gps/YEAR/src/GITS/YEAR_src_PLAY/SCRATCH_ZONE_20/in_Py2_OLD/SPIN_py/SPIN_py/app_link/app_link.h:7,
                 from /home/gps/YEAR/src/GITS/YEAR_src_PLAY/SCRATCH_ZONE_20/in_Py2_OLD/SPIN_py/SPIN_py/SP_App/SP_App.h:12,
                 from /home/gps/YEAR/src/GITS/YEAR_src_PLAY/SCRATCH_ZONE_20/in_Py2_OLD/SPIN_py/SPIN_py/spin_misc/spin_py_mod.cxx:7:
/home/gps/YEAR/src/GITS/YEAR_src_PLAY/SCRATCH_ZONE_20/in_Py2_OLD/SPIN_py/SPIN_py/Py_Wrap/P_ref_base.h: In member function ‘int P_ref_base_no_ref::ref_count() const’:
/home/gps/YEAR/src/GITS/YEAR_src_PLAY/SCRATCH_ZONE_20/in_Py2_OLD/SPIN_py/SPIN_py/Py_Wrap/P_ref_base.h:66:29: error: ‘struct PY_Object_plain’ has no member named ‘ob_refcnt’
   66 |                 return ref->ob_refcnt;
      |                             ^~~~~~~~~
/home/gps/YEAR/src/GITS/YEAR_src_PLAY/SCRATCH_ZONE_20/in_Py2_OLD/SPIN_py/SPIN_py/Py_Wrap/P_ref_base.h: In member function ‘bool P_ref_base_no_ref::is_SUBTYPE(PyTypeObject*) const’:
/home/gps/YEAR/src/GITS/YEAR_src_PLAY/SCRATCH_ZONE_20/in_Py2_OLD/SPIN_py/SPIN_py/Py_Wrap/P_ref_base.h:89:27: error: ‘struct PY_Object_plain’ has no member named ‘ob_type’
   89 |                 if(  ref->ob_type == expected ) return true;
      |                           ^~~~~~~
/home/gps/YEAR/src/GITS/YEAR_src_PLAY/SCRATCH_ZONE_20/in_Py2_OLD/SPIN_py/SPIN_py/Py_Wrap/P_ref_base.h: In member function ‘bool P_ref_base_no_ref::is_SUBTYPE_fn(PyTypeObject*) const’:
/home/gps/YEAR/src/GITS/YEAR_src_PLAY/SCRATCH_ZONE_20/in_Py2_OLD/SPIN_py/SPIN_py/Py_Wrap/P_ref_base.h:97:27: error: ‘struct PY_Object_plain’ has no member named ‘ob_type’
   97 |                 if(  ref->ob_type == expected ) return true;
      |                           ^~~~~~~
/home/gps/YEAR/src/GITS/YEAR_src_PLAY/SCRATCH_ZONE_20/in_Py2_OLD/SPIN_py/SPIN_py/Py_Wrap/P_ref_base.h:98:47: error: ‘struct PY_Object_plain’ has no member named ‘ob_type’
   98 |                 return PyType_IsSubtype( ref->ob_type, expected );
      |                                               ^~~~~~~
/home/gps/YEAR/src/GITS/YEAR_src_PLAY/SCRATCH_ZONE_20/in_Py2_OLD/SPIN_py/SPIN_py/Py_Wrap/P_ref_base.h: In member function ‘bool P_ref_base_no_ref::is_TYPE(PyTypeObject*) const’:
/home/gps/YEAR/src/GITS/YEAR_src_PLAY/SCRATCH_ZONE_20/in_Py2_OLD/SPIN_py/SPIN_py/Py_Wrap/P_ref_base.h:105:29: error: ‘struct PY_Object_plain’ has no member named ‘ob_type’
  105 |                 return ref->ob_type == expected ;
      |                             ^~~~~~~
/home/gps/YEAR/src/GITS/YEAR_src_PLAY/SCRATCH_ZONE_20/in_Py2_OLD/SPIN_py/SPIN_py/Py_Wrap/P_ref_base.h: In member function ‘bool P_ref_base_no_ref::is_Buffer()’:
/home/gps/YEAR/src/GITS/YEAR_src_PLAY/SCRATCH_ZONE_20/in_Py2_OLD/SPIN_py/SPIN_py/Py_Wrap/P_ref_base.h:116:45: error: ‘PyBuffer_Type’ was not declared in this scope; did you mean ‘PySuper_Type’?
  116 |         bool is_Buffer()        { is_TYPE( &PyBuffer_Type       ); }
      |                                             ^~~~~~~~~~~~~
      |                                             PySuper_Type
/home/gps/YEAR/src/GITS/YEAR_src_PLAY/SCRATCH_ZONE_20/in_Py2_OLD/SPIN_py/SPIN_py/Py_Wrap/P_ref_base.h: In member function ‘bool P_ref_base_no_ref::is_CObject()’:
/home/gps/YEAR/src/GITS/YEAR_src_PLAY/SCRATCH_ZONE_20/in_Py2_OLD/SPIN_py/SPIN_py/Py_Wrap/P_ref_base.h:118:45: error: ‘PyCObject_Type’ was not declared in this scope; did you mean ‘PyObject_Type’?
  118 |         bool is_CObject()       { is_TYPE( &PyCObject_Type      ); }
      |                                             ^~~~~~~~~~~~~~
      |                                             PyObject_Type
/home/gps/YEAR/src/GITS/YEAR_src_PLAY/SCRATCH_ZONE_20/in_Py2_OLD/SPIN_py/SPIN_py/Py_Wrap/P_ref_base.h: In member function ‘bool P_ref_base_no_ref::is_Class()’:
/home/gps/YEAR/src/GITS/YEAR_src_PLAY/SCRATCH_ZONE_20/in_Py2_OLD/SPIN_py/SPIN_py/Py_Wrap/P_ref_base.h:121:45: error: ‘PyClass_Type’ was not declared in this scope; did you mean ‘PyList_Type’?
  121 |         bool is_Class()         { is_TYPE( &PyClass_Type        ); }
      |                                             ^~~~~~~~~~~~
      |                                             PyList_Type
/home/gps/YEAR/src/GITS/YEAR_src_PLAY/SCRATCH_ZONE_20/in_Py2_OLD/SPIN_py/SPIN_py/Py_Wrap/P_ref_base.h: In member function ‘bool P_ref_base_no_ref::is_File()’:
/home/gps/YEAR/src/GITS/YEAR_src_PLAY/SCRATCH_ZONE_20/in_Py2_OLD/SPIN_py/SPIN_py/Py_Wrap/P_ref_base.h:124:45: error: ‘PyFile_Type’ was not declared in this scope; did you mean ‘PyFilter_Type’?
  124 |         bool is_File()          { is_TYPE( &PyFile_Type         ); }
      |                                             ^~~~~~~~~~~
      |                                             PyFilter_Type
/home/gps/YEAR/src/GITS/YEAR_src_PLAY/SCRATCH_ZONE_20/in_Py2_OLD/SPIN_py/SPIN_py/Py_Wrap/P_ref_base.h: In member function ‘bool P_ref_base_no_ref::is_Int()’:
/home/gps/YEAR/src/GITS/YEAR_src_PLAY/SCRATCH_ZONE_20/in_Py2_OLD/SPIN_py/SPIN_py/Py_Wrap/P_ref_base.h:127:45: error: ‘PyInt_Type’ was not declared in this scope; did you mean ‘PySet_Type’?
  127 |         bool is_Int()           { is_TYPE( &PyInt_Type          ); }
      |                                             ^~~~~~~~~~
      |                                             PySet_Type
/home/gps/YEAR/src/GITS/YEAR_src_PLAY/SCRATCH_ZONE_20/in_Py2_OLD/SPIN_py/SPIN_py/Py_Wrap/P_ref_base.h: In member function ‘bool P_ref_base_no_ref::is_String()’:
/home/gps/YEAR/src/GITS/YEAR_src_PLAY/SCRATCH_ZONE_20/in_Py2_OLD/SPIN_py/SPIN_py/Py_Wrap/P_ref_base.h:134:45: error: ‘PyString_Type’ was not declared in this scope; did you mean ‘PySlice_Type’?
  134 |         bool is_String()        { is_TYPE( &PyString_Type       ); }
      |                                             ^~~~~~~~~~~~~
      |                                             PySlice_Type
In file included from /home/gps/YEAR/src/GITS/YEAR_src_PLAY/SCRATCH_ZONE_20/in_Py2_OLD/SPIN_py/SPIN_py/Py_Wrap/P_util.h:6,
                 from /home/gps/YEAR/src/GITS/YEAR_src_PLAY/SCRATCH_ZONE_20/in_Py2_OLD/SPIN_py/SPIN_py/Py_Wrap/PY_Object_base.h:6,
                 from /home/gps/YEAR/src/GITS/YEAR_src_PLAY/SCRATCH_ZONE_20/in_Py2_OLD/SPIN_py/SPIN_py/elem_info/elem_info.h:8,
                 from /home/gps/YEAR/src/GITS/YEAR_src_PLAY/SCRATCH_ZONE_20/in_Py2_OLD/SPIN_py/SPIN_py/app_link/app_link.h:7,
                 from /home/gps/YEAR/src/GITS/YEAR_src_PLAY/SCRATCH_ZONE_20/in_Py2_OLD/SPIN_py/SPIN_py/SP_App/SP_App.h:12,
                 from /home/gps/YEAR/src/GITS/YEAR_src_PLAY/SCRATCH_ZONE_20/in_Py2_OLD/SPIN_py/SPIN_py/spin_misc/spin_py_mod.cxx:7:
/home/gps/YEAR/src/GITS/YEAR_src_PLAY/SCRATCH_ZONE_20/in_Py2_OLD/SPIN_py/SPIN_py/Py_Wrap/PY_Static.h: In static member function ‘static bool PY_Static::IS_String(PyObject*)’:
/home/gps/YEAR/src/GITS/YEAR_src_PLAY/SCRATCH_ZONE_20/in_Py2_OLD/SPIN_py/SPIN_py/Py_Wrap/PY_Static.h:37:31: error: ‘PyString_Check’ was not declared in this scope; did you mean ‘PyMapping_Check’?
   37 |                 return obj && PyString_Check( obj );
      |                               ^~~~~~~~~~~~~~
      |                               PyMapping_Check
/home/gps/YEAR/src/GITS/YEAR_src_PLAY/SCRATCH_ZONE_20/in_Py2_OLD/SPIN_py/SPIN_py/Py_Wrap/PY_Static.h: In static member function ‘static bool PY_Static::IS_Int(PyObject*)’:
/home/gps/YEAR/src/GITS/YEAR_src_PLAY/SCRATCH_ZONE_20/in_Py2_OLD/SPIN_py/SPIN_py/Py_Wrap/PY_Static.h:42:31: error: ‘PyInt_Check’ was not declared in this scope; did you mean ‘PySet_Check’?
   42 |                 return obj && PyInt_Check( obj );
      |                               ^~~~~~~~~~~
      |                               PySet_Check
/home/gps/YEAR/src/GITS/YEAR_src_PLAY/SCRATCH_ZONE_20/in_Py2_OLD/SPIN_py/SPIN_py/Py_Wrap/PY_Static.h: In static member function ‘static bool PY_Static::IS_Instance(PyObject*)’:
/home/gps/YEAR/src/GITS/YEAR_src_PLAY/SCRATCH_ZONE_20/in_Py2_OLD/SPIN_py/SPIN_py/Py_Wrap/PY_Static.h:62:31: error: ‘PyInstance_Check’ was not declared in this scope; did you mean ‘PyGILState_Check’?
   62 |                 return obj && PyInstance_Check( obj );
      |                               ^~~~~~~~~~~~~~~~
      |                               PyGILState_Check
/home/gps/YEAR/src/GITS/YEAR_src_PLAY/SCRATCH_ZONE_20/in_Py2_OLD/SPIN_py/SPIN_py/Py_Wrap/PY_Static.h: In static member function ‘static bool PY_Static::Expect_String(PyObject*)’:
/home/gps/YEAR/src/GITS/YEAR_src_PLAY/SCRATCH_ZONE_20/in_Py2_OLD/SPIN_py/SPIN_py/Py_Wrap/PY_Static.h:83:44: error: ‘PyString_Type’ was not declared in this scope; did you mean ‘PySlice_Type’?
   83 |                 return Expect_Type( obj, & PyString_Type );
      |                                            ^~~~~~~~~~~~~
      |                                            PySlice_Type
/home/gps/YEAR/src/GITS/YEAR_src_PLAY/SCRATCH_ZONE_20/in_Py2_OLD/SPIN_py/SPIN_py/Py_Wrap/PY_Static.h: In static member function ‘static bool PY_Static::Expect_Instance(PyObject*)’:
/home/gps/YEAR/src/GITS/YEAR_src_PLAY/SCRATCH_ZONE_20/in_Py2_OLD/SPIN_py/SPIN_py/Py_Wrap/PY_Static.h:103:44: error: ‘PyInstance_Type’ was not declared in this scope; did you mean ‘PyRange_Type’?
  103 |                 return Expect_Type( obj, & PyInstance_Type );
      |                                            ^~~~~~~~~~~~~~~
      |                                            PyRange_Type
In file included from /home/gps/YEAR/src/GITS/YEAR_src_PLAY/SCRATCH_ZONE_20/in_Py2_OLD/SPIN_py/SPIN_py/Py_Wrap/PY_Object_base.h:7,
                 from /home/gps/YEAR/src/GITS/YEAR_src_PLAY/SCRATCH_ZONE_20/in_Py2_OLD/SPIN_py/SPIN_py/elem_info/elem_info.h:8,
                 from /home/gps/YEAR/src/GITS/YEAR_src_PLAY/SCRATCH_ZONE_20/in_Py2_OLD/SPIN_py/SPIN_py/app_link/app_link.h:7,
                 from /home/gps/YEAR/src/GITS/YEAR_src_PLAY/SCRATCH_ZONE_20/in_Py2_OLD/SPIN_py/SPIN_py/SP_App/SP_App.h:12,
                 from /home/gps/YEAR/src/GITS/YEAR_src_PLAY/SCRATCH_ZONE_20/in_Py2_OLD/SPIN_py/SPIN_py/spin_misc/spin_py_mod.cxx:7:
/home/gps/YEAR/src/GITS/YEAR_src_PLAY/SCRATCH_ZONE_20/in_Py2_OLD/SPIN_py/SPIN_py/Py_Wrap/P_ref.h: At global scope:
/home/gps/YEAR/src/GITS/YEAR_src_PLAY/SCRATCH_ZONE_20/in_Py2_OLD/SPIN_py/SPIN_py/Py_Wrap/P_ref.h:9:28: error: ‘PyIntObject’ was not declared in this scope; did you mean ‘PySetObject’?
    9 | class P_Int : public P_ref<PyIntObject>
      |                            ^~~~~~~~~~~
      |                            PySetObject
/home/gps/YEAR/src/GITS/YEAR_src_PLAY/SCRATCH_ZONE_20/in_Py2_OLD/SPIN_py/SPIN_py/Py_Wrap/P_ref.h:9:39: error: template argument 1 is invalid
    9 | class P_Int : public P_ref<PyIntObject>
      |                                       ^
/home/gps/YEAR/src/GITS/YEAR_src_PLAY/SCRATCH_ZONE_20/in_Py2_OLD/SPIN_py/SPIN_py/Py_Wrap/P_ref.h:16:27: error: expected ‘)’ before ‘*’ token
   16 |         P_Int( PyIntObject * p )
      |              ~            ^~
      |                           )
/home/gps/YEAR/src/GITS/YEAR_src_PLAY/SCRATCH_ZONE_20/in_Py2_OLD/SPIN_py/SPIN_py/Py_Wrap/P_ref.h: In constructor ‘P_Int::P_Int(PyObject*)’:
/home/gps/YEAR/src/GITS/YEAR_src_PLAY/SCRATCH_ZONE_20/in_Py2_OLD/SPIN_py/SPIN_py/Py_Wrap/P_ref.h:22:21: error: ‘PyInt_Check’ was not declared in this scope; did you mean ‘PySet_Check’?
   22 |                 if( PyInt_Check( p ))
      |                     ^~~~~~~~~~~
      |                     PySet_Check
/home/gps/YEAR/src/GITS/YEAR_src_PLAY/SCRATCH_ZONE_20/in_Py2_OLD/SPIN_py/SPIN_py/Py_Wrap/P_ref.h:23:25: error: ‘set_ptr_ok_claim’ was not declared in this scope
   23 |                         set_ptr_ok_claim(p);
      |                         ^~~~~~~~~~~~~~~~
/home/gps/YEAR/src/GITS/YEAR_src_PLAY/SCRATCH_ZONE_20/in_Py2_OLD/SPIN_py/SPIN_py/Py_Wrap/P_ref.h: In member function ‘int P_Int::get_int() const’:
/home/gps/YEAR/src/GITS/YEAR_src_PLAY/SCRATCH_ZONE_20/in_Py2_OLD/SPIN_py/SPIN_py/Py_Wrap/P_ref.h:31:20: error: ‘is_null_error’ was not declared in this scope
   31 |                 if(is_null_error()) return 0;
      |                    ^~~~~~~~~~~~~
/home/gps/YEAR/src/GITS/YEAR_src_PLAY/SCRATCH_ZONE_20/in_Py2_OLD/SPIN_py/SPIN_py/Py_Wrap/P_ref.h:32:24: error: ‘ptr’ was not declared in this scope
   32 |                 return ptr()->ob_ival;
      |                        ^~~
/home/gps/YEAR/src/GITS/YEAR_src_PLAY/SCRATCH_ZONE_20/in_Py2_OLD/SPIN_py/SPIN_py/Py_Wrap/P_ref.h: In member function ‘void P_Int::set_int(int)’:
/home/gps/YEAR/src/GITS/YEAR_src_PLAY/SCRATCH_ZONE_20/in_Py2_OLD/SPIN_py/SPIN_py/Py_Wrap/P_ref.h:36:20: error: ‘is_null’ was not declared in this scope
   36 |                 if(is_null() || is_shared())
      |                    ^~~~~~~
/home/gps/YEAR/src/GITS/YEAR_src_PLAY/SCRATCH_ZONE_20/in_Py2_OLD/SPIN_py/SPIN_py/Py_Wrap/P_ref.h:36:33: error: ‘is_shared’ was not declared in this scope
   36 |                 if(is_null() || is_shared())
      |                                 ^~~~~~~~~
/home/gps/YEAR/src/GITS/YEAR_src_PLAY/SCRATCH_ZONE_20/in_Py2_OLD/SPIN_py/SPIN_py/Py_Wrap/P_ref.h:37:42: error: ‘PyIntObject’ was not declared in this scope; did you mean ‘PySetObject’?
   37 |                         set_ptr_snatch( (PyIntObject *) PyInt_FromLong( ival ));
      |                                          ^~~~~~~~~~~
      |                                          PySetObject
/home/gps/YEAR/src/GITS/YEAR_src_PLAY/SCRATCH_ZONE_20/in_Py2_OLD/SPIN_py/SPIN_py/Py_Wrap/P_ref.h:37:55: error: expected primary-expression before ‘)’ token
   37 |                         set_ptr_snatch( (PyIntObject *) PyInt_FromLong( ival ));
      |                                                       ^
/home/gps/YEAR/src/GITS/YEAR_src_PLAY/SCRATCH_ZONE_20/in_Py2_OLD/SPIN_py/SPIN_py/Py_Wrap/P_ref.h:37:25: error: ‘set_ptr_snatch’ was not declared in this scope
   37 |                         set_ptr_snatch( (PyIntObject *) PyInt_FromLong( ival ));
      |                         ^~~~~~~~~~~~~~
/home/gps/YEAR/src/GITS/YEAR_src_PLAY/SCRATCH_ZONE_20/in_Py2_OLD/SPIN_py/SPIN_py/Py_Wrap/P_ref.h:39:25: error: ‘ptr’ was not declared in this scope
   39 |                         ptr()->ob_ival = ival;
      |                         ^~~
/home/gps/YEAR/src/GITS/YEAR_src_PLAY/SCRATCH_ZONE_20/in_Py2_OLD/SPIN_py/SPIN_py/Py_Wrap/P_ref.h: At global scope:
/home/gps/YEAR/src/GITS/YEAR_src_PLAY/SCRATCH_ZONE_20/in_Py2_OLD/SPIN_py/SPIN_py/Py_Wrap/P_ref.h:283:31: error: ‘PyStringObject’ was not declared in this scope; did you mean ‘PySliceObject’?
  283 | class P_String : public P_ref<PyStringObject>
      |                               ^~~~~~~~~~~~~~
      |                               PySliceObject
/home/gps/YEAR/src/GITS/YEAR_src_PLAY/SCRATCH_ZONE_20/in_Py2_OLD/SPIN_py/SPIN_py/Py_Wrap/P_ref.h:283:45: error: template argument 1 is invalid
  283 | class P_String : public P_ref<PyStringObject>
      |                                             ^
/home/gps/YEAR/src/GITS/YEAR_src_PLAY/SCRATCH_ZONE_20/in_Py2_OLD/SPIN_py/SPIN_py/Py_Wrap/P_ref.h: In constructor ‘P_String::P_String()’:
/home/gps/YEAR/src/GITS/YEAR_src_PLAY/SCRATCH_ZONE_20/in_Py2_OLD/SPIN_py/SPIN_py/Py_Wrap/P_ref.h:288:17: error: ‘ref’ was not declared in this scope; did you mean ‘erf’?
  288 |                 ref = NULL;
      |                 ^~~
      |                 erf
/home/gps/YEAR/src/GITS/YEAR_src_PLAY/SCRATCH_ZONE_20/in_Py2_OLD/SPIN_py/SPIN_py/Py_Wrap/P_ref.h: In constructor ‘P_String::P_String(const char*)’:
/home/gps/YEAR/src/GITS/YEAR_src_PLAY/SCRATCH_ZONE_20/in_Py2_OLD/SPIN_py/SPIN_py/Py_Wrap/P_ref.h:292:17: error: ‘ref’ was not declared in this scope; did you mean ‘erf’?
  292 |                 ref = NULL;
      |                 ^~~
      |                 erf
/home/gps/YEAR/src/GITS/YEAR_src_PLAY/SCRATCH_ZONE_20/in_Py2_OLD/SPIN_py/SPIN_py/Py_Wrap/P_ref.h: In constructor ‘P_String::P_String(const PyObject*)’:
/home/gps/YEAR/src/GITS/YEAR_src_PLAY/SCRATCH_ZONE_20/in_Py2_OLD/SPIN_py/SPIN_py/Py_Wrap/P_ref.h:297:17: error: ‘ref’ was not declared in this scope; did you mean ‘erf’?
  297 |                 ref = NULL;
      |                 ^~~
      |                 erf
/home/gps/YEAR/src/GITS/YEAR_src_PLAY/SCRATCH_ZONE_20/in_Py2_OLD/SPIN_py/SPIN_py/Py_Wrap/P_ref.h: In member function ‘const char* P_String::get_str() const’:
/home/gps/YEAR/src/GITS/YEAR_src_PLAY/SCRATCH_ZONE_20/in_Py2_OLD/SPIN_py/SPIN_py/Py_Wrap/P_ref.h:309:21: error: ‘is_null’ was not declared in this scope
  309 |                 if( is_null() ) return "";
      |                     ^~~~~~~
/home/gps/YEAR/src/GITS/YEAR_src_PLAY/SCRATCH_ZONE_20/in_Py2_OLD/SPIN_py/SPIN_py/Py_Wrap/P_ref.h:310:43: error: ‘py_ptr’ was not declared in this scope
  310 |                 return PyString_AsString( py_ptr() );
      |                                           ^~~~~~
/home/gps/YEAR/src/GITS/YEAR_src_PLAY/SCRATCH_ZONE_20/in_Py2_OLD/SPIN_py/SPIN_py/Py_Wrap/P_ref.h:310:24: error: ‘PyString_AsString’ was not declared in this scope
  310 |                 return PyString_AsString( py_ptr() );
      |                        ^~~~~~~~~~~~~~~~~
/home/gps/YEAR/src/GITS/YEAR_src_PLAY/SCRATCH_ZONE_20/in_Py2_OLD/SPIN_py/SPIN_py/Py_Wrap/P_ref.h: In member function ‘bool P_String::set_str(const PyObject*)’:
/home/gps/YEAR/src/GITS/YEAR_src_PLAY/SCRATCH_ZONE_20/in_Py2_OLD/SPIN_py/SPIN_py/Py_Wrap/P_ref.h:316:25: error: ‘claim_this’ was not declared in this scope
  316 |                         claim_this( (PyObject *)str ); // COPY ??
      |                         ^~~~~~~~~~
/home/gps/YEAR/src/GITS/YEAR_src_PLAY/SCRATCH_ZONE_20/in_Py2_OLD/SPIN_py/SPIN_py/Py_Wrap/P_ref.h:319:21: error: ‘PyString_Check’ was not declared in this scope; did you mean ‘PyMapping_Check’?
  319 |                 if(!PyString_Check( str ))
      |                     ^~~~~~~~~~~~~~
      |                     PyMapping_Check
/home/gps/YEAR/src/GITS/YEAR_src_PLAY/SCRATCH_ZONE_20/in_Py2_OLD/SPIN_py/SPIN_py/Py_Wrap/P_ref.h:326:17: error: ‘claim_this’ was not declared in this scope
  326 |                 claim_this( (PyObject *)str ); // COPY ??
      |                 ^~~~~~~~~~
/home/gps/YEAR/src/GITS/YEAR_src_PLAY/SCRATCH_ZONE_20/in_Py2_OLD/SPIN_py/SPIN_py/Py_Wrap/P_ref.h:327:24: error: ‘ref’ was not declared in this scope; did you mean ‘erf’?
  327 |                 return ref;
      |                        ^~~
      |                        erf
/home/gps/YEAR/src/GITS/YEAR_src_PLAY/SCRATCH_ZONE_20/in_Py2_OLD/SPIN_py/SPIN_py/Py_Wrap/P_ref.h: In member function ‘bool P_String::set_str(const char*)’:
/home/gps/YEAR/src/GITS/YEAR_src_PLAY/SCRATCH_ZONE_20/in_Py2_OLD/SPIN_py/SPIN_py/Py_Wrap/P_ref.h:331:30: error: ‘PyString_FromString’ was not declared in this scope; did you mean ‘PyLong_FromString’?
  331 |                 snatch_this( PyString_FromString( str ) );
      |                              ^~~~~~~~~~~~~~~~~~~
      |                              PyLong_FromString
/home/gps/YEAR/src/GITS/YEAR_src_PLAY/SCRATCH_ZONE_20/in_Py2_OLD/SPIN_py/SPIN_py/Py_Wrap/P_ref.h:331:17: error: ‘snatch_this’ was not declared in this scope
  331 |                 snatch_this( PyString_FromString( str ) );
      |                 ^~~~~~~~~~~
/home/gps/YEAR/src/GITS/YEAR_src_PLAY/SCRATCH_ZONE_20/in_Py2_OLD/SPIN_py/SPIN_py/Py_Wrap/P_ref.h:332:24: error: ‘ref’ was not declared in this scope; did you mean ‘erf’?
  332 |                 return ref;
      |                        ^~~
      |                        erf
/home/gps/YEAR/src/GITS/YEAR_src_PLAY/SCRATCH_ZONE_20/in_Py2_OLD/SPIN_py/SPIN_py/Py_Wrap/P_ref.h: In member function ‘void P_String::set_null()’:
/home/gps/YEAR/src/GITS/YEAR_src_PLAY/SCRATCH_ZONE_20/in_Py2_OLD/SPIN_py/SPIN_py/Py_Wrap/P_ref.h:336:17: error: ‘set_ptr_ok_snatch’ was not declared in this scope
  336 |                 set_ptr_ok_snatch(NULL);
      |                 ^~~~~~~~~~~~~~~~~
In file included from /tools/x86_64/py/include/python3.11/Python.h:38,
                 from /home/gps/YEAR/src/GITS/YEAR_src_PLAY/SCRATCH_ZONE_20/in_Py2_OLD/SPIN_py/SPIN_py/app_types.h:4,
                 from /home/gps/YEAR/src/GITS/YEAR_src_PLAY/SCRATCH_ZONE_20/in_Py2_OLD/SPIN_py/SPIN_py/SP_App/SP_App.h:11,
                 from /home/gps/YEAR/src/GITS/YEAR_src_PLAY/SCRATCH_ZONE_20/in_Py2_OLD/SPIN_py/SPIN_py/spin_misc/spin_py_mod.cxx:7:
/home/gps/YEAR/src/GITS/YEAR_src_PLAY/SCRATCH_ZONE_20/in_Py2_OLD/SPIN_py/SPIN_py/spin_misc/spin_py_mod.cxx: In function ‘PyObject* SPIN_string_type(PyObject*, PyObject*)’:
/home/gps/YEAR/src/GITS/YEAR_src_PLAY/SCRATCH_ZONE_20/in_Py2_OLD/SPIN_py/SPIN_py/spin_misc/spin_py_mod.cxx:92:22: error: ‘PyString_Type’ was not declared in this scope; did you mean ‘PySlice_Type’?
   92 |         Py_INCREF( & PyString_Type) ;
      |                      ^~~~~~~~~~~~~
/home/gps/YEAR/src/GITS/YEAR_src_PLAY/SCRATCH_ZONE_20/in_Py2_OLD/SPIN_py/SPIN_py/spin_misc/spin_py_mod.cxx: In function ‘void initspin_py()’:
/home/gps/YEAR/src/GITS/YEAR_src_PLAY/SCRATCH_ZONE_20/in_Py2_OLD/SPIN_py/SPIN_py/spin_misc/spin_py_mod.cxx:183:24: error: ‘Py_InitModule’ was not declared in this scope
  183 |                 (void) Py_InitModule((char *) "spin_py", SpinMethods);
      |                        ^~~~~~~~~~~~~
make[1]: *** [/home/gps/YEAR/src/GITS/YEAR_src_PLAY/SCRATCH_ZONE_20/in_Py2_OLD/SPIN_py/SPIN_Makefiles/MK_SPIN_compile:60: spin_py_mod.o] Error 1
make[1]: Leaving directory '/home/gps/YEAR/src/GITS/YEAR_src_PLAY/SCRATCH_ZONE_20/in_Py2_OLD/SPIN_py/SPIN_build_16_so_/SPIN_py'
make: *** [../SPIN_Makefiles/MK_SPIN_top_2:170: SPIN_py] Error 2
making SPIN_py
cd SPIN_py && \
env > /tmp/fa1 && \
make \
	xVPATH1=/home/gps/YEAR/src/GITS/YEAR_src_PLAY/SCRATCH_ZONE_20/in_Py2_OLD/SPIN_py/SPIN_py \
	OPT_DEBUG='-g' OPT_OPTIM='' OPT_CSET='-DSP_MULTI_BYTE ' OPT_PIC='-fPIC' OPT_LIBNAME='osp' OPT_LIB_EXT='so' OPT_THREADS='-DSP_MUTEX_PTHREADS ' src_sp='/home/gps/YEAR/src_build/SP/OpenSP-1.5.1_gps_build' src_spin='/home/gps/YEAR/src/GITS/YEAR_src_PLAY/SCRATCH_ZONE_20/in_Py2_OLD/SPIN_py' dir_SP_lib='/home/gps/YEAR/src/GITS/YEAR_src_PLAY/SCRATCH_ZONE_20/in_Py2_OLD/SPIN_py/SP_lib' LINKDIRS='-L/home/gps/YEAR/src/GITS/YEAR_src_PLAY/SCRATCH_ZONE_20/in_Py2_OLD/SPIN_py/SP_lib' PYTHON_INCLUDE='-I/tools/x86_64/py/include/python3.11' \
	-f /home/gps/YEAR/src/GITS/YEAR_src_PLAY/SCRATCH_ZONE_20/in_Py2_OLD/SPIN_py/SPIN_py/Makefile.app \
	-f /home/gps/YEAR/src/GITS/YEAR_src_PLAY/SCRATCH_ZONE_20/in_Py2_OLD/SPIN_py/SPIN_Makefiles/MK_SPIN_site \
	-f /home/gps/YEAR/src/GITS/YEAR_src_PLAY/SCRATCH_ZONE_20/in_Py2_OLD/SPIN_py/SPIN_Makefiles/MK_SPIN_prog \
	-f /home/gps/YEAR/src/GITS/YEAR_src_PLAY/SCRATCH_ZONE_20/in_Py2_OLD/SPIN_py/SPIN_Makefiles/MK_SPIN_compile \
	all
make[1]: Entering directory '/home/gps/YEAR/src/GITS/YEAR_src_PLAY/SCRATCH_ZONE_20/in_Py2_OLD/SPIN_py/SPIN_build_16_so_/SPIN_py'
cd /home/gps/YEAR/src/GITS/YEAR_src_PLAY/SCRATCH_ZONE_20/in_Py2_OLD/SPIN_py/SPIN_py/SP_App && make -f Makefile_src
make[2]: Entering directory '/home/gps/YEAR/src/GITS/YEAR_src_PLAY/SCRATCH_ZONE_20/in_Py2_OLD/SPIN_py/SPIN_py/SP_App'
make[2]: 'SP_App.cxx' is up to date.
make[2]: Leaving directory '/home/gps/YEAR/src/GITS/YEAR_src_PLAY/SCRATCH_ZONE_20/in_Py2_OLD/SPIN_py/SPIN_py/SP_App'
c++ -fno-implicit-templates -ansi -g -fPIC  -DSP_MULTI_BYTE  -DSP_MUTEX_PTHREADS  -DSP_HAVE_BOOL  -DSP_ANSI_CLASS_INST  -I/tools/x86_64/py/include/python3.11 -I/home/gps/G/prefix/SP/include/OpenSP -I.   -c /home/gps/YEAR/src/GITS/YEAR_src_PLAY/SCRATCH_ZONE_20/in_Py2_OLD/SPIN_py/SPIN_py/spin_misc/spin_py_mod.cxx
In file included from /tools/x86_64/py/include/python3.11/Python.h:44,
                 from /home/gps/YEAR/src/GITS/YEAR_src_PLAY/SCRATCH_ZONE_20/in_Py2_OLD/SPIN_py/SPIN_py/app_types.h:4,
                 from /home/gps/YEAR/src/GITS/YEAR_src_PLAY/SCRATCH_ZONE_20/in_Py2_OLD/SPIN_py/SPIN_py/SP_App/SP_App.h:11,
                 from /home/gps/YEAR/src/GITS/YEAR_src_PLAY/SCRATCH_ZONE_20/in_Py2_OLD/SPIN_py/SPIN_py/spin_misc/spin_py_mod.cxx:7:
/home/gps/YEAR/src/GITS/YEAR_src_PLAY/SCRATCH_ZONE_20/in_Py2_OLD/SPIN_py/SPIN_py/Py_Wrap/PY_Object_plain.h:28:18: error: expected ‘{’ before ‘ob_base’
   28 |         : public PyObject_HEAD // MACRO that define ob_type
      |                  ^~~~~~~~~~~~~
In file included from /home/gps/YEAR/src/GITS/YEAR_src_PLAY/SCRATCH_ZONE_20/in_Py2_OLD/SPIN_py/SPIN_py/Py_Wrap/PY_Object_base.h:4,
                 from /home/gps/YEAR/src/GITS/YEAR_src_PLAY/SCRATCH_ZONE_20/in_Py2_OLD/SPIN_py/SPIN_py/elem_info/elem_info.h:8,
                 from /home/gps/YEAR/src/GITS/YEAR_src_PLAY/SCRATCH_ZONE_20/in_Py2_OLD/SPIN_py/SPIN_py/app_link/app_link.h:7,
                 from /home/gps/YEAR/src/GITS/YEAR_src_PLAY/SCRATCH_ZONE_20/in_Py2_OLD/SPIN_py/SPIN_py/SP_App/SP_App.h:12,
                 from /home/gps/YEAR/src/GITS/YEAR_src_PLAY/SCRATCH_ZONE_20/in_Py2_OLD/SPIN_py/SPIN_py/spin_misc/spin_py_mod.cxx:7:
/home/gps/YEAR/src/GITS/YEAR_src_PLAY/SCRATCH_ZONE_20/in_Py2_OLD/SPIN_py/SPIN_py/Py_Wrap/PY_Object_plain.h:29:1: error: expected unqualified-id before ‘{’ token
   29 | {
      | ^
In file included from /home/gps/YEAR/src/GITS/YEAR_src_PLAY/SCRATCH_ZONE_20/in_Py2_OLD/SPIN_py/SPIN_py/Py_Wrap/P_util.h:4,
                 from /home/gps/YEAR/src/GITS/YEAR_src_PLAY/SCRATCH_ZONE_20/in_Py2_OLD/SPIN_py/SPIN_py/Py_Wrap/PY_Object_base.h:6,
                 from /home/gps/YEAR/src/GITS/YEAR_src_PLAY/SCRATCH_ZONE_20/in_Py2_OLD/SPIN_py/SPIN_py/elem_info/elem_info.h:8,
                 from /home/gps/YEAR/src/GITS/YEAR_src_PLAY/SCRATCH_ZONE_20/in_Py2_OLD/SPIN_py/SPIN_py/app_link/app_link.h:7,
                 from /home/gps/YEAR/src/GITS/YEAR_src_PLAY/SCRATCH_ZONE_20/in_Py2_OLD/SPIN_py/SPIN_py/SP_App/SP_App.h:12,
                 from /home/gps/YEAR/src/GITS/YEAR_src_PLAY/SCRATCH_ZONE_20/in_Py2_OLD/SPIN_py/SPIN_py/spin_misc/spin_py_mod.cxx:7:
/home/gps/YEAR/src/GITS/YEAR_src_PLAY/SCRATCH_ZONE_20/in_Py2_OLD/SPIN_py/SPIN_py/Py_Wrap/P_ref_base.h: In member function ‘int P_ref_base_no_ref::ref_count() const’:
/home/gps/YEAR/src/GITS/YEAR_src_PLAY/SCRATCH_ZONE_20/in_Py2_OLD/SPIN_py/SPIN_py/Py_Wrap/P_ref_base.h:66:27: error: invalid use of incomplete type ‘struct PY_Object_plain’
   66 |                 return ref->ob_refcnt;
      |                           ^~
In file included from /home/gps/YEAR/src/GITS/YEAR_src_PLAY/SCRATCH_ZONE_20/in_Py2_OLD/SPIN_py/SPIN_py/Py_Wrap/PY_Object_base.h:4,
                 from /home/gps/YEAR/src/GITS/YEAR_src_PLAY/SCRATCH_ZONE_20/in_Py2_OLD/SPIN_py/SPIN_py/elem_info/elem_info.h:8,
                 from /home/gps/YEAR/src/GITS/YEAR_src_PLAY/SCRATCH_ZONE_20/in_Py2_OLD/SPIN_py/SPIN_py/app_link/app_link.h:7,
                 from /home/gps/YEAR/src/GITS/YEAR_src_PLAY/SCRATCH_ZONE_20/in_Py2_OLD/SPIN_py/SPIN_py/SP_App/SP_App.h:12,
                 from /home/gps/YEAR/src/GITS/YEAR_src_PLAY/SCRATCH_ZONE_20/in_Py2_OLD/SPIN_py/SPIN_py/spin_misc/spin_py_mod.cxx:7:
/home/gps/YEAR/src/GITS/YEAR_src_PLAY/SCRATCH_ZONE_20/in_Py2_OLD/SPIN_py/SPIN_py/Py_Wrap/PY_Object_plain.h:27:8: note: forward declaration of ‘struct PY_Object_plain’
   27 | struct PY_Object_plain
      |        ^~~~~~~~~~~~~~~
In file included from /home/gps/YEAR/src/GITS/YEAR_src_PLAY/SCRATCH_ZONE_20/in_Py2_OLD/SPIN_py/SPIN_py/Py_Wrap/P_util.h:4,
                 from /home/gps/YEAR/src/GITS/YEAR_src_PLAY/SCRATCH_ZONE_20/in_Py2_OLD/SPIN_py/SPIN_py/Py_Wrap/PY_Object_base.h:6,
                 from /home/gps/YEAR/src/GITS/YEAR_src_PLAY/SCRATCH_ZONE_20/in_Py2_OLD/SPIN_py/SPIN_py/elem_info/elem_info.h:8,
                 from /home/gps/YEAR/src/GITS/YEAR_src_PLAY/SCRATCH_ZONE_20/in_Py2_OLD/SPIN_py/SPIN_py/app_link/app_link.h:7,
                 from /home/gps/YEAR/src/GITS/YEAR_src_PLAY/SCRATCH_ZONE_20/in_Py2_OLD/SPIN_py/SPIN_py/SP_App/SP_App.h:12,
                 from /home/gps/YEAR/src/GITS/YEAR_src_PLAY/SCRATCH_ZONE_20/in_Py2_OLD/SPIN_py/SPIN_py/spin_misc/spin_py_mod.cxx:7:
/home/gps/YEAR/src/GITS/YEAR_src_PLAY/SCRATCH_ZONE_20/in_Py2_OLD/SPIN_py/SPIN_py/Py_Wrap/P_ref_base.h: In member function ‘bool P_ref_base_no_ref::is_SUBTYPE(PyTypeObject*) const’:
/home/gps/YEAR/src/GITS/YEAR_src_PLAY/SCRATCH_ZONE_20/in_Py2_OLD/SPIN_py/SPIN_py/Py_Wrap/P_ref_base.h:89:25: error: invalid use of incomplete type ‘struct PY_Object_plain’
   89 |                 if(  ref->ob_type == expected ) return true;
      |                         ^~
In file included from /home/gps/YEAR/src/GITS/YEAR_src_PLAY/SCRATCH_ZONE_20/in_Py2_OLD/SPIN_py/SPIN_py/Py_Wrap/PY_Object_base.h:4,
                 from /home/gps/YEAR/src/GITS/YEAR_src_PLAY/SCRATCH_ZONE_20/in_Py2_OLD/SPIN_py/SPIN_py/elem_info/elem_info.h:8,
                 from /home/gps/YEAR/src/GITS/YEAR_src_PLAY/SCRATCH_ZONE_20/in_Py2_OLD/SPIN_py/SPIN_py/app_link/app_link.h:7,
                 from /home/gps/YEAR/src/GITS/YEAR_src_PLAY/SCRATCH_ZONE_20/in_Py2_OLD/SPIN_py/SPIN_py/SP_App/SP_App.h:12,
                 from /home/gps/YEAR/src/GITS/YEAR_src_PLAY/SCRATCH_ZONE_20/in_Py2_OLD/SPIN_py/SPIN_py/spin_misc/spin_py_mod.cxx:7:
/home/gps/YEAR/src/GITS/YEAR_src_PLAY/SCRATCH_ZONE_20/in_Py2_OLD/SPIN_py/SPIN_py/Py_Wrap/PY_Object_plain.h:27:8: note: forward declaration of ‘struct PY_Object_plain’
   27 | struct PY_Object_plain
      |        ^~~~~~~~~~~~~~~
In file included from /home/gps/YEAR/src/GITS/YEAR_src_PLAY/SCRATCH_ZONE_20/in_Py2_OLD/SPIN_py/SPIN_py/Py_Wrap/P_util.h:4,
                 from /home/gps/YEAR/src/GITS/YEAR_src_PLAY/SCRATCH_ZONE_20/in_Py2_OLD/SPIN_py/SPIN_py/Py_Wrap/PY_Object_base.h:6,
                 from /home/gps/YEAR/src/GITS/YEAR_src_PLAY/SCRATCH_ZONE_20/in_Py2_OLD/SPIN_py/SPIN_py/elem_info/elem_info.h:8,
                 from /home/gps/YEAR/src/GITS/YEAR_src_PLAY/SCRATCH_ZONE_20/in_Py2_OLD/SPIN_py/SPIN_py/app_link/app_link.h:7,
                 from /home/gps/YEAR/src/GITS/YEAR_src_PLAY/SCRATCH_ZONE_20/in_Py2_OLD/SPIN_py/SPIN_py/SP_App/SP_App.h:12,
                 from /home/gps/YEAR/src/GITS/YEAR_src_PLAY/SCRATCH_ZONE_20/in_Py2_OLD/SPIN_py/SPIN_py/spin_misc/spin_py_mod.cxx:7:
/home/gps/YEAR/src/GITS/YEAR_src_PLAY/SCRATCH_ZONE_20/in_Py2_OLD/SPIN_py/SPIN_py/Py_Wrap/P_ref_base.h: In member function ‘bool P_ref_base_no_ref::is_SUBTYPE_fn(PyTypeObject*) const’:
/home/gps/YEAR/src/GITS/YEAR_src_PLAY/SCRATCH_ZONE_20/in_Py2_OLD/SPIN_py/SPIN_py/Py_Wrap/P_ref_base.h:97:25: error: invalid use of incomplete type ‘struct PY_Object_plain’
   97 |                 if(  ref->ob_type == expected ) return true;
      |                         ^~
In file included from /home/gps/YEAR/src/GITS/YEAR_src_PLAY/SCRATCH_ZONE_20/in_Py2_OLD/SPIN_py/SPIN_py/Py_Wrap/PY_Object_base.h:4,
                 from /home/gps/YEAR/src/GITS/YEAR_src_PLAY/SCRATCH_ZONE_20/in_Py2_OLD/SPIN_py/SPIN_py/elem_info/elem_info.h:8,
                 from /home/gps/YEAR/src/GITS/YEAR_src_PLAY/SCRATCH_ZONE_20/in_Py2_OLD/SPIN_py/SPIN_py/app_link/app_link.h:7,
                 from /home/gps/YEAR/src/GITS/YEAR_src_PLAY/SCRATCH_ZONE_20/in_Py2_OLD/SPIN_py/SPIN_py/SP_App/SP_App.h:12,
                 from /home/gps/YEAR/src/GITS/YEAR_src_PLAY/SCRATCH_ZONE_20/in_Py2_OLD/SPIN_py/SPIN_py/spin_misc/spin_py_mod.cxx:7:
/home/gps/YEAR/src/GITS/YEAR_src_PLAY/SCRATCH_ZONE_20/in_Py2_OLD/SPIN_py/SPIN_py/Py_Wrap/PY_Object_plain.h:27:8: note: forward declaration of ‘struct PY_Object_plain’
   27 | struct PY_Object_plain
      |        ^~~~~~~~~~~~~~~
In file included from /home/gps/YEAR/src/GITS/YEAR_src_PLAY/SCRATCH_ZONE_20/in_Py2_OLD/SPIN_py/SPIN_py/Py_Wrap/P_util.h:4,
                 from /home/gps/YEAR/src/GITS/YEAR_src_PLAY/SCRATCH_ZONE_20/in_Py2_OLD/SPIN_py/SPIN_py/Py_Wrap/PY_Object_base.h:6,
                 from /home/gps/YEAR/src/GITS/YEAR_src_PLAY/SCRATCH_ZONE_20/in_Py2_OLD/SPIN_py/SPIN_py/elem_info/elem_info.h:8,
                 from /home/gps/YEAR/src/GITS/YEAR_src_PLAY/SCRATCH_ZONE_20/in_Py2_OLD/SPIN_py/SPIN_py/app_link/app_link.h:7,
                 from /home/gps/YEAR/src/GITS/YEAR_src_PLAY/SCRATCH_ZONE_20/in_Py2_OLD/SPIN_py/SPIN_py/SP_App/SP_App.h:12,
                 from /home/gps/YEAR/src/GITS/YEAR_src_PLAY/SCRATCH_ZONE_20/in_Py2_OLD/SPIN_py/SPIN_py/spin_misc/spin_py_mod.cxx:7:
/home/gps/YEAR/src/GITS/YEAR_src_PLAY/SCRATCH_ZONE_20/in_Py2_OLD/SPIN_py/SPIN_py/Py_Wrap/P_ref_base.h:98:45: error: invalid use of incomplete type ‘struct PY_Object_plain’
   98 |                 return PyType_IsSubtype( ref->ob_type, expected );
      |                                             ^~
In file included from /home/gps/YEAR/src/GITS/YEAR_src_PLAY/SCRATCH_ZONE_20/in_Py2_OLD/SPIN_py/SPIN_py/Py_Wrap/PY_Object_base.h:4,
                 from /home/gps/YEAR/src/GITS/YEAR_src_PLAY/SCRATCH_ZONE_20/in_Py2_OLD/SPIN_py/SPIN_py/elem_info/elem_info.h:8,
                 from /home/gps/YEAR/src/GITS/YEAR_src_PLAY/SCRATCH_ZONE_20/in_Py2_OLD/SPIN_py/SPIN_py/app_link/app_link.h:7,
                 from /home/gps/YEAR/src/GITS/YEAR_src_PLAY/SCRATCH_ZONE_20/in_Py2_OLD/SPIN_py/SPIN_py/SP_App/SP_App.h:12,
                 from /home/gps/YEAR/src/GITS/YEAR_src_PLAY/SCRATCH_ZONE_20/in_Py2_OLD/SPIN_py/SPIN_py/spin_misc/spin_py_mod.cxx:7:
/home/gps/YEAR/src/GITS/YEAR_src_PLAY/SCRATCH_ZONE_20/in_Py2_OLD/SPIN_py/SPIN_py/Py_Wrap/PY_Object_plain.h:27:8: note: forward declaration of ‘struct PY_Object_plain’
   27 | struct PY_Object_plain
      |        ^~~~~~~~~~~~~~~
In file included from /home/gps/YEAR/src/GITS/YEAR_src_PLAY/SCRATCH_ZONE_20/in_Py2_OLD/SPIN_py/SPIN_py/Py_Wrap/P_util.h:4,
                 from /home/gps/YEAR/src/GITS/YEAR_src_PLAY/SCRATCH_ZONE_20/in_Py2_OLD/SPIN_py/SPIN_py/Py_Wrap/PY_Object_base.h:6,
                 from /home/gps/YEAR/src/GITS/YEAR_src_PLAY/SCRATCH_ZONE_20/in_Py2_OLD/SPIN_py/SPIN_py/elem_info/elem_info.h:8,
                 from /home/gps/YEAR/src/GITS/YEAR_src_PLAY/SCRATCH_ZONE_20/in_Py2_OLD/SPIN_py/SPIN_py/app_link/app_link.h:7,
                 from /home/gps/YEAR/src/GITS/YEAR_src_PLAY/SCRATCH_ZONE_20/in_Py2_OLD/SPIN_py/SPIN_py/SP_App/SP_App.h:12,
                 from /home/gps/YEAR/src/GITS/YEAR_src_PLAY/SCRATCH_ZONE_20/in_Py2_OLD/SPIN_py/SPIN_py/spin_misc/spin_py_mod.cxx:7:
/home/gps/YEAR/src/GITS/YEAR_src_PLAY/SCRATCH_ZONE_20/in_Py2_OLD/SPIN_py/SPIN_py/Py_Wrap/P_ref_base.h: In member function ‘bool P_ref_base_no_ref::is_TYPE(PyTypeObject*) const’:
/home/gps/YEAR/src/GITS/YEAR_src_PLAY/SCRATCH_ZONE_20/in_Py2_OLD/SPIN_py/SPIN_py/Py_Wrap/P_ref_base.h:105:27: error: invalid use of incomplete type ‘struct PY_Object_plain’
  105 |                 return ref->ob_type == expected ;
      |                           ^~
In file included from /home/gps/YEAR/src/GITS/YEAR_src_PLAY/SCRATCH_ZONE_20/in_Py2_OLD/SPIN_py/SPIN_py/Py_Wrap/PY_Object_base.h:4,
                 from /home/gps/YEAR/src/GITS/YEAR_src_PLAY/SCRATCH_ZONE_20/in_Py2_OLD/SPIN_py/SPIN_py/elem_info/elem_info.h:8,
                 from /home/gps/YEAR/src/GITS/YEAR_src_PLAY/SCRATCH_ZONE_20/in_Py2_OLD/SPIN_py/SPIN_py/app_link/app_link.h:7,
                 from /home/gps/YEAR/src/GITS/YEAR_src_PLAY/SCRATCH_ZONE_20/in_Py2_OLD/SPIN_py/SPIN_py/SP_App/SP_App.h:12,
                 from /home/gps/YEAR/src/GITS/YEAR_src_PLAY/SCRATCH_ZONE_20/in_Py2_OLD/SPIN_py/SPIN_py/spin_misc/spin_py_mod.cxx:7:
/home/gps/YEAR/src/GITS/YEAR_src_PLAY/SCRATCH_ZONE_20/in_Py2_OLD/SPIN_py/SPIN_py/Py_Wrap/PY_Object_plain.h:27:8: note: forward declaration of ‘struct PY_Object_plain’
   27 | struct PY_Object_plain
      |        ^~~~~~~~~~~~~~~
In file included from /home/gps/YEAR/src/GITS/YEAR_src_PLAY/SCRATCH_ZONE_20/in_Py2_OLD/SPIN_py/SPIN_py/Py_Wrap/P_util.h:4,
                 from /home/gps/YEAR/src/GITS/YEAR_src_PLAY/SCRATCH_ZONE_20/in_Py2_OLD/SPIN_py/SPIN_py/Py_Wrap/PY_Object_base.h:6,
                 from /home/gps/YEAR/src/GITS/YEAR_src_PLAY/SCRATCH_ZONE_20/in_Py2_OLD/SPIN_py/SPIN_py/elem_info/elem_info.h:8,
                 from /home/gps/YEAR/src/GITS/YEAR_src_PLAY/SCRATCH_ZONE_20/in_Py2_OLD/SPIN_py/SPIN_py/app_link/app_link.h:7,
                 from /home/gps/YEAR/src/GITS/YEAR_src_PLAY/SCRATCH_ZONE_20/in_Py2_OLD/SPIN_py/SPIN_py/SP_App/SP_App.h:12,
                 from /home/gps/YEAR/src/GITS/YEAR_src_PLAY/SCRATCH_ZONE_20/in_Py2_OLD/SPIN_py/SPIN_py/spin_misc/spin_py_mod.cxx:7:
/home/gps/YEAR/src/GITS/YEAR_src_PLAY/SCRATCH_ZONE_20/in_Py2_OLD/SPIN_py/SPIN_py/Py_Wrap/P_ref_base.h: In member function ‘bool P_ref_base_no_ref::is_Buffer()’:
/home/gps/YEAR/src/GITS/YEAR_src_PLAY/SCRATCH_ZONE_20/in_Py2_OLD/SPIN_py/SPIN_py/Py_Wrap/P_ref_base.h:116:45: error: ‘PyBuffer_Type’ was not declared in this scope; did you mean ‘PySuper_Type’?
  116 |         bool is_Buffer()        { is_TYPE( &PyBuffer_Type       ); }
      |                                             ^~~~~~~~~~~~~
      |                                             PySuper_Type
/home/gps/YEAR/src/GITS/YEAR_src_PLAY/SCRATCH_ZONE_20/in_Py2_OLD/SPIN_py/SPIN_py/Py_Wrap/P_ref_base.h: In member function ‘bool P_ref_base_no_ref::is_CObject()’:
/home/gps/YEAR/src/GITS/YEAR_src_PLAY/SCRATCH_ZONE_20/in_Py2_OLD/SPIN_py/SPIN_py/Py_Wrap/P_ref_base.h:118:45: error: ‘PyCObject_Type’ was not declared in this scope; did you mean ‘PyObject_Type’?
  118 |         bool is_CObject()       { is_TYPE( &PyCObject_Type      ); }
      |                                             ^~~~~~~~~~~~~~
      |                                             PyObject_Type
/home/gps/YEAR/src/GITS/YEAR_src_PLAY/SCRATCH_ZONE_20/in_Py2_OLD/SPIN_py/SPIN_py/Py_Wrap/P_ref_base.h: In member function ‘bool P_ref_base_no_ref::is_Class()’:
/home/gps/YEAR/src/GITS/YEAR_src_PLAY/SCRATCH_ZONE_20/in_Py2_OLD/SPIN_py/SPIN_py/Py_Wrap/P_ref_base.h:121:45: error: ‘PyClass_Type’ was not declared in this scope; did you mean ‘PyList_Type’?
  121 |         bool is_Class()         { is_TYPE( &PyClass_Type        ); }
      |                                             ^~~~~~~~~~~~
      |                                             PyList_Type
/home/gps/YEAR/src/GITS/YEAR_src_PLAY/SCRATCH_ZONE_20/in_Py2_OLD/SPIN_py/SPIN_py/Py_Wrap/P_ref_base.h: In member function ‘bool P_ref_base_no_ref::is_File()’:
/home/gps/YEAR/src/GITS/YEAR_src_PLAY/SCRATCH_ZONE_20/in_Py2_OLD/SPIN_py/SPIN_py/Py_Wrap/P_ref_base.h:124:45: error: ‘PyFile_Type’ was not declared in this scope; did you mean ‘PyFilter_Type’?
  124 |         bool is_File()          { is_TYPE( &PyFile_Type         ); }
      |                                             ^~~~~~~~~~~
      |                                             PyFilter_Type
/home/gps/YEAR/src/GITS/YEAR_src_PLAY/SCRATCH_ZONE_20/in_Py2_OLD/SPIN_py/SPIN_py/Py_Wrap/P_ref_base.h: In member function ‘bool P_ref_base_no_ref::is_Int()’:
/home/gps/YEAR/src/GITS/YEAR_src_PLAY/SCRATCH_ZONE_20/in_Py2_OLD/SPIN_py/SPIN_py/Py_Wrap/P_ref_base.h:127:45: error: ‘PyInt_Type’ was not declared in this scope; did you mean ‘PySet_Type’?
  127 |         bool is_Int()           { is_TYPE( &PyInt_Type          ); }
      |                                             ^~~~~~~~~~
      |                                             PySet_Type
/home/gps/YEAR/src/GITS/YEAR_src_PLAY/SCRATCH_ZONE_20/in_Py2_OLD/SPIN_py/SPIN_py/Py_Wrap/P_ref_base.h: In member function ‘bool P_ref_base_no_ref::is_String()’:
/home/gps/YEAR/src/GITS/YEAR_src_PLAY/SCRATCH_ZONE_20/in_Py2_OLD/SPIN_py/SPIN_py/Py_Wrap/P_ref_base.h:134:45: error: ‘PyString_Type’ was not declared in this scope; did you mean ‘PySlice_Type’?
  134 |         bool is_String()        { is_TYPE( &PyString_Type       ); }
      |                                             ^~~~~~~~~~~~~
      |                                             PySlice_Type
/home/gps/YEAR/src/GITS/YEAR_src_PLAY/SCRATCH_ZONE_20/in_Py2_OLD/SPIN_py/SPIN_py/Py_Wrap/P_ref_base.h: In member function ‘const char* P_ref_base_no_ref::type_name() const’:
/home/gps/YEAR/src/GITS/YEAR_src_PLAY/SCRATCH_ZONE_20/in_Py2_OLD/SPIN_py/SPIN_py/Py_Wrap/P_ref_base.h:198:27: error: invalid use of incomplete type ‘struct PY_Object_plain’
  198 |                 return ref->type_name();
      |                           ^~
In file included from /home/gps/YEAR/src/GITS/YEAR_src_PLAY/SCRATCH_ZONE_20/in_Py2_OLD/SPIN_py/SPIN_py/Py_Wrap/PY_Object_base.h:4,
                 from /home/gps/YEAR/src/GITS/YEAR_src_PLAY/SCRATCH_ZONE_20/in_Py2_OLD/SPIN_py/SPIN_py/elem_info/elem_info.h:8,
                 from /home/gps/YEAR/src/GITS/YEAR_src_PLAY/SCRATCH_ZONE_20/in_Py2_OLD/SPIN_py/SPIN_py/app_link/app_link.h:7,
                 from /home/gps/YEAR/src/GITS/YEAR_src_PLAY/SCRATCH_ZONE_20/in_Py2_OLD/SPIN_py/SPIN_py/SP_App/SP_App.h:12,
                 from /home/gps/YEAR/src/GITS/YEAR_src_PLAY/SCRATCH_ZONE_20/in_Py2_OLD/SPIN_py/SPIN_py/spin_misc/spin_py_mod.cxx:7:
/home/gps/YEAR/src/GITS/YEAR_src_PLAY/SCRATCH_ZONE_20/in_Py2_OLD/SPIN_py/SPIN_py/Py_Wrap/PY_Object_plain.h:27:8: note: forward declaration of ‘struct PY_Object_plain’
   27 | struct PY_Object_plain
      |        ^~~~~~~~~~~~~~~
In file included from /home/gps/YEAR/src/GITS/YEAR_src_PLAY/SCRATCH_ZONE_20/in_Py2_OLD/SPIN_py/SPIN_py/Py_Wrap/P_util.h:6,
                 from /home/gps/YEAR/src/GITS/YEAR_src_PLAY/SCRATCH_ZONE_20/in_Py2_OLD/SPIN_py/SPIN_py/Py_Wrap/PY_Object_base.h:6,
                 from /home/gps/YEAR/src/GITS/YEAR_src_PLAY/SCRATCH_ZONE_20/in_Py2_OLD/SPIN_py/SPIN_py/elem_info/elem_info.h:8,
                 from /home/gps/YEAR/src/GITS/YEAR_src_PLAY/SCRATCH_ZONE_20/in_Py2_OLD/SPIN_py/SPIN_py/app_link/app_link.h:7,
                 from /home/gps/YEAR/src/GITS/YEAR_src_PLAY/SCRATCH_ZONE_20/in_Py2_OLD/SPIN_py/SPIN_py/SP_App/SP_App.h:12,
                 from /home/gps/YEAR/src/GITS/YEAR_src_PLAY/SCRATCH_ZONE_20/in_Py2_OLD/SPIN_py/SPIN_py/spin_misc/spin_py_mod.cxx:7:
/home/gps/YEAR/src/GITS/YEAR_src_PLAY/SCRATCH_ZONE_20/in_Py2_OLD/SPIN_py/SPIN_py/Py_Wrap/PY_Static.h: In static member function ‘static bool PY_Static::IS_String(PyObject*)’:
/home/gps/YEAR/src/GITS/YEAR_src_PLAY/SCRATCH_ZONE_20/in_Py2_OLD/SPIN_py/SPIN_py/Py_Wrap/PY_Static.h:37:31: error: ‘PyString_Check’ was not declared in this scope; did you mean ‘PyMapping_Check’?
   37 |                 return obj && PyString_Check( obj );
      |                               ^~~~~~~~~~~~~~
      |                               PyMapping_Check
/home/gps/YEAR/src/GITS/YEAR_src_PLAY/SCRATCH_ZONE_20/in_Py2_OLD/SPIN_py/SPIN_py/Py_Wrap/PY_Static.h: In static member function ‘static bool PY_Static::IS_Int(PyObject*)’:
/home/gps/YEAR/src/GITS/YEAR_src_PLAY/SCRATCH_ZONE_20/in_Py2_OLD/SPIN_py/SPIN_py/Py_Wrap/PY_Static.h:42:31: error: ‘PyInt_Check’ was not declared in this scope; did you mean ‘PySet_Check’?
   42 |                 return obj && PyInt_Check( obj );
      |                               ^~~~~~~~~~~
      |                               PySet_Check
/home/gps/YEAR/src/GITS/YEAR_src_PLAY/SCRATCH_ZONE_20/in_Py2_OLD/SPIN_py/SPIN_py/Py_Wrap/PY_Static.h: In static member function ‘static bool PY_Static::IS_Instance(PyObject*)’:
/home/gps/YEAR/src/GITS/YEAR_src_PLAY/SCRATCH_ZONE_20/in_Py2_OLD/SPIN_py/SPIN_py/Py_Wrap/PY_Static.h:62:31: error: ‘PyInstance_Check’ was not declared in this scope; did you mean ‘PyGILState_Check’?
   62 |                 return obj && PyInstance_Check( obj );
      |                               ^~~~~~~~~~~~~~~~
      |                               PyGILState_Check
/home/gps/YEAR/src/GITS/YEAR_src_PLAY/SCRATCH_ZONE_20/in_Py2_OLD/SPIN_py/SPIN_py/Py_Wrap/PY_Static.h: In static member function ‘static bool PY_Static::Expect_String(PyObject*)’:
/home/gps/YEAR/src/GITS/YEAR_src_PLAY/SCRATCH_ZONE_20/in_Py2_OLD/SPIN_py/SPIN_py/Py_Wrap/PY_Static.h:83:44: error: ‘PyString_Type’ was not declared in this scope; did you mean ‘PySlice_Type’?
   83 |                 return Expect_Type( obj, & PyString_Type );
      |                                            ^~~~~~~~~~~~~
      |                                            PySlice_Type
/home/gps/YEAR/src/GITS/YEAR_src_PLAY/SCRATCH_ZONE_20/in_Py2_OLD/SPIN_py/SPIN_py/Py_Wrap/PY_Static.h: In static member function ‘static bool PY_Static::Expect_Instance(PyObject*)’:
/home/gps/YEAR/src/GITS/YEAR_src_PLAY/SCRATCH_ZONE_20/in_Py2_OLD/SPIN_py/SPIN_py/Py_Wrap/PY_Static.h:103:44: error: ‘PyInstance_Type’ was not declared in this scope; did you mean ‘PyRange_Type’?
  103 |                 return Expect_Type( obj, & PyInstance_Type );
      |                                            ^~~~~~~~~~~~~~~
      |                                            PyRange_Type
In file included from /home/gps/YEAR/src/GITS/YEAR_src_PLAY/SCRATCH_ZONE_20/in_Py2_OLD/SPIN_py/SPIN_py/Py_Wrap/PY_Object_base.h:7,
                 from /home/gps/YEAR/src/GITS/YEAR_src_PLAY/SCRATCH_ZONE_20/in_Py2_OLD/SPIN_py/SPIN_py/elem_info/elem_info.h:8,
                 from /home/gps/YEAR/src/GITS/YEAR_src_PLAY/SCRATCH_ZONE_20/in_Py2_OLD/SPIN_py/SPIN_py/app_link/app_link.h:7,
                 from /home/gps/YEAR/src/GITS/YEAR_src_PLAY/SCRATCH_ZONE_20/in_Py2_OLD/SPIN_py/SPIN_py/SP_App/SP_App.h:12,
                 from /home/gps/YEAR/src/GITS/YEAR_src_PLAY/SCRATCH_ZONE_20/in_Py2_OLD/SPIN_py/SPIN_py/spin_misc/spin_py_mod.cxx:7:
/home/gps/YEAR/src/GITS/YEAR_src_PLAY/SCRATCH_ZONE_20/in_Py2_OLD/SPIN_py/SPIN_py/Py_Wrap/P_ref.h: At global scope:
/home/gps/YEAR/src/GITS/YEAR_src_PLAY/SCRATCH_ZONE_20/in_Py2_OLD/SPIN_py/SPIN_py/Py_Wrap/P_ref.h:9:28: error: ‘PyIntObject’ was not declared in this scope; did you mean ‘PySetObject’?
    9 | class P_Int : public P_ref<PyIntObject>
      |                            ^~~~~~~~~~~
      |                            PySetObject
/home/gps/YEAR/src/GITS/YEAR_src_PLAY/SCRATCH_ZONE_20/in_Py2_OLD/SPIN_py/SPIN_py/Py_Wrap/P_ref.h:9:39: error: template argument 1 is invalid
    9 | class P_Int : public P_ref<PyIntObject>
      |                                       ^
/home/gps/YEAR/src/GITS/YEAR_src_PLAY/SCRATCH_ZONE_20/in_Py2_OLD/SPIN_py/SPIN_py/Py_Wrap/P_ref.h:16:27: error: expected ‘)’ before ‘*’ token
   16 |         P_Int( PyIntObject * p )
      |              ~            ^~
      |                           )
/home/gps/YEAR/src/GITS/YEAR_src_PLAY/SCRATCH_ZONE_20/in_Py2_OLD/SPIN_py/SPIN_py/Py_Wrap/P_ref.h: In constructor ‘P_Int::P_Int(PyObject*)’:
/home/gps/YEAR/src/GITS/YEAR_src_PLAY/SCRATCH_ZONE_20/in_Py2_OLD/SPIN_py/SPIN_py/Py_Wrap/P_ref.h:22:21: error: ‘PyInt_Check’ was not declared in this scope; did you mean ‘PySet_Check’?
   22 |                 if( PyInt_Check( p ))
      |                     ^~~~~~~~~~~
      |                     PySet_Check
/home/gps/YEAR/src/GITS/YEAR_src_PLAY/SCRATCH_ZONE_20/in_Py2_OLD/SPIN_py/SPIN_py/Py_Wrap/P_ref.h:23:25: error: ‘set_ptr_ok_claim’ was not declared in this scope
   23 |                         set_ptr_ok_claim(p);
      |                         ^~~~~~~~~~~~~~~~
/home/gps/YEAR/src/GITS/YEAR_src_PLAY/SCRATCH_ZONE_20/in_Py2_OLD/SPIN_py/SPIN_py/Py_Wrap/P_ref.h: In member function ‘int P_Int::get_int() const’:
/home/gps/YEAR/src/GITS/YEAR_src_PLAY/SCRATCH_ZONE_20/in_Py2_OLD/SPIN_py/SPIN_py/Py_Wrap/P_ref.h:31:20: error: ‘is_null_error’ was not declared in this scope
   31 |                 if(is_null_error()) return 0;
      |                    ^~~~~~~~~~~~~
/home/gps/YEAR/src/GITS/YEAR_src_PLAY/SCRATCH_ZONE_20/in_Py2_OLD/SPIN_py/SPIN_py/Py_Wrap/P_ref.h:32:24: error: ‘ptr’ was not declared in this scope
   32 |                 return ptr()->ob_ival;
      |                        ^~~
/home/gps/YEAR/src/GITS/YEAR_src_PLAY/SCRATCH_ZONE_20/in_Py2_OLD/SPIN_py/SPIN_py/Py_Wrap/P_ref.h: In member function ‘void P_Int::set_int(int)’:
/home/gps/YEAR/src/GITS/YEAR_src_PLAY/SCRATCH_ZONE_20/in_Py2_OLD/SPIN_py/SPIN_py/Py_Wrap/P_ref.h:36:20: error: ‘is_null’ was not declared in this scope
   36 |                 if(is_null() || is_shared())
      |                    ^~~~~~~
/home/gps/YEAR/src/GITS/YEAR_src_PLAY/SCRATCH_ZONE_20/in_Py2_OLD/SPIN_py/SPIN_py/Py_Wrap/P_ref.h:36:33: error: ‘is_shared’ was not declared in this scope
   36 |                 if(is_null() || is_shared())
      |                                 ^~~~~~~~~
/home/gps/YEAR/src/GITS/YEAR_src_PLAY/SCRATCH_ZONE_20/in_Py2_OLD/SPIN_py/SPIN_py/Py_Wrap/P_ref.h:37:42: error: ‘PyIntObject’ was not declared in this scope; did you mean ‘PySetObject’?
   37 |                         set_ptr_snatch( (PyIntObject *) PyInt_FromLong( ival ));
      |                                          ^~~~~~~~~~~
      |                                          PySetObject
/home/gps/YEAR/src/GITS/YEAR_src_PLAY/SCRATCH_ZONE_20/in_Py2_OLD/SPIN_py/SPIN_py/Py_Wrap/P_ref.h:37:55: error: expected primary-expression before ‘)’ token
   37 |                         set_ptr_snatch( (PyIntObject *) PyInt_FromLong( ival ));
      |                                                       ^
/home/gps/YEAR/src/GITS/YEAR_src_PLAY/SCRATCH_ZONE_20/in_Py2_OLD/SPIN_py/SPIN_py/Py_Wrap/P_ref.h:37:25: error: ‘set_ptr_snatch’ was not declared in this scope
   37 |                         set_ptr_snatch( (PyIntObject *) PyInt_FromLong( ival ));
      |                         ^~~~~~~~~~~~~~
/home/gps/YEAR/src/GITS/YEAR_src_PLAY/SCRATCH_ZONE_20/in_Py2_OLD/SPIN_py/SPIN_py/Py_Wrap/P_ref.h:39:25: error: ‘ptr’ was not declared in this scope
   39 |                         ptr()->ob_ival = ival;
      |                         ^~~
/home/gps/YEAR/src/GITS/YEAR_src_PLAY/SCRATCH_ZONE_20/in_Py2_OLD/SPIN_py/SPIN_py/Py_Wrap/P_ref.h: At global scope:
/home/gps/YEAR/src/GITS/YEAR_src_PLAY/SCRATCH_ZONE_20/in_Py2_OLD/SPIN_py/SPIN_py/Py_Wrap/P_ref.h:283:31: error: ‘PyStringObject’ was not declared in this scope; did you mean ‘PySliceObject’?
  283 | class P_String : public P_ref<PyStringObject>
      |                               ^~~~~~~~~~~~~~
      |                               PySliceObject
/home/gps/YEAR/src/GITS/YEAR_src_PLAY/SCRATCH_ZONE_20/in_Py2_OLD/SPIN_py/SPIN_py/Py_Wrap/P_ref.h:283:45: error: template argument 1 is invalid
  283 | class P_String : public P_ref<PyStringObject>
      |                                             ^
/home/gps/YEAR/src/GITS/YEAR_src_PLAY/SCRATCH_ZONE_20/in_Py2_OLD/SPIN_py/SPIN_py/Py_Wrap/P_ref.h: In constructor ‘P_String::P_String()’:
/home/gps/YEAR/src/GITS/YEAR_src_PLAY/SCRATCH_ZONE_20/in_Py2_OLD/SPIN_py/SPIN_py/Py_Wrap/P_ref.h:288:17: error: ‘ref’ was not declared in this scope; did you mean ‘erf’?
  288 |                 ref = NULL;
      |                 ^~~
      |                 erf
/home/gps/YEAR/src/GITS/YEAR_src_PLAY/SCRATCH_ZONE_20/in_Py2_OLD/SPIN_py/SPIN_py/Py_Wrap/P_ref.h: In constructor ‘P_String::P_String(const char*)’:
/home/gps/YEAR/src/GITS/YEAR_src_PLAY/SCRATCH_ZONE_20/in_Py2_OLD/SPIN_py/SPIN_py/Py_Wrap/P_ref.h:292:17: error: ‘ref’ was not declared in this scope; did you mean ‘erf’?
  292 |                 ref = NULL;
      |                 ^~~
      |                 erf
/home/gps/YEAR/src/GITS/YEAR_src_PLAY/SCRATCH_ZONE_20/in_Py2_OLD/SPIN_py/SPIN_py/Py_Wrap/P_ref.h: In constructor ‘P_String::P_String(const PyObject*)’:
/home/gps/YEAR/src/GITS/YEAR_src_PLAY/SCRATCH_ZONE_20/in_Py2_OLD/SPIN_py/SPIN_py/Py_Wrap/P_ref.h:297:17: error: ‘ref’ was not declared in this scope; did you mean ‘erf’?
  297 |                 ref = NULL;
      |                 ^~~
      |                 erf
/home/gps/YEAR/src/GITS/YEAR_src_PLAY/SCRATCH_ZONE_20/in_Py2_OLD/SPIN_py/SPIN_py/Py_Wrap/P_ref.h: In member function ‘const char* P_String::get_str() const’:
/home/gps/YEAR/src/GITS/YEAR_src_PLAY/SCRATCH_ZONE_20/in_Py2_OLD/SPIN_py/SPIN_py/Py_Wrap/P_ref.h:309:21: error: ‘is_null’ was not declared in this scope
  309 |                 if( is_null() ) return "";
      |                     ^~~~~~~
/home/gps/YEAR/src/GITS/YEAR_src_PLAY/SCRATCH_ZONE_20/in_Py2_OLD/SPIN_py/SPIN_py/Py_Wrap/P_ref.h:310:43: error: ‘py_ptr’ was not declared in this scope
  310 |                 return PyString_AsString( py_ptr() );
      |                                           ^~~~~~
/home/gps/YEAR/src/GITS/YEAR_src_PLAY/SCRATCH_ZONE_20/in_Py2_OLD/SPIN_py/SPIN_py/Py_Wrap/P_ref.h:310:24: error: ‘PyString_AsString’ was not declared in this scope
  310 |                 return PyString_AsString( py_ptr() );
      |                        ^~~~~~~~~~~~~~~~~
/home/gps/YEAR/src/GITS/YEAR_src_PLAY/SCRATCH_ZONE_20/in_Py2_OLD/SPIN_py/SPIN_py/Py_Wrap/P_ref.h: In member function ‘bool P_String::set_str(const PyObject*)’:
/home/gps/YEAR/src/GITS/YEAR_src_PLAY/SCRATCH_ZONE_20/in_Py2_OLD/SPIN_py/SPIN_py/Py_Wrap/P_ref.h:316:25: error: ‘claim_this’ was not declared in this scope
  316 |                         claim_this( (PyObject *)str ); // COPY ??
      |                         ^~~~~~~~~~
/home/gps/YEAR/src/GITS/YEAR_src_PLAY/SCRATCH_ZONE_20/in_Py2_OLD/SPIN_py/SPIN_py/Py_Wrap/P_ref.h:319:21: error: ‘PyString_Check’ was not declared in this scope; did you mean ‘PyMapping_Check’?
  319 |                 if(!PyString_Check( str ))
      |                     ^~~~~~~~~~~~~~
      |                     PyMapping_Check
/home/gps/YEAR/src/GITS/YEAR_src_PLAY/SCRATCH_ZONE_20/in_Py2_OLD/SPIN_py/SPIN_py/Py_Wrap/P_ref.h:326:17: error: ‘claim_this’ was not declared in this scope
  326 |                 claim_this( (PyObject *)str ); // COPY ??
      |                 ^~~~~~~~~~
/home/gps/YEAR/src/GITS/YEAR_src_PLAY/SCRATCH_ZONE_20/in_Py2_OLD/SPIN_py/SPIN_py/Py_Wrap/P_ref.h:327:24: error: ‘ref’ was not declared in this scope; did you mean ‘erf’?
  327 |                 return ref;
      |                        ^~~
      |                        erf
/home/gps/YEAR/src/GITS/YEAR_src_PLAY/SCRATCH_ZONE_20/in_Py2_OLD/SPIN_py/SPIN_py/Py_Wrap/P_ref.h: In member function ‘bool P_String::set_str(const char*)’:
/home/gps/YEAR/src/GITS/YEAR_src_PLAY/SCRATCH_ZONE_20/in_Py2_OLD/SPIN_py/SPIN_py/Py_Wrap/P_ref.h:331:30: error: ‘PyString_FromString’ was not declared in this scope; did you mean ‘PyLong_FromString’?
  331 |                 snatch_this( PyString_FromString( str ) );
      |                              ^~~~~~~~~~~~~~~~~~~
      |                              PyLong_FromString
/home/gps/YEAR/src/GITS/YEAR_src_PLAY/SCRATCH_ZONE_20/in_Py2_OLD/SPIN_py/SPIN_py/Py_Wrap/P_ref.h:331:17: error: ‘snatch_this’ was not declared in this scope
  331 |                 snatch_this( PyString_FromString( str ) );
      |                 ^~~~~~~~~~~
/home/gps/YEAR/src/GITS/YEAR_src_PLAY/SCRATCH_ZONE_20/in_Py2_OLD/SPIN_py/SPIN_py/Py_Wrap/P_ref.h:332:24: error: ‘ref’ was not declared in this scope; did you mean ‘erf’?
  332 |                 return ref;
      |                        ^~~
      |                        erf
/home/gps/YEAR/src/GITS/YEAR_src_PLAY/SCRATCH_ZONE_20/in_Py2_OLD/SPIN_py/SPIN_py/Py_Wrap/P_ref.h: In member function ‘void P_String::set_null()’:
/home/gps/YEAR/src/GITS/YEAR_src_PLAY/SCRATCH_ZONE_20/in_Py2_OLD/SPIN_py/SPIN_py/Py_Wrap/P_ref.h:336:17: error: ‘set_ptr_ok_snatch’ was not declared in this scope
  336 |                 set_ptr_ok_snatch(NULL);
      |                 ^~~~~~~~~~~~~~~~~
In file included from /home/gps/YEAR/src/GITS/YEAR_src_PLAY/SCRATCH_ZONE_20/in_Py2_OLD/SPIN_py/SPIN_py/elem_info/elem_info.h:8,
                 from /home/gps/YEAR/src/GITS/YEAR_src_PLAY/SCRATCH_ZONE_20/in_Py2_OLD/SPIN_py/SPIN_py/app_link/app_link.h:7,
                 from /home/gps/YEAR/src/GITS/YEAR_src_PLAY/SCRATCH_ZONE_20/in_Py2_OLD/SPIN_py/SPIN_py/SP_App/SP_App.h:12,
                 from /home/gps/YEAR/src/GITS/YEAR_src_PLAY/SCRATCH_ZONE_20/in_Py2_OLD/SPIN_py/SPIN_py/spin_misc/spin_py_mod.cxx:7:
/home/gps/YEAR/src/GITS/YEAR_src_PLAY/SCRATCH_ZONE_20/in_Py2_OLD/SPIN_py/SPIN_py/Py_Wrap/PY_Object_base.h: At global scope:
/home/gps/YEAR/src/GITS/YEAR_src_PLAY/SCRATCH_ZONE_20/in_Py2_OLD/SPIN_py/SPIN_py/Py_Wrap/PY_Object_base.h:21:32: error: invalid use of incomplete type ‘struct PY_Object_plain’
   21 | struct PY_Object_base : public PY_Object_plain
      |                                ^~~~~~~~~~~~~~~
In file included from /home/gps/YEAR/src/GITS/YEAR_src_PLAY/SCRATCH_ZONE_20/in_Py2_OLD/SPIN_py/SPIN_py/Py_Wrap/PY_Object_base.h:4,
                 from /home/gps/YEAR/src/GITS/YEAR_src_PLAY/SCRATCH_ZONE_20/in_Py2_OLD/SPIN_py/SPIN_py/elem_info/elem_info.h:8,
                 from /home/gps/YEAR/src/GITS/YEAR_src_PLAY/SCRATCH_ZONE_20/in_Py2_OLD/SPIN_py/SPIN_py/app_link/app_link.h:7,
                 from /home/gps/YEAR/src/GITS/YEAR_src_PLAY/SCRATCH_ZONE_20/in_Py2_OLD/SPIN_py/SPIN_py/SP_App/SP_App.h:12,
                 from /home/gps/YEAR/src/GITS/YEAR_src_PLAY/SCRATCH_ZONE_20/in_Py2_OLD/SPIN_py/SPIN_py/spin_misc/spin_py_mod.cxx:7:
/home/gps/YEAR/src/GITS/YEAR_src_PLAY/SCRATCH_ZONE_20/in_Py2_OLD/SPIN_py/SPIN_py/Py_Wrap/PY_Object_plain.h:27:8: note: forward declaration of ‘struct PY_Object_plain’
   27 | struct PY_Object_plain
      |        ^~~~~~~~~~~~~~~
In file included from /home/gps/YEAR/src/GITS/YEAR_src_PLAY/SCRATCH_ZONE_20/in_Py2_OLD/SPIN_py/SPIN_py/elem_info/elem_info.h:8,
                 from /home/gps/YEAR/src/GITS/YEAR_src_PLAY/SCRATCH_ZONE_20/in_Py2_OLD/SPIN_py/SPIN_py/app_link/app_link.h:7,
                 from /home/gps/YEAR/src/GITS/YEAR_src_PLAY/SCRATCH_ZONE_20/in_Py2_OLD/SPIN_py/SPIN_py/SP_App/SP_App.h:12,
                 from /home/gps/YEAR/src/GITS/YEAR_src_PLAY/SCRATCH_ZONE_20/in_Py2_OLD/SPIN_py/SPIN_py/spin_misc/spin_py_mod.cxx:7:
/home/gps/YEAR/src/GITS/YEAR_src_PLAY/SCRATCH_ZONE_20/in_Py2_OLD/SPIN_py/SPIN_py/Py_Wrap/PY_Object_base.h: In constructor ‘PY_Object_base::PY_Object_base(PyTypeObject*)’:
/home/gps/YEAR/src/GITS/YEAR_src_PLAY/SCRATCH_ZONE_20/in_Py2_OLD/SPIN_py/SPIN_py/Py_Wrap/PY_Object_base.h:29:11: error: type ‘PY_Object_plain’ is not a direct base of ‘PY_Object_base’
   29 |         : PY_Object_plain( py_type_object )
      |           ^~~~~~~~~~~~~~~
In file included from /home/gps/YEAR/src/GITS/YEAR_src_PLAY/SCRATCH_ZONE_20/in_Py2_OLD/SPIN_py/SPIN_py/Py_Wrap/PY_weak_base.h:5,
                 from /home/gps/YEAR/src/GITS/YEAR_src_PLAY/SCRATCH_ZONE_20/in_Py2_OLD/SPIN_py/SPIN_py/Py_Wrap/enum_cls.h:8,
                 from /home/gps/YEAR/src/GITS/YEAR_src_PLAY/SCRATCH_ZONE_20/in_Py2_OLD/SPIN_py/SPIN_py/elem_info/elem_info.h:9,
                 from /home/gps/YEAR/src/GITS/YEAR_src_PLAY/SCRATCH_ZONE_20/in_Py2_OLD/SPIN_py/SPIN_py/app_link/app_link.h:7,
                 from /home/gps/YEAR/src/GITS/YEAR_src_PLAY/SCRATCH_ZONE_20/in_Py2_OLD/SPIN_py/SPIN_py/SP_App/SP_App.h:12,
                 from /home/gps/YEAR/src/GITS/YEAR_src_PLAY/SCRATCH_ZONE_20/in_Py2_OLD/SPIN_py/SPIN_py/spin_misc/spin_py_mod.cxx:7:
/home/gps/YEAR/src/GITS/YEAR_src_PLAY/SCRATCH_ZONE_20/in_Py2_OLD/SPIN_py/SPIN_py/Py_Wrap/PY_weak_link.h: At global scope:
/home/gps/YEAR/src/GITS/YEAR_src_PLAY/SCRATCH_ZONE_20/in_Py2_OLD/SPIN_py/SPIN_py/Py_Wrap/PY_weak_link.h:54:30: error: invalid use of incomplete type ‘struct PY_Object_plain’
   54 | struct PY_weak_link : public PY_Object_plain // dont need var_pool
      |                              ^~~~~~~~~~~~~~~
In file included from /home/gps/YEAR/src/GITS/YEAR_src_PLAY/SCRATCH_ZONE_20/in_Py2_OLD/SPIN_py/SPIN_py/Py_Wrap/PY_Object_base.h:4,
                 from /home/gps/YEAR/src/GITS/YEAR_src_PLAY/SCRATCH_ZONE_20/in_Py2_OLD/SPIN_py/SPIN_py/elem_info/elem_info.h:8,
                 from /home/gps/YEAR/src/GITS/YEAR_src_PLAY/SCRATCH_ZONE_20/in_Py2_OLD/SPIN_py/SPIN_py/app_link/app_link.h:7,
                 from /home/gps/YEAR/src/GITS/YEAR_src_PLAY/SCRATCH_ZONE_20/in_Py2_OLD/SPIN_py/SPIN_py/SP_App/SP_App.h:12,
                 from /home/gps/YEAR/src/GITS/YEAR_src_PLAY/SCRATCH_ZONE_20/in_Py2_OLD/SPIN_py/SPIN_py/spin_misc/spin_py_mod.cxx:7:
/home/gps/YEAR/src/GITS/YEAR_src_PLAY/SCRATCH_ZONE_20/in_Py2_OLD/SPIN_py/SPIN_py/Py_Wrap/PY_Object_plain.h:27:8: note: forward declaration of ‘struct PY_Object_plain’
   27 | struct PY_Object_plain
      |        ^~~~~~~~~~~~~~~
In file included from /home/gps/YEAR/src/GITS/YEAR_src_PLAY/SCRATCH_ZONE_20/in_Py2_OLD/SPIN_py/SPIN_py/Py_Wrap/PY_weak_base.h:5,
                 from /home/gps/YEAR/src/GITS/YEAR_src_PLAY/SCRATCH_ZONE_20/in_Py2_OLD/SPIN_py/SPIN_py/Py_Wrap/enum_cls.h:8,
                 from /home/gps/YEAR/src/GITS/YEAR_src_PLAY/SCRATCH_ZONE_20/in_Py2_OLD/SPIN_py/SPIN_py/elem_info/elem_info.h:9,
                 from /home/gps/YEAR/src/GITS/YEAR_src_PLAY/SCRATCH_ZONE_20/in_Py2_OLD/SPIN_py/SPIN_py/app_link/app_link.h:7,
                 from /home/gps/YEAR/src/GITS/YEAR_src_PLAY/SCRATCH_ZONE_20/in_Py2_OLD/SPIN_py/SPIN_py/SP_App/SP_App.h:12,
                 from /home/gps/YEAR/src/GITS/YEAR_src_PLAY/SCRATCH_ZONE_20/in_Py2_OLD/SPIN_py/SPIN_py/spin_misc/spin_py_mod.cxx:7:
/home/gps/YEAR/src/GITS/YEAR_src_PLAY/SCRATCH_ZONE_20/in_Py2_OLD/SPIN_py/SPIN_py/Py_Wrap/PY_weak_link.h: In constructor ‘PY_weak_link::PY_weak_link(PY_weak_base*)’:
/home/gps/YEAR/src/GITS/YEAR_src_PLAY/SCRATCH_ZONE_20/in_Py2_OLD/SPIN_py/SPIN_py/Py_Wrap/PY_weak_link.h:61:11: error: type ‘PY_Object_plain’ is not a direct base of ‘PY_weak_link’
   61 |         : PY_Object_plain( & PY_weak_link_Type )
      |           ^~~~~~~~~~~~~~~
In file included from /home/gps/YEAR/src/GITS/YEAR_src_PLAY/SCRATCH_ZONE_20/in_Py2_OLD/SPIN_py/SPIN_py/elem_info/elem_info.h:10,
                 from /home/gps/YEAR/src/GITS/YEAR_src_PLAY/SCRATCH_ZONE_20/in_Py2_OLD/SPIN_py/SPIN_py/app_link/app_link.h:7,
                 from /home/gps/YEAR/src/GITS/YEAR_src_PLAY/SCRATCH_ZONE_20/in_Py2_OLD/SPIN_py/SPIN_py/SP_App/SP_App.h:12,
                 from /home/gps/YEAR/src/GITS/YEAR_src_PLAY/SCRATCH_ZONE_20/in_Py2_OLD/SPIN_py/SPIN_py/spin_misc/spin_py_mod.cxx:7:
//home/gps/YEAR/src/GITS/YEAR_src_PLAY/SCRATCH_ZONE_20/in_Py2_OLD/SPIN_py/SPIN_py/Py_Wrap/P_Enum.h: In constructor ‘P_Enum::P_Enum(enum_cls*)’:
//home/gps/YEAR/src/GITS/YEAR_src_PLAY/SCRATCH_ZONE_20/in_Py2_OLD/SPIN_py/SPIN_py/Py_Wrap/P_Enum.h:25:27: error: no matching function for call to ‘P_Enum::claim_this(enum_val*)’
   25 |                 claim_this( cls->get_val_unset() );
      |                 ~~~~~~~~~~^~~~~~~~~~~~~~~~~~~~~~~~
In file included from /home/gps/YEAR/src/GITS/YEAR_src_PLAY/SCRATCH_ZONE_20/in_Py2_OLD/SPIN_py/SPIN_py/Py_Wrap/P_util.h:4,
                 from /home/gps/YEAR/src/GITS/YEAR_src_PLAY/SCRATCH_ZONE_20/in_Py2_OLD/SPIN_py/SPIN_py/Py_Wrap/PY_Object_base.h:6,
                 from /home/gps/YEAR/src/GITS/YEAR_src_PLAY/SCRATCH_ZONE_20/in_Py2_OLD/SPIN_py/SPIN_py/elem_info/elem_info.h:8,
                 from /home/gps/YEAR/src/GITS/YEAR_src_PLAY/SCRATCH_ZONE_20/in_Py2_OLD/SPIN_py/SPIN_py/app_link/app_link.h:7,
                 from /home/gps/YEAR/src/GITS/YEAR_src_PLAY/SCRATCH_ZONE_20/in_Py2_OLD/SPIN_py/SPIN_py/SP_App/SP_App.h:12,
                 from /home/gps/YEAR/src/GITS/YEAR_src_PLAY/SCRATCH_ZONE_20/in_Py2_OLD/SPIN_py/SPIN_py/spin_misc/spin_py_mod.cxx:7:
/home/gps/YEAR/src/GITS/YEAR_src_PLAY/SCRATCH_ZONE_20/in_Py2_OLD/SPIN_py/SPIN_py/Py_Wrap/P_ref_base.h:212:14: note: candidate: ‘void P_ref_base_no_ref::claim_this(PY_Object_plain*)’
  212 |         void claim_this( PY_Object_plain * obj ) //
      |              ^~~~~~~~~~
/home/gps/YEAR/src/GITS/YEAR_src_PLAY/SCRATCH_ZONE_20/in_Py2_OLD/SPIN_py/SPIN_py/Py_Wrap/P_ref_base.h:212:44: note:   no known conversion for argument 1 from ‘enum_val*’ to ‘PY_Object_plain*’
  212 |         void claim_this( PY_Object_plain * obj ) //
      |                          ~~~~~~~~~~~~~~~~~~^~~
/home/gps/YEAR/src/GITS/YEAR_src_PLAY/SCRATCH_ZONE_20/in_Py2_OLD/SPIN_py/SPIN_py/Py_Wrap/P_ref_base.h:248:14: note: candidate: ‘void P_ref_base_no_ref::claim_this(PyObject*)’
  248 |         void claim_this( PyObject * obj )
      |              ^~~~~~~~~~
/home/gps/YEAR/src/GITS/YEAR_src_PLAY/SCRATCH_ZONE_20/in_Py2_OLD/SPIN_py/SPIN_py/Py_Wrap/P_ref_base.h:248:37: note:   no known conversion for argument 1 from ‘enum_val*’ to ‘PyObject*’ {aka ‘_object*’}
  248 |         void claim_this( PyObject * obj )
      |                          ~~~~~~~~~~~^~~
In file included from /home/gps/YEAR/src/GITS/YEAR_src_PLAY/SCRATCH_ZONE_20/in_Py2_OLD/SPIN_py/SPIN_py/elem_info/elem_info.h:10,
                 from /home/gps/YEAR/src/GITS/YEAR_src_PLAY/SCRATCH_ZONE_20/in_Py2_OLD/SPIN_py/SPIN_py/app_link/app_link.h:7,
                 from /home/gps/YEAR/src/GITS/YEAR_src_PLAY/SCRATCH_ZONE_20/in_Py2_OLD/SPIN_py/SPIN_py/SP_App/SP_App.h:12,
                 from /home/gps/YEAR/src/GITS/YEAR_src_PLAY/SCRATCH_ZONE_20/in_Py2_OLD/SPIN_py/SPIN_py/spin_misc/spin_py_mod.cxx:7:
//home/gps/YEAR/src/GITS/YEAR_src_PLAY/SCRATCH_ZONE_20/in_Py2_OLD/SPIN_py/SPIN_py/Py_Wrap/P_Enum.h: In constructor ‘P_Enum::P_Enum(enum_val*)’:
//home/gps/YEAR/src/GITS/YEAR_src_PLAY/SCRATCH_ZONE_20/in_Py2_OLD/SPIN_py/SPIN_py/Py_Wrap/P_Enum.h:32:27: error: no matching function for call to ‘P_Enum::claim_this(enum_val*&)’
   32 |                 claim_this( val );
      |                 ~~~~~~~~~~^~~~~~~
In file included from /home/gps/YEAR/src/GITS/YEAR_src_PLAY/SCRATCH_ZONE_20/in_Py2_OLD/SPIN_py/SPIN_py/Py_Wrap/P_util.h:4,
                 from /home/gps/YEAR/src/GITS/YEAR_src_PLAY/SCRATCH_ZONE_20/in_Py2_OLD/SPIN_py/SPIN_py/Py_Wrap/PY_Object_base.h:6,
                 from /home/gps/YEAR/src/GITS/YEAR_src_PLAY/SCRATCH_ZONE_20/in_Py2_OLD/SPIN_py/SPIN_py/elem_info/elem_info.h:8,
                 from /home/gps/YEAR/src/GITS/YEAR_src_PLAY/SCRATCH_ZONE_20/in_Py2_OLD/SPIN_py/SPIN_py/app_link/app_link.h:7,
                 from /home/gps/YEAR/src/GITS/YEAR_src_PLAY/SCRATCH_ZONE_20/in_Py2_OLD/SPIN_py/SPIN_py/SP_App/SP_App.h:12,
                 from /home/gps/YEAR/src/GITS/YEAR_src_PLAY/SCRATCH_ZONE_20/in_Py2_OLD/SPIN_py/SPIN_py/spin_misc/spin_py_mod.cxx:7:
/home/gps/YEAR/src/GITS/YEAR_src_PLAY/SCRATCH_ZONE_20/in_Py2_OLD/SPIN_py/SPIN_py/Py_Wrap/P_ref_base.h:212:14: note: candidate: ‘void P_ref_base_no_ref::claim_this(PY_Object_plain*)’
  212 |         void claim_this( PY_Object_plain * obj ) //
      |              ^~~~~~~~~~
/home/gps/YEAR/src/GITS/YEAR_src_PLAY/SCRATCH_ZONE_20/in_Py2_OLD/SPIN_py/SPIN_py/Py_Wrap/P_ref_base.h:212:44: note:   no known conversion for argument 1 from ‘enum_val*’ to ‘PY_Object_plain*’
  212 |         void claim_this( PY_Object_plain * obj ) //
      |                          ~~~~~~~~~~~~~~~~~~^~~
/home/gps/YEAR/src/GITS/YEAR_src_PLAY/SCRATCH_ZONE_20/in_Py2_OLD/SPIN_py/SPIN_py/Py_Wrap/P_ref_base.h:248:14: note: candidate: ‘void P_ref_base_no_ref::claim_this(PyObject*)’
  248 |         void claim_this( PyObject * obj )
      |              ^~~~~~~~~~
/home/gps/YEAR/src/GITS/YEAR_src_PLAY/SCRATCH_ZONE_20/in_Py2_OLD/SPIN_py/SPIN_py/Py_Wrap/P_ref_base.h:248:37: note:   no known conversion for argument 1 from ‘enum_val*’ to ‘PyObject*’ {aka ‘_object*’}
  248 |         void claim_this( PyObject * obj )
      |                          ~~~~~~~~~~~^~~
In file included from /home/gps/YEAR/src/GITS/YEAR_src_PLAY/SCRATCH_ZONE_20/in_Py2_OLD/SPIN_py/SPIN_py/elem_info/elem_info.h:10,
                 from /home/gps/YEAR/src/GITS/YEAR_src_PLAY/SCRATCH_ZONE_20/in_Py2_OLD/SPIN_py/SPIN_py/app_link/app_link.h:7,
                 from /home/gps/YEAR/src/GITS/YEAR_src_PLAY/SCRATCH_ZONE_20/in_Py2_OLD/SPIN_py/SPIN_py/SP_App/SP_App.h:12,
                 from /home/gps/YEAR/src/GITS/YEAR_src_PLAY/SCRATCH_ZONE_20/in_Py2_OLD/SPIN_py/SPIN_py/spin_misc/spin_py_mod.cxx:7:
//home/gps/YEAR/src/GITS/YEAR_src_PLAY/SCRATCH_ZONE_20/in_Py2_OLD/SPIN_py/SPIN_py/Py_Wrap/P_Enum.h: In member function ‘bool P_Enum::set_from_any(PyObject*)’:
//home/gps/YEAR/src/GITS/YEAR_src_PLAY/SCRATCH_ZONE_20/in_Py2_OLD/SPIN_py/SPIN_py/Py_Wrap/P_Enum.h:52:35: error: no matching function for call to ‘P_Enum::claim_this(enum_val*&)’
   52 |                         claim_this( val );
      |                         ~~~~~~~~~~^~~~~~~
In file included from /home/gps/YEAR/src/GITS/YEAR_src_PLAY/SCRATCH_ZONE_20/in_Py2_OLD/SPIN_py/SPIN_py/Py_Wrap/P_util.h:4,
                 from /home/gps/YEAR/src/GITS/YEAR_src_PLAY/SCRATCH_ZONE_20/in_Py2_OLD/SPIN_py/SPIN_py/Py_Wrap/PY_Object_base.h:6,
                 from /home/gps/YEAR/src/GITS/YEAR_src_PLAY/SCRATCH_ZONE_20/in_Py2_OLD/SPIN_py/SPIN_py/elem_info/elem_info.h:8,
                 from /home/gps/YEAR/src/GITS/YEAR_src_PLAY/SCRATCH_ZONE_20/in_Py2_OLD/SPIN_py/SPIN_py/app_link/app_link.h:7,
                 from /home/gps/YEAR/src/GITS/YEAR_src_PLAY/SCRATCH_ZONE_20/in_Py2_OLD/SPIN_py/SPIN_py/SP_App/SP_App.h:12,
                 from /home/gps/YEAR/src/GITS/YEAR_src_PLAY/SCRATCH_ZONE_20/in_Py2_OLD/SPIN_py/SPIN_py/spin_misc/spin_py_mod.cxx:7:
/home/gps/YEAR/src/GITS/YEAR_src_PLAY/SCRATCH_ZONE_20/in_Py2_OLD/SPIN_py/SPIN_py/Py_Wrap/P_ref_base.h:212:14: note: candidate: ‘void P_ref_base_no_ref::claim_this(PY_Object_plain*)’
  212 |         void claim_this( PY_Object_plain * obj ) //
      |              ^~~~~~~~~~
/home/gps/YEAR/src/GITS/YEAR_src_PLAY/SCRATCH_ZONE_20/in_Py2_OLD/SPIN_py/SPIN_py/Py_Wrap/P_ref_base.h:212:44: note:   no known conversion for argument 1 from ‘enum_val*’ to ‘PY_Object_plain*’
  212 |         void claim_this( PY_Object_plain * obj ) //
      |                          ~~~~~~~~~~~~~~~~~~^~~
/home/gps/YEAR/src/GITS/YEAR_src_PLAY/SCRATCH_ZONE_20/in_Py2_OLD/SPIN_py/SPIN_py/Py_Wrap/P_ref_base.h:248:14: note: candidate: ‘void P_ref_base_no_ref::claim_this(PyObject*)’
  248 |         void claim_this( PyObject * obj )
      |              ^~~~~~~~~~
/home/gps/YEAR/src/GITS/YEAR_src_PLAY/SCRATCH_ZONE_20/in_Py2_OLD/SPIN_py/SPIN_py/Py_Wrap/P_ref_base.h:248:37: note:   no known conversion for argument 1 from ‘enum_val*’ to ‘PyObject*’ {aka ‘_object*’}
  248 |         void claim_this( PyObject * obj )
      |                          ~~~~~~~~~~~^~~
In file included from /home/gps/YEAR/src/GITS/YEAR_src_PLAY/SCRATCH_ZONE_20/in_Py2_OLD/SPIN_py/SPIN_py/elem_info/elem_info.h:10,
                 from /home/gps/YEAR/src/GITS/YEAR_src_PLAY/SCRATCH_ZONE_20/in_Py2_OLD/SPIN_py/SPIN_py/app_link/app_link.h:7,
                 from /home/gps/YEAR/src/GITS/YEAR_src_PLAY/SCRATCH_ZONE_20/in_Py2_OLD/SPIN_py/SPIN_py/SP_App/SP_App.h:12,
                 from /home/gps/YEAR/src/GITS/YEAR_src_PLAY/SCRATCH_ZONE_20/in_Py2_OLD/SPIN_py/SPIN_py/spin_misc/spin_py_mod.cxx:7:
//home/gps/YEAR/src/GITS/YEAR_src_PLAY/SCRATCH_ZONE_20/in_Py2_OLD/SPIN_py/SPIN_py/Py_Wrap/P_Enum.h: In member function ‘bool P_Enum::set_from_int(int)’:
//home/gps/YEAR/src/GITS/YEAR_src_PLAY/SCRATCH_ZONE_20/in_Py2_OLD/SPIN_py/SPIN_py/Py_Wrap/P_Enum.h:66:27: error: no matching function for call to ‘P_Enum::claim_this(enum_val*&)’
   66 |                 claim_this( val );
      |                 ~~~~~~~~~~^~~~~~~
In file included from /home/gps/YEAR/src/GITS/YEAR_src_PLAY/SCRATCH_ZONE_20/in_Py2_OLD/SPIN_py/SPIN_py/Py_Wrap/P_util.h:4,
                 from /home/gps/YEAR/src/GITS/YEAR_src_PLAY/SCRATCH_ZONE_20/in_Py2_OLD/SPIN_py/SPIN_py/Py_Wrap/PY_Object_base.h:6,
                 from /home/gps/YEAR/src/GITS/YEAR_src_PLAY/SCRATCH_ZONE_20/in_Py2_OLD/SPIN_py/SPIN_py/elem_info/elem_info.h:8,
                 from /home/gps/YEAR/src/GITS/YEAR_src_PLAY/SCRATCH_ZONE_20/in_Py2_OLD/SPIN_py/SPIN_py/app_link/app_link.h:7,
                 from /home/gps/YEAR/src/GITS/YEAR_src_PLAY/SCRATCH_ZONE_20/in_Py2_OLD/SPIN_py/SPIN_py/SP_App/SP_App.h:12,
                 from /home/gps/YEAR/src/GITS/YEAR_src_PLAY/SCRATCH_ZONE_20/in_Py2_OLD/SPIN_py/SPIN_py/spin_misc/spin_py_mod.cxx:7:
/home/gps/YEAR/src/GITS/YEAR_src_PLAY/SCRATCH_ZONE_20/in_Py2_OLD/SPIN_py/SPIN_py/Py_Wrap/P_ref_base.h:212:14: note: candidate: ‘void P_ref_base_no_ref::claim_this(PY_Object_plain*)’
  212 |         void claim_this( PY_Object_plain * obj ) //
      |              ^~~~~~~~~~
/home/gps/YEAR/src/GITS/YEAR_src_PLAY/SCRATCH_ZONE_20/in_Py2_OLD/SPIN_py/SPIN_py/Py_Wrap/P_ref_base.h:212:44: note:   no known conversion for argument 1 from ‘enum_val*’ to ‘PY_Object_plain*’
  212 |         void claim_this( PY_Object_plain * obj ) //
      |                          ~~~~~~~~~~~~~~~~~~^~~
/home/gps/YEAR/src/GITS/YEAR_src_PLAY/SCRATCH_ZONE_20/in_Py2_OLD/SPIN_py/SPIN_py/Py_Wrap/P_ref_base.h:248:14: note: candidate: ‘void P_ref_base_no_ref::claim_this(PyObject*)’
  248 |         void claim_this( PyObject * obj )
      |              ^~~~~~~~~~
/home/gps/YEAR/src/GITS/YEAR_src_PLAY/SCRATCH_ZONE_20/in_Py2_OLD/SPIN_py/SPIN_py/Py_Wrap/P_ref_base.h:248:37: note:   no known conversion for argument 1 from ‘enum_val*’ to ‘PyObject*’ {aka ‘_object*’}
  248 |         void claim_this( PyObject * obj )
      |                          ~~~~~~~~~~~^~~
In file included from /tools/x86_64/py/include/python3.11/Python.h:38,
                 from /home/gps/YEAR/src/GITS/YEAR_src_PLAY/SCRATCH_ZONE_20/in_Py2_OLD/SPIN_py/SPIN_py/app_types.h:4,
                 from /home/gps/YEAR/src/GITS/YEAR_src_PLAY/SCRATCH_ZONE_20/in_Py2_OLD/SPIN_py/SPIN_py/SP_App/SP_App.h:11,
                 from /home/gps/YEAR/src/GITS/YEAR_src_PLAY/SCRATCH_ZONE_20/in_Py2_OLD/SPIN_py/SPIN_py/spin_misc/spin_py_mod.cxx:7:
/home/gps/YEAR/src/GITS/YEAR_src_PLAY/SCRATCH_ZONE_20/in_Py2_OLD/SPIN_py/SPIN_py/spin_misc/spin_py_mod.cxx: In function ‘PyObject* SPIN_string_type(PyObject*, PyObject*)’:
/home/gps/YEAR/src/GITS/YEAR_src_PLAY/SCRATCH_ZONE_20/in_Py2_OLD/SPIN_py/SPIN_py/spin_misc/spin_py_mod.cxx:92:22: error: ‘PyString_Type’ was not declared in this scope; did you mean ‘PySlice_Type’?
   92 |         Py_INCREF( & PyString_Type) ;
      |                      ^~~~~~~~~~~~~
/home/gps/YEAR/src/GITS/YEAR_src_PLAY/SCRATCH_ZONE_20/in_Py2_OLD/SPIN_py/SPIN_py/spin_misc/spin_py_mod.cxx: In function ‘void initspin_py()’:
/home/gps/YEAR/src/GITS/YEAR_src_PLAY/SCRATCH_ZONE_20/in_Py2_OLD/SPIN_py/SPIN_py/spin_misc/spin_py_mod.cxx:183:24: error: ‘Py_InitModule’ was not declared in this scope
  183 |                 (void) Py_InitModule((char *) "spin_py", SpinMethods);
      |                        ^~~~~~~~~~~~~
make[1]: *** [/home/gps/YEAR/src/GITS/YEAR_src_PLAY/SCRATCH_ZONE_20/in_Py2_OLD/SPIN_py/SPIN_Makefiles/MK_SPIN_compile:60: spin_py_mod.o] Error 1
make[1]: Leaving directory '/home/gps/YEAR/src/GITS/YEAR_src_PLAY/SCRATCH_ZONE_20/in_Py2_OLD/SPIN_py/SPIN_build_16_so_/SPIN_py'
make: *** [../SPIN_Makefiles/MK_SPIN_top_2:170: SPIN_py] Error 2
making SPIN_py
cd SPIN_py && \
env > /tmp/fa1 && \
make \
	xVPATH1=/home/gps/YEAR/src/GITS/YEAR_src_PLAY/SCRATCH_ZONE_20/in_Py2_OLD/SPIN_py/SPIN_py \
	OPT_DEBUG='-g' OPT_OPTIM='' OPT_CSET='-DSP_MULTI_BYTE ' OPT_PIC='-fPIC' OPT_LIBNAME='osp' OPT_LIB_EXT='so' OPT_THREADS='-DSP_MUTEX_PTHREADS ' src_sp='/home/gps/YEAR/src_build/SP/OpenSP-1.5.1_gps_build' src_spin='/home/gps/YEAR/src/GITS/YEAR_src_PLAY/SCRATCH_ZONE_20/in_Py2_OLD/SPIN_py' dir_SP_lib='/home/gps/YEAR/src/GITS/YEAR_src_PLAY/SCRATCH_ZONE_20/in_Py2_OLD/SPIN_py/SP_lib' LINKDIRS='-L/home/gps/YEAR/src/GITS/YEAR_src_PLAY/SCRATCH_ZONE_20/in_Py2_OLD/SPIN_py/SP_lib' PYTHON_INCLUDE='-I/tools/x86_64/py/include/python3.11' \
	-f /home/gps/YEAR/src/GITS/YEAR_src_PLAY/SCRATCH_ZONE_20/in_Py2_OLD/SPIN_py/SPIN_py/Makefile.app \
	-f /home/gps/YEAR/src/GITS/YEAR_src_PLAY/SCRATCH_ZONE_20/in_Py2_OLD/SPIN_py/SPIN_Makefiles/MK_SPIN_site \
	-f /home/gps/YEAR/src/GITS/YEAR_src_PLAY/SCRATCH_ZONE_20/in_Py2_OLD/SPIN_py/SPIN_Makefiles/MK_SPIN_prog \
	-f /home/gps/YEAR/src/GITS/YEAR_src_PLAY/SCRATCH_ZONE_20/in_Py2_OLD/SPIN_py/SPIN_Makefiles/MK_SPIN_compile \
	all
make[1]: Entering directory '/home/gps/YEAR/src/GITS/YEAR_src_PLAY/SCRATCH_ZONE_20/in_Py2_OLD/SPIN_py/SPIN_build_16_so_/SPIN_py'
cd /home/gps/YEAR/src/GITS/YEAR_src_PLAY/SCRATCH_ZONE_20/in_Py2_OLD/SPIN_py/SPIN_py/SP_App && make -f Makefile_src
make[2]: Entering directory '/home/gps/YEAR/src/GITS/YEAR_src_PLAY/SCRATCH_ZONE_20/in_Py2_OLD/SPIN_py/SPIN_py/SP_App'
make[2]: 'SP_App.cxx' is up to date.
make[2]: Leaving directory '/home/gps/YEAR/src/GITS/YEAR_src_PLAY/SCRATCH_ZONE_20/in_Py2_OLD/SPIN_py/SPIN_py/SP_App'
c++ -fno-implicit-templates -ansi -g -fPIC  -DSP_MULTI_BYTE  -DSP_MUTEX_PTHREADS  -DSP_HAVE_BOOL  -DSP_ANSI_CLASS_INST  -I/tools/x86_64/py/include/python3.11 -I/home/gps/G/prefix/SP/include/OpenSP -I.   -c /home/gps/YEAR/src/GITS/YEAR_src_PLAY/SCRATCH_ZONE_20/in_Py2_OLD/SPIN_py/SPIN_py/spin_misc/spin_py_mod.cxx
In file included from /home/gps/YEAR/src/GITS/YEAR_src_PLAY/SCRATCH_ZONE_20/in_Py2_OLD/SPIN_py/SPIN_py/Py_Wrap/P_util.h:4,
                 from /home/gps/YEAR/src/GITS/YEAR_src_PLAY/SCRATCH_ZONE_20/in_Py2_OLD/SPIN_py/SPIN_py/Py_Wrap/PY_Object_base.h:6,
                 from /home/gps/YEAR/src/GITS/YEAR_src_PLAY/SCRATCH_ZONE_20/in_Py2_OLD/SPIN_py/SPIN_py/elem_info/elem_info.h:8,
                 from /home/gps/YEAR/src/GITS/YEAR_src_PLAY/SCRATCH_ZONE_20/in_Py2_OLD/SPIN_py/SPIN_py/app_link/app_link.h:7,
                 from /home/gps/YEAR/src/GITS/YEAR_src_PLAY/SCRATCH_ZONE_20/in_Py2_OLD/SPIN_py/SPIN_py/SP_App/SP_App.h:12,
                 from /home/gps/YEAR/src/GITS/YEAR_src_PLAY/SCRATCH_ZONE_20/in_Py2_OLD/SPIN_py/SPIN_py/spin_misc/spin_py_mod.cxx:7:
/home/gps/YEAR/src/GITS/YEAR_src_PLAY/SCRATCH_ZONE_20/in_Py2_OLD/SPIN_py/SPIN_py/Py_Wrap/P_ref_base.h: In member function ‘bool P_ref_base_no_ref::is_Buffer()’:
/home/gps/YEAR/src/GITS/YEAR_src_PLAY/SCRATCH_ZONE_20/in_Py2_OLD/SPIN_py/SPIN_py/Py_Wrap/P_ref_base.h:116:45: error: ‘PyBuffer_Type’ was not declared in this scope; did you mean ‘PySuper_Type’?
  116 |         bool is_Buffer()        { is_TYPE( &PyBuffer_Type       ); }
      |                                             ^~~~~~~~~~~~~
      |                                             PySuper_Type
/home/gps/YEAR/src/GITS/YEAR_src_PLAY/SCRATCH_ZONE_20/in_Py2_OLD/SPIN_py/SPIN_py/Py_Wrap/P_ref_base.h: In member function ‘bool P_ref_base_no_ref::is_CObject()’:
/home/gps/YEAR/src/GITS/YEAR_src_PLAY/SCRATCH_ZONE_20/in_Py2_OLD/SPIN_py/SPIN_py/Py_Wrap/P_ref_base.h:118:45: error: ‘PyCObject_Type’ was not declared in this scope; did you mean ‘PyObject_Type’?
  118 |         bool is_CObject()       { is_TYPE( &PyCObject_Type      ); }
      |                                             ^~~~~~~~~~~~~~
      |                                             PyObject_Type
/home/gps/YEAR/src/GITS/YEAR_src_PLAY/SCRATCH_ZONE_20/in_Py2_OLD/SPIN_py/SPIN_py/Py_Wrap/P_ref_base.h: In member function ‘bool P_ref_base_no_ref::is_Class()’:
/home/gps/YEAR/src/GITS/YEAR_src_PLAY/SCRATCH_ZONE_20/in_Py2_OLD/SPIN_py/SPIN_py/Py_Wrap/P_ref_base.h:121:45: error: ‘PyClass_Type’ was not declared in this scope; did you mean ‘PyList_Type’?
  121 |         bool is_Class()         { is_TYPE( &PyClass_Type        ); }
      |                                             ^~~~~~~~~~~~
      |                                             PyList_Type
/home/gps/YEAR/src/GITS/YEAR_src_PLAY/SCRATCH_ZONE_20/in_Py2_OLD/SPIN_py/SPIN_py/Py_Wrap/P_ref_base.h: In member function ‘bool P_ref_base_no_ref::is_File()’:
/home/gps/YEAR/src/GITS/YEAR_src_PLAY/SCRATCH_ZONE_20/in_Py2_OLD/SPIN_py/SPIN_py/Py_Wrap/P_ref_base.h:124:45: error: ‘PyFile_Type’ was not declared in this scope; did you mean ‘PyFilter_Type’?
  124 |         bool is_File()          { is_TYPE( &PyFile_Type         ); }
      |                                             ^~~~~~~~~~~
      |                                             PyFilter_Type
/home/gps/YEAR/src/GITS/YEAR_src_PLAY/SCRATCH_ZONE_20/in_Py2_OLD/SPIN_py/SPIN_py/Py_Wrap/P_ref_base.h: In member function ‘bool P_ref_base_no_ref::is_Int()’:
/home/gps/YEAR/src/GITS/YEAR_src_PLAY/SCRATCH_ZONE_20/in_Py2_OLD/SPIN_py/SPIN_py/Py_Wrap/P_ref_base.h:127:45: error: ‘PyInt_Type’ was not declared in this scope; did you mean ‘PySet_Type’?
  127 |         bool is_Int()           { is_TYPE( &PyInt_Type          ); }
      |                                             ^~~~~~~~~~
      |                                             PySet_Type
/home/gps/YEAR/src/GITS/YEAR_src_PLAY/SCRATCH_ZONE_20/in_Py2_OLD/SPIN_py/SPIN_py/Py_Wrap/P_ref_base.h: In member function ‘bool P_ref_base_no_ref::is_String()’:
/home/gps/YEAR/src/GITS/YEAR_src_PLAY/SCRATCH_ZONE_20/in_Py2_OLD/SPIN_py/SPIN_py/Py_Wrap/P_ref_base.h:134:45: error: ‘PyString_Type’ was not declared in this scope; did you mean ‘PySlice_Type’?
  134 |         bool is_String()        { is_TYPE( &PyString_Type       ); }
      |                                             ^~~~~~~~~~~~~
      |                                             PySlice_Type
In file included from /home/gps/YEAR/src/GITS/YEAR_src_PLAY/SCRATCH_ZONE_20/in_Py2_OLD/SPIN_py/SPIN_py/Py_Wrap/P_util.h:6,
                 from /home/gps/YEAR/src/GITS/YEAR_src_PLAY/SCRATCH_ZONE_20/in_Py2_OLD/SPIN_py/SPIN_py/Py_Wrap/PY_Object_base.h:6,
                 from /home/gps/YEAR/src/GITS/YEAR_src_PLAY/SCRATCH_ZONE_20/in_Py2_OLD/SPIN_py/SPIN_py/elem_info/elem_info.h:8,
                 from /home/gps/YEAR/src/GITS/YEAR_src_PLAY/SCRATCH_ZONE_20/in_Py2_OLD/SPIN_py/SPIN_py/app_link/app_link.h:7,
                 from /home/gps/YEAR/src/GITS/YEAR_src_PLAY/SCRATCH_ZONE_20/in_Py2_OLD/SPIN_py/SPIN_py/SP_App/SP_App.h:12,
                 from /home/gps/YEAR/src/GITS/YEAR_src_PLAY/SCRATCH_ZONE_20/in_Py2_OLD/SPIN_py/SPIN_py/spin_misc/spin_py_mod.cxx:7:
/home/gps/YEAR/src/GITS/YEAR_src_PLAY/SCRATCH_ZONE_20/in_Py2_OLD/SPIN_py/SPIN_py/Py_Wrap/PY_Static.h: In static member function ‘static bool PY_Static::IS_String(PyObject*)’:
/home/gps/YEAR/src/GITS/YEAR_src_PLAY/SCRATCH_ZONE_20/in_Py2_OLD/SPIN_py/SPIN_py/Py_Wrap/PY_Static.h:37:31: error: ‘PyString_Check’ was not declared in this scope; did you mean ‘PyMapping_Check’?
   37 |                 return obj && PyString_Check( obj );
      |                               ^~~~~~~~~~~~~~
      |                               PyMapping_Check
/home/gps/YEAR/src/GITS/YEAR_src_PLAY/SCRATCH_ZONE_20/in_Py2_OLD/SPIN_py/SPIN_py/Py_Wrap/PY_Static.h: In static member function ‘static bool PY_Static::IS_Int(PyObject*)’:
/home/gps/YEAR/src/GITS/YEAR_src_PLAY/SCRATCH_ZONE_20/in_Py2_OLD/SPIN_py/SPIN_py/Py_Wrap/PY_Static.h:42:31: error: ‘PyInt_Check’ was not declared in this scope; did you mean ‘PySet_Check’?
   42 |                 return obj && PyInt_Check( obj );
      |                               ^~~~~~~~~~~
      |                               PySet_Check
/home/gps/YEAR/src/GITS/YEAR_src_PLAY/SCRATCH_ZONE_20/in_Py2_OLD/SPIN_py/SPIN_py/Py_Wrap/PY_Static.h: In static member function ‘static bool PY_Static::IS_Instance(PyObject*)’:
/home/gps/YEAR/src/GITS/YEAR_src_PLAY/SCRATCH_ZONE_20/in_Py2_OLD/SPIN_py/SPIN_py/Py_Wrap/PY_Static.h:62:31: error: ‘PyInstance_Check’ was not declared in this scope; did you mean ‘PyGILState_Check’?
   62 |                 return obj && PyInstance_Check( obj );
      |                               ^~~~~~~~~~~~~~~~
      |                               PyGILState_Check
/home/gps/YEAR/src/GITS/YEAR_src_PLAY/SCRATCH_ZONE_20/in_Py2_OLD/SPIN_py/SPIN_py/Py_Wrap/PY_Static.h: In static member function ‘static bool PY_Static::Expect_String(PyObject*)’:
/home/gps/YEAR/src/GITS/YEAR_src_PLAY/SCRATCH_ZONE_20/in_Py2_OLD/SPIN_py/SPIN_py/Py_Wrap/PY_Static.h:83:44: error: ‘PyString_Type’ was not declared in this scope; did you mean ‘PySlice_Type’?
   83 |                 return Expect_Type( obj, & PyString_Type );
      |                                            ^~~~~~~~~~~~~
      |                                            PySlice_Type
/home/gps/YEAR/src/GITS/YEAR_src_PLAY/SCRATCH_ZONE_20/in_Py2_OLD/SPIN_py/SPIN_py/Py_Wrap/PY_Static.h: In static member function ‘static bool PY_Static::Expect_Instance(PyObject*)’:
/home/gps/YEAR/src/GITS/YEAR_src_PLAY/SCRATCH_ZONE_20/in_Py2_OLD/SPIN_py/SPIN_py/Py_Wrap/PY_Static.h:103:44: error: ‘PyInstance_Type’ was not declared in this scope; did you mean ‘PyRange_Type’?
  103 |                 return Expect_Type( obj, & PyInstance_Type );
      |                                            ^~~~~~~~~~~~~~~
      |                                            PyRange_Type
In file included from /home/gps/YEAR/src/GITS/YEAR_src_PLAY/SCRATCH_ZONE_20/in_Py2_OLD/SPIN_py/SPIN_py/Py_Wrap/PY_Object_base.h:7,
                 from /home/gps/YEAR/src/GITS/YEAR_src_PLAY/SCRATCH_ZONE_20/in_Py2_OLD/SPIN_py/SPIN_py/elem_info/elem_info.h:8,
                 from /home/gps/YEAR/src/GITS/YEAR_src_PLAY/SCRATCH_ZONE_20/in_Py2_OLD/SPIN_py/SPIN_py/app_link/app_link.h:7,
                 from /home/gps/YEAR/src/GITS/YEAR_src_PLAY/SCRATCH_ZONE_20/in_Py2_OLD/SPIN_py/SPIN_py/SP_App/SP_App.h:12,
                 from /home/gps/YEAR/src/GITS/YEAR_src_PLAY/SCRATCH_ZONE_20/in_Py2_OLD/SPIN_py/SPIN_py/spin_misc/spin_py_mod.cxx:7:
/home/gps/YEAR/src/GITS/YEAR_src_PLAY/SCRATCH_ZONE_20/in_Py2_OLD/SPIN_py/SPIN_py/Py_Wrap/P_ref.h: At global scope:
/home/gps/YEAR/src/GITS/YEAR_src_PLAY/SCRATCH_ZONE_20/in_Py2_OLD/SPIN_py/SPIN_py/Py_Wrap/P_ref.h:9:28: error: ‘PyIntObject’ was not declared in this scope; did you mean ‘PySetObject’?
    9 | class P_Int : public P_ref<PyIntObject>
      |                            ^~~~~~~~~~~
      |                            PySetObject
/home/gps/YEAR/src/GITS/YEAR_src_PLAY/SCRATCH_ZONE_20/in_Py2_OLD/SPIN_py/SPIN_py/Py_Wrap/P_ref.h:9:39: error: template argument 1 is invalid
    9 | class P_Int : public P_ref<PyIntObject>
      |                                       ^
/home/gps/YEAR/src/GITS/YEAR_src_PLAY/SCRATCH_ZONE_20/in_Py2_OLD/SPIN_py/SPIN_py/Py_Wrap/P_ref.h:16:27: error: expected ‘)’ before ‘*’ token
   16 |         P_Int( PyIntObject * p )
      |              ~            ^~
      |                           )
/home/gps/YEAR/src/GITS/YEAR_src_PLAY/SCRATCH_ZONE_20/in_Py2_OLD/SPIN_py/SPIN_py/Py_Wrap/P_ref.h: In constructor ‘P_Int::P_Int(PyObject*)’:
/home/gps/YEAR/src/GITS/YEAR_src_PLAY/SCRATCH_ZONE_20/in_Py2_OLD/SPIN_py/SPIN_py/Py_Wrap/P_ref.h:22:21: error: ‘PyInt_Check’ was not declared in this scope; did you mean ‘PySet_Check’?
   22 |                 if( PyInt_Check( p ))
      |                     ^~~~~~~~~~~
      |                     PySet_Check
/home/gps/YEAR/src/GITS/YEAR_src_PLAY/SCRATCH_ZONE_20/in_Py2_OLD/SPIN_py/SPIN_py/Py_Wrap/P_ref.h:23:25: error: ‘set_ptr_ok_claim’ was not declared in this scope
   23 |                         set_ptr_ok_claim(p);
      |                         ^~~~~~~~~~~~~~~~
/home/gps/YEAR/src/GITS/YEAR_src_PLAY/SCRATCH_ZONE_20/in_Py2_OLD/SPIN_py/SPIN_py/Py_Wrap/P_ref.h: In member function ‘int P_Int::get_int() const’:
/home/gps/YEAR/src/GITS/YEAR_src_PLAY/SCRATCH_ZONE_20/in_Py2_OLD/SPIN_py/SPIN_py/Py_Wrap/P_ref.h:31:20: error: ‘is_null_error’ was not declared in this scope
   31 |                 if(is_null_error()) return 0;
      |                    ^~~~~~~~~~~~~
/home/gps/YEAR/src/GITS/YEAR_src_PLAY/SCRATCH_ZONE_20/in_Py2_OLD/SPIN_py/SPIN_py/Py_Wrap/P_ref.h:32:24: error: ‘ptr’ was not declared in this scope
   32 |                 return ptr()->ob_ival;
      |                        ^~~
/home/gps/YEAR/src/GITS/YEAR_src_PLAY/SCRATCH_ZONE_20/in_Py2_OLD/SPIN_py/SPIN_py/Py_Wrap/P_ref.h: In member function ‘void P_Int::set_int(int)’:
/home/gps/YEAR/src/GITS/YEAR_src_PLAY/SCRATCH_ZONE_20/in_Py2_OLD/SPIN_py/SPIN_py/Py_Wrap/P_ref.h:36:20: error: ‘is_null’ was not declared in this scope
   36 |                 if(is_null() || is_shared())
      |                    ^~~~~~~
/home/gps/YEAR/src/GITS/YEAR_src_PLAY/SCRATCH_ZONE_20/in_Py2_OLD/SPIN_py/SPIN_py/Py_Wrap/P_ref.h:36:33: error: ‘is_shared’ was not declared in this scope
   36 |                 if(is_null() || is_shared())
      |                                 ^~~~~~~~~
/home/gps/YEAR/src/GITS/YEAR_src_PLAY/SCRATCH_ZONE_20/in_Py2_OLD/SPIN_py/SPIN_py/Py_Wrap/P_ref.h:37:42: error: ‘PyIntObject’ was not declared in this scope; did you mean ‘PySetObject’?
   37 |                         set_ptr_snatch( (PyIntObject *) PyInt_FromLong( ival ));
      |                                          ^~~~~~~~~~~
      |                                          PySetObject
/home/gps/YEAR/src/GITS/YEAR_src_PLAY/SCRATCH_ZONE_20/in_Py2_OLD/SPIN_py/SPIN_py/Py_Wrap/P_ref.h:37:55: error: expected primary-expression before ‘)’ token
   37 |                         set_ptr_snatch( (PyIntObject *) PyInt_FromLong( ival ));
      |                                                       ^
/home/gps/YEAR/src/GITS/YEAR_src_PLAY/SCRATCH_ZONE_20/in_Py2_OLD/SPIN_py/SPIN_py/Py_Wrap/P_ref.h:37:25: error: ‘set_ptr_snatch’ was not declared in this scope
   37 |                         set_ptr_snatch( (PyIntObject *) PyInt_FromLong( ival ));
      |                         ^~~~~~~~~~~~~~
/home/gps/YEAR/src/GITS/YEAR_src_PLAY/SCRATCH_ZONE_20/in_Py2_OLD/SPIN_py/SPIN_py/Py_Wrap/P_ref.h:39:25: error: ‘ptr’ was not declared in this scope
   39 |                         ptr()->ob_ival = ival;
      |                         ^~~
/home/gps/YEAR/src/GITS/YEAR_src_PLAY/SCRATCH_ZONE_20/in_Py2_OLD/SPIN_py/SPIN_py/Py_Wrap/P_ref.h: At global scope:
/home/gps/YEAR/src/GITS/YEAR_src_PLAY/SCRATCH_ZONE_20/in_Py2_OLD/SPIN_py/SPIN_py/Py_Wrap/P_ref.h:283:31: error: ‘PyStringObject’ was not declared in this scope; did you mean ‘PySliceObject’?
  283 | class P_String : public P_ref<PyStringObject>
      |                               ^~~~~~~~~~~~~~
      |                               PySliceObject
/home/gps/YEAR/src/GITS/YEAR_src_PLAY/SCRATCH_ZONE_20/in_Py2_OLD/SPIN_py/SPIN_py/Py_Wrap/P_ref.h:283:45: error: template argument 1 is invalid
  283 | class P_String : public P_ref<PyStringObject>
      |                                             ^
/home/gps/YEAR/src/GITS/YEAR_src_PLAY/SCRATCH_ZONE_20/in_Py2_OLD/SPIN_py/SPIN_py/Py_Wrap/P_ref.h: In constructor ‘P_String::P_String()’:
/home/gps/YEAR/src/GITS/YEAR_src_PLAY/SCRATCH_ZONE_20/in_Py2_OLD/SPIN_py/SPIN_py/Py_Wrap/P_ref.h:288:17: error: ‘ref’ was not declared in this scope; did you mean ‘erf’?
  288 |                 ref = NULL;
      |                 ^~~
      |                 erf
/home/gps/YEAR/src/GITS/YEAR_src_PLAY/SCRATCH_ZONE_20/in_Py2_OLD/SPIN_py/SPIN_py/Py_Wrap/P_ref.h: In constructor ‘P_String::P_String(const char*)’:
/home/gps/YEAR/src/GITS/YEAR_src_PLAY/SCRATCH_ZONE_20/in_Py2_OLD/SPIN_py/SPIN_py/Py_Wrap/P_ref.h:292:17: error: ‘ref’ was not declared in this scope; did you mean ‘erf’?
  292 |                 ref = NULL;
      |                 ^~~
      |                 erf
/home/gps/YEAR/src/GITS/YEAR_src_PLAY/SCRATCH_ZONE_20/in_Py2_OLD/SPIN_py/SPIN_py/Py_Wrap/P_ref.h: In constructor ‘P_String::P_String(const PyObject*)’:
/home/gps/YEAR/src/GITS/YEAR_src_PLAY/SCRATCH_ZONE_20/in_Py2_OLD/SPIN_py/SPIN_py/Py_Wrap/P_ref.h:297:17: error: ‘ref’ was not declared in this scope; did you mean ‘erf’?
  297 |                 ref = NULL;
      |                 ^~~
      |                 erf
/home/gps/YEAR/src/GITS/YEAR_src_PLAY/SCRATCH_ZONE_20/in_Py2_OLD/SPIN_py/SPIN_py/Py_Wrap/P_ref.h: In member function ‘const char* P_String::get_str() const’:
/home/gps/YEAR/src/GITS/YEAR_src_PLAY/SCRATCH_ZONE_20/in_Py2_OLD/SPIN_py/SPIN_py/Py_Wrap/P_ref.h:309:21: error: ‘is_null’ was not declared in this scope
  309 |                 if( is_null() ) return "";
      |                     ^~~~~~~
/home/gps/YEAR/src/GITS/YEAR_src_PLAY/SCRATCH_ZONE_20/in_Py2_OLD/SPIN_py/SPIN_py/Py_Wrap/P_ref.h:310:43: error: ‘py_ptr’ was not declared in this scope
  310 |                 return PyString_AsString( py_ptr() );
      |                                           ^~~~~~
/home/gps/YEAR/src/GITS/YEAR_src_PLAY/SCRATCH_ZONE_20/in_Py2_OLD/SPIN_py/SPIN_py/Py_Wrap/P_ref.h:310:24: error: ‘PyString_AsString’ was not declared in this scope
  310 |                 return PyString_AsString( py_ptr() );
      |                        ^~~~~~~~~~~~~~~~~
/home/gps/YEAR/src/GITS/YEAR_src_PLAY/SCRATCH_ZONE_20/in_Py2_OLD/SPIN_py/SPIN_py/Py_Wrap/P_ref.h: In member function ‘bool P_String::set_str(const PyObject*)’:
/home/gps/YEAR/src/GITS/YEAR_src_PLAY/SCRATCH_ZONE_20/in_Py2_OLD/SPIN_py/SPIN_py/Py_Wrap/P_ref.h:316:25: error: ‘claim_this’ was not declared in this scope
  316 |                         claim_this( (PyObject *)str ); // COPY ??
      |                         ^~~~~~~~~~
/home/gps/YEAR/src/GITS/YEAR_src_PLAY/SCRATCH_ZONE_20/in_Py2_OLD/SPIN_py/SPIN_py/Py_Wrap/P_ref.h:319:21: error: ‘PyString_Check’ was not declared in this scope; did you mean ‘PyMapping_Check’?
  319 |                 if(!PyString_Check( str ))
      |                     ^~~~~~~~~~~~~~
      |                     PyMapping_Check
/home/gps/YEAR/src/GITS/YEAR_src_PLAY/SCRATCH_ZONE_20/in_Py2_OLD/SPIN_py/SPIN_py/Py_Wrap/P_ref.h:326:17: error: ‘claim_this’ was not declared in this scope
  326 |                 claim_this( (PyObject *)str ); // COPY ??
      |                 ^~~~~~~~~~
/home/gps/YEAR/src/GITS/YEAR_src_PLAY/SCRATCH_ZONE_20/in_Py2_OLD/SPIN_py/SPIN_py/Py_Wrap/P_ref.h:327:24: error: ‘ref’ was not declared in this scope; did you mean ‘erf’?
  327 |                 return ref;
      |                        ^~~
      |                        erf
/home/gps/YEAR/src/GITS/YEAR_src_PLAY/SCRATCH_ZONE_20/in_Py2_OLD/SPIN_py/SPIN_py/Py_Wrap/P_ref.h: In member function ‘bool P_String::set_str(const char*)’:
/home/gps/YEAR/src/GITS/YEAR_src_PLAY/SCRATCH_ZONE_20/in_Py2_OLD/SPIN_py/SPIN_py/Py_Wrap/P_ref.h:331:30: error: ‘PyString_FromString’ was not declared in this scope; did you mean ‘PyLong_FromString’?
  331 |                 snatch_this( PyString_FromString( str ) );
      |                              ^~~~~~~~~~~~~~~~~~~
      |                              PyLong_FromString
/home/gps/YEAR/src/GITS/YEAR_src_PLAY/SCRATCH_ZONE_20/in_Py2_OLD/SPIN_py/SPIN_py/Py_Wrap/P_ref.h:331:17: error: ‘snatch_this’ was not declared in this scope
  331 |                 snatch_this( PyString_FromString( str ) );
      |                 ^~~~~~~~~~~
/home/gps/YEAR/src/GITS/YEAR_src_PLAY/SCRATCH_ZONE_20/in_Py2_OLD/SPIN_py/SPIN_py/Py_Wrap/P_ref.h:332:24: error: ‘ref’ was not declared in this scope; did you mean ‘erf’?
  332 |                 return ref;
      |                        ^~~
      |                        erf
/home/gps/YEAR/src/GITS/YEAR_src_PLAY/SCRATCH_ZONE_20/in_Py2_OLD/SPIN_py/SPIN_py/Py_Wrap/P_ref.h: In member function ‘void P_String::set_null()’:
/home/gps/YEAR/src/GITS/YEAR_src_PLAY/SCRATCH_ZONE_20/in_Py2_OLD/SPIN_py/SPIN_py/Py_Wrap/P_ref.h:336:17: error: ‘set_ptr_ok_snatch’ was not declared in this scope
  336 |                 set_ptr_ok_snatch(NULL);
      |                 ^~~~~~~~~~~~~~~~~
In file included from /tools/x86_64/py/include/python3.11/Python.h:38,
                 from /home/gps/YEAR/src/GITS/YEAR_src_PLAY/SCRATCH_ZONE_20/in_Py2_OLD/SPIN_py/SPIN_py/app_types.h:4,
                 from /home/gps/YEAR/src/GITS/YEAR_src_PLAY/SCRATCH_ZONE_20/in_Py2_OLD/SPIN_py/SPIN_py/SP_App/SP_App.h:11,
                 from /home/gps/YEAR/src/GITS/YEAR_src_PLAY/SCRATCH_ZONE_20/in_Py2_OLD/SPIN_py/SPIN_py/spin_misc/spin_py_mod.cxx:7:
/home/gps/YEAR/src/GITS/YEAR_src_PLAY/SCRATCH_ZONE_20/in_Py2_OLD/SPIN_py/SPIN_py/spin_misc/spin_py_mod.cxx: In function ‘PyObject* SPIN_string_type(PyObject*, PyObject*)’:
/home/gps/YEAR/src/GITS/YEAR_src_PLAY/SCRATCH_ZONE_20/in_Py2_OLD/SPIN_py/SPIN_py/spin_misc/spin_py_mod.cxx:92:22: error: ‘PyString_Type’ was not declared in this scope; did you mean ‘PySlice_Type’?
   92 |         Py_INCREF( & PyString_Type) ;
      |                      ^~~~~~~~~~~~~
/home/gps/YEAR/src/GITS/YEAR_src_PLAY/SCRATCH_ZONE_20/in_Py2_OLD/SPIN_py/SPIN_py/spin_misc/spin_py_mod.cxx: In function ‘void initspin_py()’:
/home/gps/YEAR/src/GITS/YEAR_src_PLAY/SCRATCH_ZONE_20/in_Py2_OLD/SPIN_py/SPIN_py/spin_misc/spin_py_mod.cxx:183:24: error: ‘Py_InitModule’ was not declared in this scope
  183 |                 (void) Py_InitModule((char *) "spin_py", SpinMethods);
      |                        ^~~~~~~~~~~~~
make[1]: *** [/home/gps/YEAR/src/GITS/YEAR_src_PLAY/SCRATCH_ZONE_20/in_Py2_OLD/SPIN_py/SPIN_Makefiles/MK_SPIN_compile:60: spin_py_mod.o] Error 1
make[1]: Leaving directory '/home/gps/YEAR/src/GITS/YEAR_src_PLAY/SCRATCH_ZONE_20/in_Py2_OLD/SPIN_py/SPIN_build_16_so_/SPIN_py'
make: *** [../SPIN_Makefiles/MK_SPIN_top_2:170: SPIN_py] Error 2
making SPIN_py
cd SPIN_py && \
env > /tmp/fa1 && \
make \
	xVPATH1=/home/gps/YEAR/src/GITS/YEAR_src_PLAY/SCRATCH_ZONE_20/in_Py2_OLD/SPIN_py/SPIN_py \
	OPT_DEBUG='-g' OPT_OPTIM='' OPT_CSET='-DSP_MULTI_BYTE ' OPT_PIC='-fPIC' OPT_LIBNAME='osp' OPT_LIB_EXT='so' OPT_THREADS='-DSP_MUTEX_PTHREADS ' src_sp='/home/gps/YEAR/src_build/SP/OpenSP-1.5.1_gps_build' src_spin='/home/gps/YEAR/src/GITS/YEAR_src_PLAY/SCRATCH_ZONE_20/in_Py2_OLD/SPIN_py' dir_SP_lib='/home/gps/YEAR/src/GITS/YEAR_src_PLAY/SCRATCH_ZONE_20/in_Py2_OLD/SPIN_py/SP_lib' LINKDIRS='-L/home/gps/YEAR/src/GITS/YEAR_src_PLAY/SCRATCH_ZONE_20/in_Py2_OLD/SPIN_py/SP_lib' PYTHON_INCLUDE='-I/tools/x86_64/py/include/python3.11' \
	-f /home/gps/YEAR/src/GITS/YEAR_src_PLAY/SCRATCH_ZONE_20/in_Py2_OLD/SPIN_py/SPIN_py/Makefile.app \
	-f /home/gps/YEAR/src/GITS/YEAR_src_PLAY/SCRATCH_ZONE_20/in_Py2_OLD/SPIN_py/SPIN_Makefiles/MK_SPIN_site \
	-f /home/gps/YEAR/src/GITS/YEAR_src_PLAY/SCRATCH_ZONE_20/in_Py2_OLD/SPIN_py/SPIN_Makefiles/MK_SPIN_prog \
	-f /home/gps/YEAR/src/GITS/YEAR_src_PLAY/SCRATCH_ZONE_20/in_Py2_OLD/SPIN_py/SPIN_Makefiles/MK_SPIN_compile \
	all
make[1]: Entering directory '/home/gps/YEAR/src/GITS/YEAR_src_PLAY/SCRATCH_ZONE_20/in_Py2_OLD/SPIN_py/SPIN_build_16_so_/SPIN_py'
cd /home/gps/YEAR/src/GITS/YEAR_src_PLAY/SCRATCH_ZONE_20/in_Py2_OLD/SPIN_py/SPIN_py/SP_App && make -f Makefile_src
make[2]: Entering directory '/home/gps/YEAR/src/GITS/YEAR_src_PLAY/SCRATCH_ZONE_20/in_Py2_OLD/SPIN_py/SPIN_py/SP_App'
make[2]: 'SP_App.cxx' is up to date.
make[2]: Leaving directory '/home/gps/YEAR/src/GITS/YEAR_src_PLAY/SCRATCH_ZONE_20/in_Py2_OLD/SPIN_py/SPIN_py/SP_App'
c++ -fno-implicit-templates -ansi -g -fPIC  -DSP_MULTI_BYTE  -DSP_MUTEX_PTHREADS  -DSP_HAVE_BOOL  -DSP_ANSI_CLASS_INST  -I/tools/x86_64/py/include/python3.11 -I/home/gps/G/prefix/SP/include/OpenSP -I.   -c /home/gps/YEAR/src/GITS/YEAR_src_PLAY/SCRATCH_ZONE_20/in_Py2_OLD/SPIN_py/SPIN_py/spin_misc/spin_py_mod.cxx
In file included from /home/gps/YEAR/src/GITS/YEAR_src_PLAY/SCRATCH_ZONE_20/in_Py2_OLD/SPIN_py/SPIN_py/Py_Wrap/P_util.h:4,
                 from /home/gps/YEAR/src/GITS/YEAR_src_PLAY/SCRATCH_ZONE_20/in_Py2_OLD/SPIN_py/SPIN_py/Py_Wrap/PY_Object_base.h:6,
                 from /home/gps/YEAR/src/GITS/YEAR_src_PLAY/SCRATCH_ZONE_20/in_Py2_OLD/SPIN_py/SPIN_py/elem_info/elem_info.h:8,
                 from /home/gps/YEAR/src/GITS/YEAR_src_PLAY/SCRATCH_ZONE_20/in_Py2_OLD/SPIN_py/SPIN_py/app_link/app_link.h:7,
                 from /home/gps/YEAR/src/GITS/YEAR_src_PLAY/SCRATCH_ZONE_20/in_Py2_OLD/SPIN_py/SPIN_py/SP_App/SP_App.h:12,
                 from /home/gps/YEAR/src/GITS/YEAR_src_PLAY/SCRATCH_ZONE_20/in_Py2_OLD/SPIN_py/SPIN_py/spin_misc/spin_py_mod.cxx:7:
/home/gps/YEAR/src/GITS/YEAR_src_PLAY/SCRATCH_ZONE_20/in_Py2_OLD/SPIN_py/SPIN_py/Py_Wrap/P_ref_base.h: In member function ‘bool P_ref_base_no_ref::is_Buffer()’:
/home/gps/YEAR/src/GITS/YEAR_src_PLAY/SCRATCH_ZONE_20/in_Py2_OLD/SPIN_py/SPIN_py/Py_Wrap/P_ref_base.h:116:45: error: ‘PyBuffer_Type’ was not declared in this scope; did you mean ‘PySuper_Type’?
  116 |         bool is_Buffer()        { is_TYPE( &PyBuffer_Type       ); }
      |                                             ^~~~~~~~~~~~~
      |                                             PySuper_Type
/home/gps/YEAR/src/GITS/YEAR_src_PLAY/SCRATCH_ZONE_20/in_Py2_OLD/SPIN_py/SPIN_py/Py_Wrap/P_ref_base.h: In member function ‘bool P_ref_base_no_ref::is_CObject()’:
/home/gps/YEAR/src/GITS/YEAR_src_PLAY/SCRATCH_ZONE_20/in_Py2_OLD/SPIN_py/SPIN_py/Py_Wrap/P_ref_base.h:118:45: error: ‘PyCObject_Type’ was not declared in this scope; did you mean ‘PyObject_Type’?
  118 |         bool is_CObject()       { is_TYPE( &PyCObject_Type      ); }
      |                                             ^~~~~~~~~~~~~~
      |                                             PyObject_Type
/home/gps/YEAR/src/GITS/YEAR_src_PLAY/SCRATCH_ZONE_20/in_Py2_OLD/SPIN_py/SPIN_py/Py_Wrap/P_ref_base.h: In member function ‘bool P_ref_base_no_ref::is_Class()’:
/home/gps/YEAR/src/GITS/YEAR_src_PLAY/SCRATCH_ZONE_20/in_Py2_OLD/SPIN_py/SPIN_py/Py_Wrap/P_ref_base.h:121:45: error: ‘PyClass_Type’ was not declared in this scope; did you mean ‘PyList_Type’?
  121 |         bool is_Class()         { is_TYPE( &PyClass_Type        ); }
      |                                             ^~~~~~~~~~~~
      |                                             PyList_Type
/home/gps/YEAR/src/GITS/YEAR_src_PLAY/SCRATCH_ZONE_20/in_Py2_OLD/SPIN_py/SPIN_py/Py_Wrap/P_ref_base.h: In member function ‘bool P_ref_base_no_ref::is_File()’:
/home/gps/YEAR/src/GITS/YEAR_src_PLAY/SCRATCH_ZONE_20/in_Py2_OLD/SPIN_py/SPIN_py/Py_Wrap/P_ref_base.h:124:45: error: ‘PyFile_Type’ was not declared in this scope; did you mean ‘PyFilter_Type’?
  124 |         bool is_File()          { is_TYPE( &PyFile_Type         ); }
      |                                             ^~~~~~~~~~~
      |                                             PyFilter_Type
/home/gps/YEAR/src/GITS/YEAR_src_PLAY/SCRATCH_ZONE_20/in_Py2_OLD/SPIN_py/SPIN_py/Py_Wrap/P_ref_base.h: In member function ‘bool P_ref_base_no_ref::is_Int()’:
/home/gps/YEAR/src/GITS/YEAR_src_PLAY/SCRATCH_ZONE_20/in_Py2_OLD/SPIN_py/SPIN_py/Py_Wrap/P_ref_base.h:127:45: error: ‘PyInt_Type’ was not declared in this scope; did you mean ‘PySet_Type’?
  127 |         bool is_Int()           { is_TYPE( &PyInt_Type          ); }
      |                                             ^~~~~~~~~~
      |                                             PySet_Type
/home/gps/YEAR/src/GITS/YEAR_src_PLAY/SCRATCH_ZONE_20/in_Py2_OLD/SPIN_py/SPIN_py/Py_Wrap/P_ref_base.h: In member function ‘bool P_ref_base_no_ref::is_String()’:
/home/gps/YEAR/src/GITS/YEAR_src_PLAY/SCRATCH_ZONE_20/in_Py2_OLD/SPIN_py/SPIN_py/Py_Wrap/P_ref_base.h:134:45: error: ‘PyString_Type’ was not declared in this scope; did you mean ‘PySlice_Type’?
  134 |         bool is_String()        { is_TYPE( &PyString_Type       ); }
      |                                             ^~~~~~~~~~~~~
      |                                             PySlice_Type
In file included from /home/gps/YEAR/src/GITS/YEAR_src_PLAY/SCRATCH_ZONE_20/in_Py2_OLD/SPIN_py/SPIN_py/Py_Wrap/P_util.h:6,
                 from /home/gps/YEAR/src/GITS/YEAR_src_PLAY/SCRATCH_ZONE_20/in_Py2_OLD/SPIN_py/SPIN_py/Py_Wrap/PY_Object_base.h:6,
                 from /home/gps/YEAR/src/GITS/YEAR_src_PLAY/SCRATCH_ZONE_20/in_Py2_OLD/SPIN_py/SPIN_py/elem_info/elem_info.h:8,
                 from /home/gps/YEAR/src/GITS/YEAR_src_PLAY/SCRATCH_ZONE_20/in_Py2_OLD/SPIN_py/SPIN_py/app_link/app_link.h:7,
                 from /home/gps/YEAR/src/GITS/YEAR_src_PLAY/SCRATCH_ZONE_20/in_Py2_OLD/SPIN_py/SPIN_py/SP_App/SP_App.h:12,
                 from /home/gps/YEAR/src/GITS/YEAR_src_PLAY/SCRATCH_ZONE_20/in_Py2_OLD/SPIN_py/SPIN_py/spin_misc/spin_py_mod.cxx:7:
/home/gps/YEAR/src/GITS/YEAR_src_PLAY/SCRATCH_ZONE_20/in_Py2_OLD/SPIN_py/SPIN_py/Py_Wrap/PY_Static.h: In static member function ‘static bool PY_Static::IS_String(PyObject*)’:
/home/gps/YEAR/src/GITS/YEAR_src_PLAY/SCRATCH_ZONE_20/in_Py2_OLD/SPIN_py/SPIN_py/Py_Wrap/PY_Static.h:37:31: error: ‘PyString_Check’ was not declared in this scope; did you mean ‘PyMapping_Check’?
   37 |                 return obj && PyString_Check( obj );
      |                               ^~~~~~~~~~~~~~
      |                               PyMapping_Check
/home/gps/YEAR/src/GITS/YEAR_src_PLAY/SCRATCH_ZONE_20/in_Py2_OLD/SPIN_py/SPIN_py/Py_Wrap/PY_Static.h: In static member function ‘static bool PY_Static::IS_Int(PyObject*)’:
/home/gps/YEAR/src/GITS/YEAR_src_PLAY/SCRATCH_ZONE_20/in_Py2_OLD/SPIN_py/SPIN_py/Py_Wrap/PY_Static.h:42:31: error: ‘PyInt_Check’ was not declared in this scope; did you mean ‘PySet_Check’?
   42 |                 return obj && PyInt_Check( obj );
      |                               ^~~~~~~~~~~
      |                               PySet_Check
/home/gps/YEAR/src/GITS/YEAR_src_PLAY/SCRATCH_ZONE_20/in_Py2_OLD/SPIN_py/SPIN_py/Py_Wrap/PY_Static.h: In static member function ‘static bool PY_Static::IS_Instance(PyObject*)’:
/home/gps/YEAR/src/GITS/YEAR_src_PLAY/SCRATCH_ZONE_20/in_Py2_OLD/SPIN_py/SPIN_py/Py_Wrap/PY_Static.h:62:31: error: ‘PyInstance_Check’ was not declared in this scope; did you mean ‘PyGILState_Check’?
   62 |                 return obj && PyInstance_Check( obj );
      |                               ^~~~~~~~~~~~~~~~
      |                               PyGILState_Check
/home/gps/YEAR/src/GITS/YEAR_src_PLAY/SCRATCH_ZONE_20/in_Py2_OLD/SPIN_py/SPIN_py/Py_Wrap/PY_Static.h: In static member function ‘static bool PY_Static::Expect_String(PyObject*)’:
/home/gps/YEAR/src/GITS/YEAR_src_PLAY/SCRATCH_ZONE_20/in_Py2_OLD/SPIN_py/SPIN_py/Py_Wrap/PY_Static.h:83:44: error: ‘PyString_Type’ was not declared in this scope; did you mean ‘PySlice_Type’?
   83 |                 return Expect_Type( obj, & PyString_Type );
      |                                            ^~~~~~~~~~~~~
      |                                            PySlice_Type
/home/gps/YEAR/src/GITS/YEAR_src_PLAY/SCRATCH_ZONE_20/in_Py2_OLD/SPIN_py/SPIN_py/Py_Wrap/PY_Static.h: In static member function ‘static bool PY_Static::Expect_Instance(PyObject*)’:
/home/gps/YEAR/src/GITS/YEAR_src_PLAY/SCRATCH_ZONE_20/in_Py2_OLD/SPIN_py/SPIN_py/Py_Wrap/PY_Static.h:103:44: error: ‘PyInstance_Type’ was not declared in this scope; did you mean ‘PyRange_Type’?
  103 |                 return Expect_Type( obj, & PyInstance_Type );
      |                                            ^~~~~~~~~~~~~~~
      |                                            PyRange_Type
In file included from /home/gps/YEAR/src/GITS/YEAR_src_PLAY/SCRATCH_ZONE_20/in_Py2_OLD/SPIN_py/SPIN_py/Py_Wrap/PY_Object_base.h:7,
                 from /home/gps/YEAR/src/GITS/YEAR_src_PLAY/SCRATCH_ZONE_20/in_Py2_OLD/SPIN_py/SPIN_py/elem_info/elem_info.h:8,
                 from /home/gps/YEAR/src/GITS/YEAR_src_PLAY/SCRATCH_ZONE_20/in_Py2_OLD/SPIN_py/SPIN_py/app_link/app_link.h:7,
                 from /home/gps/YEAR/src/GITS/YEAR_src_PLAY/SCRATCH_ZONE_20/in_Py2_OLD/SPIN_py/SPIN_py/SP_App/SP_App.h:12,
                 from /home/gps/YEAR/src/GITS/YEAR_src_PLAY/SCRATCH_ZONE_20/in_Py2_OLD/SPIN_py/SPIN_py/spin_misc/spin_py_mod.cxx:7:
/home/gps/YEAR/src/GITS/YEAR_src_PLAY/SCRATCH_ZONE_20/in_Py2_OLD/SPIN_py/SPIN_py/Py_Wrap/P_ref.h: At global scope:
/home/gps/YEAR/src/GITS/YEAR_src_PLAY/SCRATCH_ZONE_20/in_Py2_OLD/SPIN_py/SPIN_py/Py_Wrap/P_ref.h:9:28: error: ‘PyIntObject’ was not declared in this scope; did you mean ‘PySetObject’?
    9 | class P_Int : public P_ref<PyIntObject>
      |                            ^~~~~~~~~~~
      |                            PySetObject
/home/gps/YEAR/src/GITS/YEAR_src_PLAY/SCRATCH_ZONE_20/in_Py2_OLD/SPIN_py/SPIN_py/Py_Wrap/P_ref.h:9:39: error: template argument 1 is invalid
    9 | class P_Int : public P_ref<PyIntObject>
      |                                       ^
/home/gps/YEAR/src/GITS/YEAR_src_PLAY/SCRATCH_ZONE_20/in_Py2_OLD/SPIN_py/SPIN_py/Py_Wrap/P_ref.h:16:27: error: expected ‘)’ before ‘*’ token
   16 |         P_Int( PyIntObject * p )
      |              ~            ^~
      |                           )
/home/gps/YEAR/src/GITS/YEAR_src_PLAY/SCRATCH_ZONE_20/in_Py2_OLD/SPIN_py/SPIN_py/Py_Wrap/P_ref.h: In constructor ‘P_Int::P_Int(PyObject*)’:
/home/gps/YEAR/src/GITS/YEAR_src_PLAY/SCRATCH_ZONE_20/in_Py2_OLD/SPIN_py/SPIN_py/Py_Wrap/P_ref.h:22:21: error: ‘PyInt_Check’ was not declared in this scope; did you mean ‘PySet_Check’?
   22 |                 if( PyInt_Check( p ))
      |                     ^~~~~~~~~~~
      |                     PySet_Check
/home/gps/YEAR/src/GITS/YEAR_src_PLAY/SCRATCH_ZONE_20/in_Py2_OLD/SPIN_py/SPIN_py/Py_Wrap/P_ref.h:23:25: error: ‘set_ptr_ok_claim’ was not declared in this scope
   23 |                         set_ptr_ok_claim(p);
      |                         ^~~~~~~~~~~~~~~~
/home/gps/YEAR/src/GITS/YEAR_src_PLAY/SCRATCH_ZONE_20/in_Py2_OLD/SPIN_py/SPIN_py/Py_Wrap/P_ref.h: In member function ‘int P_Int::get_int() const’:
/home/gps/YEAR/src/GITS/YEAR_src_PLAY/SCRATCH_ZONE_20/in_Py2_OLD/SPIN_py/SPIN_py/Py_Wrap/P_ref.h:31:20: error: ‘is_null_error’ was not declared in this scope
   31 |                 if(is_null_error()) return 0;
      |                    ^~~~~~~~~~~~~
/home/gps/YEAR/src/GITS/YEAR_src_PLAY/SCRATCH_ZONE_20/in_Py2_OLD/SPIN_py/SPIN_py/Py_Wrap/P_ref.h:32:24: error: ‘ptr’ was not declared in this scope
   32 |                 return ptr()->ob_ival;
      |                        ^~~
/home/gps/YEAR/src/GITS/YEAR_src_PLAY/SCRATCH_ZONE_20/in_Py2_OLD/SPIN_py/SPIN_py/Py_Wrap/P_ref.h: In member function ‘void P_Int::set_int(int)’:
/home/gps/YEAR/src/GITS/YEAR_src_PLAY/SCRATCH_ZONE_20/in_Py2_OLD/SPIN_py/SPIN_py/Py_Wrap/P_ref.h:36:20: error: ‘is_null’ was not declared in this scope
   36 |                 if(is_null() || is_shared())
      |                    ^~~~~~~
/home/gps/YEAR/src/GITS/YEAR_src_PLAY/SCRATCH_ZONE_20/in_Py2_OLD/SPIN_py/SPIN_py/Py_Wrap/P_ref.h:36:33: error: ‘is_shared’ was not declared in this scope
   36 |                 if(is_null() || is_shared())
      |                                 ^~~~~~~~~
/home/gps/YEAR/src/GITS/YEAR_src_PLAY/SCRATCH_ZONE_20/in_Py2_OLD/SPIN_py/SPIN_py/Py_Wrap/P_ref.h:37:42: error: ‘PyIntObject’ was not declared in this scope; did you mean ‘PySetObject’?
   37 |                         set_ptr_snatch( (PyIntObject *) PyInt_FromLong( ival ));
      |                                          ^~~~~~~~~~~
      |                                          PySetObject
/home/gps/YEAR/src/GITS/YEAR_src_PLAY/SCRATCH_ZONE_20/in_Py2_OLD/SPIN_py/SPIN_py/Py_Wrap/P_ref.h:37:55: error: expected primary-expression before ‘)’ token
   37 |                         set_ptr_snatch( (PyIntObject *) PyInt_FromLong( ival ));
      |                                                       ^
/home/gps/YEAR/src/GITS/YEAR_src_PLAY/SCRATCH_ZONE_20/in_Py2_OLD/SPIN_py/SPIN_py/Py_Wrap/P_ref.h:37:25: error: ‘set_ptr_snatch’ was not declared in this scope
   37 |                         set_ptr_snatch( (PyIntObject *) PyInt_FromLong( ival ));
      |                         ^~~~~~~~~~~~~~
/home/gps/YEAR/src/GITS/YEAR_src_PLAY/SCRATCH_ZONE_20/in_Py2_OLD/SPIN_py/SPIN_py/Py_Wrap/P_ref.h:39:25: error: ‘ptr’ was not declared in this scope
   39 |                         ptr()->ob_ival = ival;
      |                         ^~~
/home/gps/YEAR/src/GITS/YEAR_src_PLAY/SCRATCH_ZONE_20/in_Py2_OLD/SPIN_py/SPIN_py/Py_Wrap/P_ref.h: At global scope:
/home/gps/YEAR/src/GITS/YEAR_src_PLAY/SCRATCH_ZONE_20/in_Py2_OLD/SPIN_py/SPIN_py/Py_Wrap/P_ref.h:283:31: error: ‘PyStringObject’ was not declared in this scope; did you mean ‘PySliceObject’?
  283 | class P_String : public P_ref<PyStringObject>
      |                               ^~~~~~~~~~~~~~
      |                               PySliceObject
/home/gps/YEAR/src/GITS/YEAR_src_PLAY/SCRATCH_ZONE_20/in_Py2_OLD/SPIN_py/SPIN_py/Py_Wrap/P_ref.h:283:45: error: template argument 1 is invalid
  283 | class P_String : public P_ref<PyStringObject>
      |                                             ^
/home/gps/YEAR/src/GITS/YEAR_src_PLAY/SCRATCH_ZONE_20/in_Py2_OLD/SPIN_py/SPIN_py/Py_Wrap/P_ref.h: In constructor ‘P_String::P_String()’:
/home/gps/YEAR/src/GITS/YEAR_src_PLAY/SCRATCH_ZONE_20/in_Py2_OLD/SPIN_py/SPIN_py/Py_Wrap/P_ref.h:288:17: error: ‘ref’ was not declared in this scope; did you mean ‘erf’?
  288 |                 ref = NULL;
      |                 ^~~
      |                 erf
/home/gps/YEAR/src/GITS/YEAR_src_PLAY/SCRATCH_ZONE_20/in_Py2_OLD/SPIN_py/SPIN_py/Py_Wrap/P_ref.h: In constructor ‘P_String::P_String(const char*)’:
/home/gps/YEAR/src/GITS/YEAR_src_PLAY/SCRATCH_ZONE_20/in_Py2_OLD/SPIN_py/SPIN_py/Py_Wrap/P_ref.h:292:17: error: ‘ref’ was not declared in this scope; did you mean ‘erf’?
  292 |                 ref = NULL;
      |                 ^~~
      |                 erf
/home/gps/YEAR/src/GITS/YEAR_src_PLAY/SCRATCH_ZONE_20/in_Py2_OLD/SPIN_py/SPIN_py/Py_Wrap/P_ref.h: In constructor ‘P_String::P_String(const PyObject*)’:
/home/gps/YEAR/src/GITS/YEAR_src_PLAY/SCRATCH_ZONE_20/in_Py2_OLD/SPIN_py/SPIN_py/Py_Wrap/P_ref.h:297:17: error: ‘ref’ was not declared in this scope; did you mean ‘erf’?
  297 |                 ref = NULL;
      |                 ^~~
      |                 erf
/home/gps/YEAR/src/GITS/YEAR_src_PLAY/SCRATCH_ZONE_20/in_Py2_OLD/SPIN_py/SPIN_py/Py_Wrap/P_ref.h: In member function ‘const char* P_String::get_str() const’:
/home/gps/YEAR/src/GITS/YEAR_src_PLAY/SCRATCH_ZONE_20/in_Py2_OLD/SPIN_py/SPIN_py/Py_Wrap/P_ref.h:309:21: error: ‘is_null’ was not declared in this scope
  309 |                 if( is_null() ) return "";
      |                     ^~~~~~~
/home/gps/YEAR/src/GITS/YEAR_src_PLAY/SCRATCH_ZONE_20/in_Py2_OLD/SPIN_py/SPIN_py/Py_Wrap/P_ref.h:310:43: error: ‘py_ptr’ was not declared in this scope
  310 |                 return PyString_AsString( py_ptr() );
      |                                           ^~~~~~
/home/gps/YEAR/src/GITS/YEAR_src_PLAY/SCRATCH_ZONE_20/in_Py2_OLD/SPIN_py/SPIN_py/Py_Wrap/P_ref.h:310:24: error: ‘PyString_AsString’ was not declared in this scope
  310 |                 return PyString_AsString( py_ptr() );
      |                        ^~~~~~~~~~~~~~~~~
/home/gps/YEAR/src/GITS/YEAR_src_PLAY/SCRATCH_ZONE_20/in_Py2_OLD/SPIN_py/SPIN_py/Py_Wrap/P_ref.h: In member function ‘bool P_String::set_str(const PyObject*)’:
/home/gps/YEAR/src/GITS/YEAR_src_PLAY/SCRATCH_ZONE_20/in_Py2_OLD/SPIN_py/SPIN_py/Py_Wrap/P_ref.h:316:25: error: ‘claim_this’ was not declared in this scope
  316 |                         claim_this( (PyObject *)str ); // COPY ??
      |                         ^~~~~~~~~~
/home/gps/YEAR/src/GITS/YEAR_src_PLAY/SCRATCH_ZONE_20/in_Py2_OLD/SPIN_py/SPIN_py/Py_Wrap/P_ref.h:319:21: error: ‘PyString_Check’ was not declared in this scope; did you mean ‘PyMapping_Check’?
  319 |                 if(!PyString_Check( str ))
      |                     ^~~~~~~~~~~~~~
      |                     PyMapping_Check
/home/gps/YEAR/src/GITS/YEAR_src_PLAY/SCRATCH_ZONE_20/in_Py2_OLD/SPIN_py/SPIN_py/Py_Wrap/P_ref.h:326:17: error: ‘claim_this’ was not declared in this scope
  326 |                 claim_this( (PyObject *)str ); // COPY ??
      |                 ^~~~~~~~~~
/home/gps/YEAR/src/GITS/YEAR_src_PLAY/SCRATCH_ZONE_20/in_Py2_OLD/SPIN_py/SPIN_py/Py_Wrap/P_ref.h:327:24: error: ‘ref’ was not declared in this scope; did you mean ‘erf’?
  327 |                 return ref;
      |                        ^~~
      |                        erf
/home/gps/YEAR/src/GITS/YEAR_src_PLAY/SCRATCH_ZONE_20/in_Py2_OLD/SPIN_py/SPIN_py/Py_Wrap/P_ref.h: In member function ‘bool P_String::set_str(const char*)’:
/home/gps/YEAR/src/GITS/YEAR_src_PLAY/SCRATCH_ZONE_20/in_Py2_OLD/SPIN_py/SPIN_py/Py_Wrap/P_ref.h:331:30: error: ‘PyString_FromString’ was not declared in this scope; did you mean ‘PyLong_FromString’?
  331 |                 snatch_this( PyString_FromString( str ) );
      |                              ^~~~~~~~~~~~~~~~~~~
      |                              PyLong_FromString
/home/gps/YEAR/src/GITS/YEAR_src_PLAY/SCRATCH_ZONE_20/in_Py2_OLD/SPIN_py/SPIN_py/Py_Wrap/P_ref.h:331:17: error: ‘snatch_this’ was not declared in this scope
  331 |                 snatch_this( PyString_FromString( str ) );
      |                 ^~~~~~~~~~~
/home/gps/YEAR/src/GITS/YEAR_src_PLAY/SCRATCH_ZONE_20/in_Py2_OLD/SPIN_py/SPIN_py/Py_Wrap/P_ref.h:332:24: error: ‘ref’ was not declared in this scope; did you mean ‘erf’?
  332 |                 return ref;
      |                        ^~~
      |                        erf
/home/gps/YEAR/src/GITS/YEAR_src_PLAY/SCRATCH_ZONE_20/in_Py2_OLD/SPIN_py/SPIN_py/Py_Wrap/P_ref.h: In member function ‘void P_String::set_null()’:
/home/gps/YEAR/src/GITS/YEAR_src_PLAY/SCRATCH_ZONE_20/in_Py2_OLD/SPIN_py/SPIN_py/Py_Wrap/P_ref.h:336:17: error: ‘set_ptr_ok_snatch’ was not declared in this scope
  336 |                 set_ptr_ok_snatch(NULL);
      |                 ^~~~~~~~~~~~~~~~~
In file included from /tools/x86_64/py/include/python3.11/Python.h:38,
                 from /home/gps/YEAR/src/GITS/YEAR_src_PLAY/SCRATCH_ZONE_20/in_Py2_OLD/SPIN_py/SPIN_py/app_types.h:4,
                 from /home/gps/YEAR/src/GITS/YEAR_src_PLAY/SCRATCH_ZONE_20/in_Py2_OLD/SPIN_py/SPIN_py/SP_App/SP_App.h:11,
                 from /home/gps/YEAR/src/GITS/YEAR_src_PLAY/SCRATCH_ZONE_20/in_Py2_OLD/SPIN_py/SPIN_py/spin_misc/spin_py_mod.cxx:7:
/home/gps/YEAR/src/GITS/YEAR_src_PLAY/SCRATCH_ZONE_20/in_Py2_OLD/SPIN_py/SPIN_py/spin_misc/spin_py_mod.cxx: In function ‘PyObject* SPIN_string_type(PyObject*, PyObject*)’:
/home/gps/YEAR/src/GITS/YEAR_src_PLAY/SCRATCH_ZONE_20/in_Py2_OLD/SPIN_py/SPIN_py/spin_misc/spin_py_mod.cxx:92:22: error: ‘PyString_Type’ was not declared in this scope; did you mean ‘PySlice_Type’?
   92 |         Py_INCREF( & PyString_Type) ;
      |                      ^~~~~~~~~~~~~
/home/gps/YEAR/src/GITS/YEAR_src_PLAY/SCRATCH_ZONE_20/in_Py2_OLD/SPIN_py/SPIN_py/spin_misc/spin_py_mod.cxx: In function ‘void initspin_py()’:
/home/gps/YEAR/src/GITS/YEAR_src_PLAY/SCRATCH_ZONE_20/in_Py2_OLD/SPIN_py/SPIN_py/spin_misc/spin_py_mod.cxx:183:24: error: ‘Py_InitModule’ was not declared in this scope
  183 |                 (void) Py_InitModule((char *) "spin_py", SpinMethods);
      |                        ^~~~~~~~~~~~~
make[1]: *** [/home/gps/YEAR/src/GITS/YEAR_src_PLAY/SCRATCH_ZONE_20/in_Py2_OLD/SPIN_py/SPIN_Makefiles/MK_SPIN_compile:60: spin_py_mod.o] Error 1
make[1]: Leaving directory '/home/gps/YEAR/src/GITS/YEAR_src_PLAY/SCRATCH_ZONE_20/in_Py2_OLD/SPIN_py/SPIN_build_16_so_/SPIN_py'
make: *** [../SPIN_Makefiles/MK_SPIN_top_2:170: SPIN_py] Error 2
